A!FILM_NAME!CLASS!SUBCLASS!ROTATION!OFFSET_X!OFFSET_Y!UNDEFINED_LINE_WIDTH!SHAPE_BOUNDING_BOX!PLOT_MODE!FILM_MIRRORED!FULL_CONTACT_THERMAL_RELIEFS!SUPPRESS_UNCONNECTED_PADS!DRAW_MISSING_PAD_APERTURES!USE_APERTURE_ROTATION!SUPPRESS_SHAPE_FILL!VECTOR_BASED_PAD_BEHAVIOR!
J!P:/cad/designs/uob-hep-pc053a/trunk/design_files/worklib/pc053a_toplevel/physical/pc053a_toplevel_33_ans_16-5_routed.brd!Nov 10 10:17:44 2016!426.2018!-315.1182!384.9302!-288.1258!4!millimeters!!!6!out of date!
S!etp!VIA CLASS!PASTEMASK_TOP!0!-315.1182!-288.1259!0.2540!1.0000!positive!no!no!no!no!no!no!yes!
S!etp!PIN!PASTEMASK_TOP!0!-315.1182!-288.1259!0.2540!1.0000!positive!no!no!no!no!no!no!yes!
S!etp!PACKAGE GEOMETRY!PASTEMASK_TOP!0!-315.1182!-288.1259!0.2540!1.0000!positive!no!no!no!no!no!no!yes!
S!etp!BOARD GEOMETRY!TOOLING_CORNERS!0!-315.1182!-288.1259!0.2540!1.0000!positive!no!no!no!no!no!no!yes!
S!etp!BOARD GEOMETRY!TEXT_ETP!0!-315.1182!-288.1259!0.2540!1.0000!positive!no!no!no!no!no!no!yes!
S!etp!BOARD GEOMETRY!CART_TOP!0!-315.1182!-288.1259!0.2540!1.0000!positive!no!no!no!no!no!no!yes!
S!ets!REF DES!SILKSCREEN_TOP!0!-315.1182!-288.1259!0.2540!1.0000!positive!no!no!no!no!no!no!yes!
S!ets!PACKAGE GEOMETRY!SILKSCREEN_TOP!0!-315.1182!-288.1259!0.2540!1.0000!positive!no!no!no!no!no!no!yes!
S!ets!BOARD GEOMETRY!TOOLING_CORNERS!0!-315.1182!-288.1259!0.2540!1.0000!positive!no!no!no!no!no!no!yes!
S!ets!BOARD GEOMETRY!SILKSCREEN_TOP!0!-315.1182!-288.1259!0.2540!1.0000!positive!no!no!no!no!no!no!yes!
S!ets!BOARD GEOMETRY!CART_TOP!0!-315.1182!-288.1259!0.2540!1.0000!positive!no!no!no!no!no!no!yes!
S!etm!VIA CLASS!SOLDERMASK_TOP!0!-315.1182!-288.1259!0.2540!1.0000!positive!no!no!no!no!no!no!yes!
S!etm!PIN!SOLDERMASK_TOP!0!-315.1182!-288.1259!0.2540!1.0000!positive!no!no!no!no!no!no!yes!
S!etm!PACKAGE GEOMETRY!SOLDERMASK_TOP!0!-315.1182!-288.1259!0.2540!1.0000!positive!no!no!no!no!no!no!yes!
S!etm!BOARD GEOMETRY!SOLDERMASK_TOP!0!-315.1182!-288.1259!0.2540!1.0000!positive!no!no!no!no!no!no!yes!
S!etm!BOARD GEOMETRY!CART_TOP!0!-315.1182!-288.1259!0.2540!1.0000!positive!no!no!no!no!no!no!yes!
S!etm!BOARD GEOMETRY!OUTLINE50!0!-315.1182!-288.1259!0.2540!1.0000!positive!no!no!no!no!no!no!yes!
S!ltop!VIA CLASS!TOP!0!-315.1182!-288.1259!0.2540!1.0000!positive!no!no!no!no!no!no!yes!
S!ltop!PIN!TOP!0!-315.1182!-288.1259!0.2540!1.0000!positive!no!no!no!no!no!no!yes!
S!ltop!ETCH!TOP!0!-315.1182!-288.1259!0.2540!1.0000!positive!no!no!no!no!no!no!yes!
S!ltop!BOARD GEOMETRY!ASSEMBLY_NOTES!0!-315.1182!-288.1259!0.2540!1.0000!positive!no!no!no!no!no!no!yes!
S!ltop!BOARD GEOMETRY!TOOLING_CORNERS!0!-315.1182!-288.1259!0.2540!1.0000!positive!no!no!no!no!no!no!yes!
S!ltop!BOARD GEOMETRY!TEXT_TOP!0!-315.1182!-288.1259!0.2540!1.0000!positive!no!no!no!no!no!no!yes!
S!ltop!BOARD GEOMETRY!CART_TOP!0!-315.1182!-288.1259!0.2540!1.0000!positive!no!no!no!no!no!no!yes!
S!l2pwr!ANTI ETCH!ALL!0!-315.1182!-288.1259!0.2540!1.0000!negative!no!no!no!no!no!no!yes!
S!l2pwr!ANTI ETCH!L2GND!0!-315.1182!-288.1259!0.2540!1.0000!negative!no!no!no!no!no!no!yes!
S!l2pwr!VIA CLASS!L2GND!0!-315.1182!-288.1259!0.2540!1.0000!negative!no!no!no!no!no!no!yes!
S!l2pwr!PIN!L2GND!0!-315.1182!-288.1259!0.2540!1.0000!negative!no!no!no!no!no!no!yes!
S!l2pwr!ETCH!L2GND!0!-315.1182!-288.1259!0.2540!1.0000!negative!no!no!no!no!no!no!yes!
S!l2pwr!BOARD GEOMETRY!ASSEMBLY_NOTES!0!-315.1182!-288.1259!0.2540!1.0000!negative!no!no!no!no!no!no!yes!
S!l2pwr!BOARD GEOMETRY!TEXT_L2PWR!0!-315.1182!-288.1259!0.2540!1.0000!negative!no!no!no!no!no!no!yes!
S!l2pwr!BOARD GEOMETRY!CART_BOTTOM!0!-315.1182!-288.1259!0.2540!1.0000!negative!no!no!no!no!no!no!yes!
S!l2pwr!BOARD GEOMETRY!OUTLINE50!0!-315.1182!-288.1259!0.2540!1.0000!negative!no!no!no!no!no!no!yes!
S!l3gnd!ANTI ETCH!ALL!0!-315.1182!-288.1259!0.2540!1.0000!negative!no!no!no!no!no!no!yes!
S!l3gnd!ANTI ETCH!L3PWR!0!-315.1182!-288.1259!0.2540!1.0000!negative!no!no!no!no!no!no!yes!
S!l3gnd!VIA CLASS!L3PWR!0!-315.1182!-288.1259!0.2540!1.0000!negative!no!no!no!no!no!no!yes!
S!l3gnd!PIN!L3PWR!0!-315.1182!-288.1259!0.2540!1.0000!negative!no!no!no!no!no!no!yes!
S!l3gnd!ETCH!L3PWR!0!-315.1182!-288.1259!0.2540!1.0000!negative!no!no!no!no!no!no!yes!
S!l3gnd!BOARD GEOMETRY!ASSEMBLY_NOTES!0!-315.1182!-288.1259!0.2540!1.0000!negative!no!no!no!no!no!no!yes!
S!l3gnd!BOARD GEOMETRY!TEXT_L3GND!0!-315.1182!-288.1259!0.2540!1.0000!negative!no!no!no!no!no!no!yes!
S!l3gnd!BOARD GEOMETRY!CART_TOP!0!-315.1182!-288.1259!0.2540!1.0000!negative!no!no!no!no!no!no!yes!
S!l3gnd!BOARD GEOMETRY!OUTLINE50!0!-315.1182!-288.1259!0.2540!1.0000!negative!no!no!no!no!no!no!yes!
S!lbot!VIA CLASS!BOTTOM!0!-315.1182!-288.1259!0.2540!1.0000!positive!no!no!no!no!no!no!yes!
S!lbot!PIN!BOTTOM!0!-315.1182!-288.1259!0.2540!1.0000!positive!no!no!no!no!no!no!yes!
S!lbot!ETCH!BOTTOM!0!-315.1182!-288.1259!0.2540!1.0000!positive!no!no!no!no!no!no!yes!
S!lbot!BOARD GEOMETRY!ASSEMBLY_NOTES!0!-315.1182!-288.1259!0.2540!1.0000!positive!no!no!no!no!no!no!yes!
S!lbot!BOARD GEOMETRY!TOOLING_CORNERS!0!-315.1182!-288.1259!0.2540!1.0000!positive!no!no!no!no!no!no!yes!
S!lbot!BOARD GEOMETRY!TEXT_BOTTOM!0!-315.1182!-288.1259!0.2540!1.0000!positive!no!no!no!no!no!no!yes!
S!lbot!BOARD GEOMETRY!CART_BOTTOM!0!-315.1182!-288.1259!0.2540!1.0000!positive!no!no!no!no!no!no!yes!
S!ebm!VIA CLASS!SOLDERMASK_BOTTOM!0!-315.1182!-288.1259!0.2540!1.0000!positive!no!no!no!no!no!no!yes!
S!ebm!PIN!SOLDERMASK_BOTTOM!0!-315.1182!-288.1259!0.2540!1.0000!positive!no!no!no!no!no!no!yes!
S!ebm!PACKAGE GEOMETRY!SOLDERMASK_BOTTOM!0!-315.1182!-288.1259!0.2540!1.0000!positive!no!no!no!no!no!no!yes!
S!ebm!BOARD GEOMETRY!SOLDERMASK_BOTTOM!0!-315.1182!-288.1259!0.2540!1.0000!positive!no!no!no!no!no!no!yes!
S!ebm!BOARD GEOMETRY!CART_BOTTOM!0!-315.1182!-288.1259!0.2540!1.0000!positive!no!no!no!no!no!no!yes!
S!ebm!BOARD GEOMETRY!OUTLINE50!0!-315.1182!-288.1259!0.2540!1.0000!positive!no!no!no!no!no!no!yes!
S!ebs!REF DES!SILKSCREEN_BOTTOM!0!-315.1182!-288.1259!0.2540!1.0000!positive!no!no!no!no!no!no!yes!
S!ebs!PACKAGE GEOMETRY!SILKSCREEN_BOTTOM!0!-315.1182!-288.1259!0.2540!1.0000!positive!no!no!no!no!no!no!yes!
S!ebs!BOARD GEOMETRY!TOOLING_CORNERS!0!-315.1182!-288.1259!0.2540!1.0000!positive!no!no!no!no!no!no!yes!
S!ebs!BOARD GEOMETRY!SILKSCREEN_BOTTOM!0!-315.1182!-288.1259!0.2540!1.0000!positive!no!no!no!no!no!no!yes!
S!ebs!BOARD GEOMETRY!CART_BOTTOM!0!-315.1182!-288.1259!0.2540!1.0000!positive!no!no!no!no!no!no!yes!
S!ebp!VIA CLASS!PASTEMASK_BOTTOM!0!-315.1182!-288.1259!0.2540!1.0000!positive!no!no!no!no!no!no!yes!
S!ebp!PIN!PASTEMASK_BOTTOM!0!-315.1182!-288.1259!0.2540!1.0000!positive!no!no!no!no!no!no!yes!
S!ebp!BOARD GEOMETRY!TOOLING_CORNERS!0!-315.1182!-288.1259!0.2540!1.0000!positive!no!no!no!no!no!no!yes!
S!ebp!BOARD GEOMETRY!TEXT_EBP!0!-315.1182!-288.1259!0.2540!1.0000!positive!no!no!no!no!no!no!yes!
S!ebp!BOARD GEOMETRY!CART_BOTTOM!0!-315.1182!-288.1259!0.2540!1.0000!positive!no!no!no!no!no!no!yes!
S!etc!BOARD GEOMETRY!OUTLINE!0!-315.1182!-288.1259!0.2540!1.0000!positive!no!no!no!no!no!no!yes!
S!drill-1-4!MANUFACTURING!NCLEGEND-1-4!0!-315.1182!-288.1259!0.2540!1.0000!positive!no!no!no!no!no!no!yes!
S!drill-1-4!DRAWING FORMAT!OUTLINE!0!-315.1182!-288.1259!0.2540!1.0000!positive!no!no!no!no!no!no!yes!
S!drill-1-4!BOARD GEOMETRY!OUTLINE!0!-315.1182!-288.1259!0.2540!1.0000!positive!no!no!no!no!no!no!yes!
S!drill-1-4!BOARD GEOMETRY!DIMENSION!0!-315.1182!-288.1259!0.2540!1.0000!positive!no!no!no!no!no!no!yes!
S!drill-1-4!BOARD GEOMETRY!CART_TOP!0!-315.1182!-288.1259!0.2540!1.0000!positive!no!no!no!no!no!no!yes!
S!pnl!BOARD GEOMETRY!CART_TOP!0!-315.1182!-288.1259!0.2540!1.0000!positive!no!no!no!no!no!no!yes!
S!pnl!BOARD GEOMETRY!PANEL!0!-315.1182!-288.1259!0.2540!1.0000!positive!no!no!no!no!no!no!yes!
