A!PAD_NAME!REC_NUMBER!LAYER!FIXFLAG!VIAFLAG!PADSHAPE1!PADWIDTH!PADHGHT!PADXOFF!PADYOFF!PADFLASH!PADSHAPENAME!TRELSHAPE1!TRELWIDTH!TRELHGHT!TRELXOFF!TRELYOFF!TRELFLASH!TRELSHAPENAME!APADSHAPE1!APADWIDTH!APADHGHT!APADXOFF!APADYOFF!APADFLASH!APADSHAPENAME!
J!P:/cad/designs/uob-hep-pc053a/trunk/design_files/worklib/pc053a_toplevel/physical/pc053a_toplevel_33_ans_16-5_routed.brd!Thu Nov 10 10:17:49 2016!-315.1182!-288.1258!426.2018!384.9302!0.0001!millimeters!PC053A_TOPLEVEL!61.913386 mil!6!OUT OF DATE!
S!C230H160!00001!TOP!o!!CIRCLE!2.3000!2.3000!0.0000!0.0000!!!CIRCLE!2.6000!2.6000!0.0000!0.0000!!!CIRCLE!2.6000!2.6000!0.0000!0.0000!!!
S!C230H160!00002!internal_pad_def!o!!CIRCLE!2.3000!2.3000!0.0000!0.0000!!!CIRCLE!2.6000!2.6000!0.0000!0.0000!!!CIRCLE!2.6000!2.6000!0.0000!0.0000!!!
S!C230H160!00003!L2GND!o!!CIRCLE!2.3000!2.3000!0.0000!0.0000!!!CIRCLE!2.6000!2.6000!0.0000!0.0000!!!CIRCLE!2.6000!2.6000!0.0000!0.0000!!!
S!C230H160!00004!INNER3!o!!CIRCLE!2.3000!2.3000!0.0000!0.0000!!!CIRCLE!2.6000!2.6000!0.0000!0.0000!!!CIRCLE!2.6000!2.6000!0.0000!0.0000!!!
S!C230H160!00005!INNER4!o!!CIRCLE!2.3000!2.3000!0.0000!0.0000!!!CIRCLE!2.6000!2.6000!0.0000!0.0000!!!CIRCLE!2.6000!2.6000!0.0000!0.0000!!!
S!C230H160!00006!L3PWR!o!!CIRCLE!2.3000!2.3000!0.0000!0.0000!!!CIRCLE!2.6000!2.6000!0.0000!0.0000!!!CIRCLE!2.6000!2.6000!0.0000!0.0000!!!
S!C230H160!00007!BOTTOM!o!!CIRCLE!2.3000!2.3000!0.0000!0.0000!!!CIRCLE!2.6000!2.6000!0.0000!0.0000!!!CIRCLE!2.6000!2.6000!0.0000!0.0000!!!
S!C230H160!00008!~TSM!o!!CIRCLE!2.3000!2.3000!0.0000!0.0000!!!!!!!!!!!!!!!!!
S!C230H160!00009!~BSM!o!!CIRCLE!2.3000!2.3000!0.0000!0.0000!!!!!!!!!!!!!!!!!
S!C230H160!00010!~TPM!o!!!0.0000!0.0000!0.0000!0.0000!!!!!!!!!!!!!!!!!
S!C230H160!00011!~BPM!o!!!0.0000!0.0000!0.0000!0.0000!!!!!!!!!!!!!!!!!
S!C230H160!00012!~TFM!o!!!0.0000!0.0000!0.0000!0.0000!!!!!!!!!!!!!!!!!
S!C230H160!00013!~BFM!o!!!0.0000!0.0000!0.0000!0.0000!!!!!!!!!!!!!!!!!
S!C230H160!00014!~DRILL!o!!1.6000!1.4000!1.4000!0.0000!0.0000!CROSS!P!!n!!!!!!CIRCLE_DRILL!CIRCLE_DRILL!0.0000!0.0000!!!!
S!C160H90!00001!TOP!o!!CIRCLE!1.6000!1.6000!0.0000!0.0000!!!CIRCLE!1.9000!1.9000!0.0000!0.0000!!!CIRCLE!1.9000!1.9000!0.0000!0.0000!!!
S!C160H90!00002!internal_pad_def!o!!CIRCLE!1.6000!1.6000!0.0000!0.0000!!!CIRCLE!1.9000!1.9000!0.0000!0.0000!!!CIRCLE!1.9000!1.9000!0.0000!0.0000!!!
S!C160H90!00003!L2GND!o!!CIRCLE!1.6000!1.6000!0.0000!0.0000!!!CIRCLE!1.9000!1.9000!0.0000!0.0000!!!CIRCLE!1.9000!1.9000!0.0000!0.0000!!!
S!C160H90!00004!INNER3!o!!CIRCLE!1.6000!1.6000!0.0000!0.0000!!!CIRCLE!1.9000!1.9000!0.0000!0.0000!!!CIRCLE!1.9000!1.9000!0.0000!0.0000!!!
S!C160H90!00005!INNER4!o!!CIRCLE!1.6000!1.6000!0.0000!0.0000!!!CIRCLE!1.9000!1.9000!0.0000!0.0000!!!CIRCLE!1.9000!1.9000!0.0000!0.0000!!!
S!C160H90!00006!L3PWR!o!!CIRCLE!1.6000!1.6000!0.0000!0.0000!!!CIRCLE!1.9000!1.9000!0.0000!0.0000!!!CIRCLE!1.9000!1.9000!0.0000!0.0000!!!
S!C160H90!00007!BOTTOM!o!!CIRCLE!1.6000!1.6000!0.0000!0.0000!!!CIRCLE!1.9000!1.9000!0.0000!0.0000!!!CIRCLE!1.9000!1.9000!0.0000!0.0000!!!
S!C160H90!00008!~TSM!o!!CIRCLE!1.6000!1.6000!0.0000!0.0000!!!!!!!!!!!!!!!!!
S!C160H90!00009!~BSM!o!!CIRCLE!1.6000!1.6000!0.0000!0.0000!!!!!!!!!!!!!!!!!
S!C160H90!00010!~TPM!o!!!0.0000!0.0000!0.0000!0.0000!!!!!!!!!!!!!!!!!
S!C160H90!00011!~BPM!o!!!0.0000!0.0000!0.0000!0.0000!!!!!!!!!!!!!!!!!
S!C160H90!00012!~TFM!o!!!0.0000!0.0000!0.0000!0.0000!!!!!!!!!!!!!!!!!
S!C160H90!00013!~BFM!o!!!0.0000!0.0000!0.0000!0.0000!!!!!!!!!!!!!!!!!
S!C160H90!00014!~DRILL!o!!0.9000!1.4000!1.4000!0.0000!0.0000!CROSS!P!!n!!!!!!CIRCLE_DRILL!CIRCLE_DRILL!0.0000!0.0000!!!!
S!C100HN325!00001!TOP!o!!CIRCLE!1.0000!1.0000!0.0000!0.0000!!!!0.0000!0.0000!0.0000!0.0000!!!CIRCLE!4.3000!4.3000!0.0000!0.0000!!!
S!C100HN325!00002!internal_pad_def!o!!CIRCLE!1.0000!1.0000!0.0000!0.0000!!!!0.0000!0.0000!0.0000!0.0000!!!CIRCLE!4.3000!4.3000!0.0000!0.0000!!!
S!C100HN325!00003!L2GND!o!!CIRCLE!1.0000!1.0000!0.0000!0.0000!!!!0.0000!0.0000!0.0000!0.0000!!!CIRCLE!4.3000!4.3000!0.0000!0.0000!!!
S!C100HN325!00004!INNER3!o!!CIRCLE!1.0000!1.0000!0.0000!0.0000!!!!0.0000!0.0000!0.0000!0.0000!!!CIRCLE!4.3000!4.3000!0.0000!0.0000!!!
S!C100HN325!00005!INNER4!o!!CIRCLE!1.0000!1.0000!0.0000!0.0000!!!!0.0000!0.0000!0.0000!0.0000!!!CIRCLE!4.3000!4.3000!0.0000!0.0000!!!
S!C100HN325!00006!L3PWR!o!!CIRCLE!1.0000!1.0000!0.0000!0.0000!!!!0.0000!0.0000!0.0000!0.0000!!!CIRCLE!4.3000!4.3000!0.0000!0.0000!!!
S!C100HN325!00007!BOTTOM!o!!CIRCLE!1.0000!1.0000!0.0000!0.0000!!!!0.0000!0.0000!0.0000!0.0000!!!CIRCLE!4.3000!4.3000!0.0000!0.0000!!!
S!C100HN325!00008!~TSM!o!!CIRCLE!3.2500!3.2500!0.0000!0.0000!!!!!!!!!!!!!!!!!
S!C100HN325!00009!~BSM!o!!CIRCLE!3.2500!3.2500!0.0000!0.0000!!!!!!!!!!!!!!!!!
S!C100HN325!00010!~TPM!o!!!0.0000!0.0000!0.0000!0.0000!!!!!!!!!!!!!!!!!
S!C100HN325!00011!~BPM!o!!!0.0000!0.0000!0.0000!0.0000!!!!!!!!!!!!!!!!!
S!C100HN325!00012!~TFM!o!!!0.0000!0.0000!0.0000!0.0000!!!!!!!!!!!!!!!!!
S!C100HN325!00013!~BFM!o!!!0.0000!0.0000!0.0000!0.0000!!!!!!!!!!!!!!!!!
S!C100HN325!00014!~DRILL!o!!3.2500!1.4000!1.4000!0.0000!0.0000!CROSS!N!!n!!!!!!CIRCLE_DRILL!CIRCLE_DRILL!0.0000!0.0000!!!!
S!MECH_100_80_PB!00001!TOP!o!!CIRCLE!2.0320!2.0320!0.0000!0.0000!!!CIRCLE!2.5400!2.5400!0.0000!0.0000!!!CIRCLE!2.5400!2.5400!0.0000!0.0000!!!
S!MECH_100_80_PB!00002!internal_pad_def!o!!CIRCLE!2.0320!2.0320!0.0000!0.0000!!!CIRCLE!2.5400!2.5400!0.0000!0.0000!!!CIRCLE!2.5400!2.5400!0.0000!0.0000!!!
S!MECH_100_80_PB!00003!L2GND!o!!CIRCLE!2.0320!2.0320!0.0000!0.0000!!!CIRCLE!2.5400!2.5400!0.0000!0.0000!!!CIRCLE!2.5400!2.5400!0.0000!0.0000!!!
S!MECH_100_80_PB!00004!INNER3!o!!CIRCLE!2.0320!2.0320!0.0000!0.0000!!!CIRCLE!2.5400!2.5400!0.0000!0.0000!!!CIRCLE!2.5400!2.5400!0.0000!0.0000!!!
S!MECH_100_80_PB!00005!INNER4!o!!CIRCLE!2.0320!2.0320!0.0000!0.0000!!!CIRCLE!2.5400!2.5400!0.0000!0.0000!!!CIRCLE!2.5400!2.5400!0.0000!0.0000!!!
S!MECH_100_80_PB!00006!L3PWR!o!!CIRCLE!2.0320!2.0320!0.0000!0.0000!!!CIRCLE!2.5400!2.5400!0.0000!0.0000!!!CIRCLE!2.5400!2.5400!0.0000!0.0000!!!
S!MECH_100_80_PB!00007!BOTTOM!o!!CIRCLE!2.0320!2.0320!0.0000!0.0000!!!CIRCLE!2.5400!2.5400!0.0000!0.0000!!!CIRCLE!2.5400!2.5400!0.0000!0.0000!!!
S!MECH_100_80_PB!00008!~TSM!o!!CIRCLE!2.2860!2.2860!0.0000!0.0000!!!!!!!!!!!!!!!!!
S!MECH_100_80_PB!00009!~BSM!o!!CIRCLE!2.2860!2.2860!0.0000!0.0000!!!!!!!!!!!!!!!!!
S!MECH_100_80_PB!00010!~TPM!o!!!0.0000!0.0000!0.0000!0.0000!!!!!!!!!!!!!!!!!
S!MECH_100_80_PB!00011!~BPM!o!!!0.0000!0.0000!0.0000!0.0000!!!!!!!!!!!!!!!!!
S!MECH_100_80_PB!00012!~TFM!o!!!0.0000!0.0000!0.0000!0.0000!!!!!!!!!!!!!!!!!
S!MECH_100_80_PB!00013!~BFM!o!!!0.0000!0.0000!0.0000!0.0000!!!!!!!!!!!!!!!!!
S!MECH_100_80_PB!00014!~DRILL!o!!2.0320!2.5400!2.5400!0.0000!0.0000!CIRCLE!N!!n!!!!!!CIRCLE_DRILL!CIRCLE_DRILL!0.0000!0.0000!!!!
S!PAD_80_60_PB!00001!TOP!o!!CIRCLE!2.0320!2.0320!0.0000!0.0000!!!CIRCLE!2.5400!2.5400!0.0000!0.0000!!!CIRCLE!2.5400!2.5400!0.0000!0.0000!!!
S!PAD_80_60_PB!00002!internal_pad_def!o!!CIRCLE!2.0320!2.0320!0.0000!0.0000!!!FLASH!2.5400!2.5400!0.0000!0.0000!TR_100_80_PB!TR_100_80_PB!CIRCLE!2.0320!2.0320!0.0000!0.0000!!!
S!PAD_80_60_PB!00003!L2GND!o!!CIRCLE!2.0320!2.0320!0.0000!0.0000!!!FLASH!2.5400!2.5400!0.0000!0.0000!TR_100_80_PB!!CIRCLE!2.0320!2.0320!0.0000!0.0000!!!
S!PAD_80_60_PB!00004!INNER3!o!!CIRCLE!2.0320!2.0320!0.0000!0.0000!!!FLASH!2.5400!2.5400!0.0000!0.0000!TR_100_80_PB!!CIRCLE!2.0320!2.0320!0.0000!0.0000!!!
S!PAD_80_60_PB!00005!INNER4!o!!CIRCLE!2.0320!2.0320!0.0000!0.0000!!!FLASH!2.5400!2.5400!0.0000!0.0000!TR_100_80_PB!!CIRCLE!2.0320!2.0320!0.0000!0.0000!!!
S!PAD_80_60_PB!00006!L3PWR!o!!CIRCLE!2.0320!2.0320!0.0000!0.0000!!!FLASH!2.5400!2.5400!0.0000!0.0000!TR_100_80_PB!!CIRCLE!2.0320!2.0320!0.0000!0.0000!!!
S!PAD_80_60_PB!00007!BOTTOM!o!!CIRCLE!2.0320!2.0320!0.0000!0.0000!!!CIRCLE!2.5400!2.5400!0.0000!0.0000!!!CIRCLE!2.5400!2.5400!0.0000!0.0000!!!
S!PAD_80_60_PB!00008!~TSM!o!!CIRCLE!2.2860!2.2860!0.0000!0.0000!!!!!!!!!!!!!!!!!
S!PAD_80_60_PB!00009!~BSM!o!!CIRCLE!2.2860!2.2860!0.0000!0.0000!!!!!!!!!!!!!!!!!
S!PAD_80_60_PB!00010!~TPM!o!!!0.0000!0.0000!0.0000!0.0000!!!!!!!!!!!!!!!!!
S!PAD_80_60_PB!00011!~BPM!o!!!0.0000!0.0000!0.0000!0.0000!!!!!!!!!!!!!!!!!
S!PAD_80_60_PB!00012!~TFM!o!!!0.0000!0.0000!0.0000!0.0000!!!!!!!!!!!!!!!!!
S!PAD_80_60_PB!00013!~BFM!o!!!0.0000!0.0000!0.0000!0.0000!!!!!!!!!!!!!!!!!
S!PAD_80_60_PB!00014!~DRILL!o!!1.5240!2.0320!2.0320!0.0000!0.0000!CIRCLE!P!A!n!!!!!!CIRCLE_DRILL!CIRCLE_DRILL!0.0000!0.0000!!!!
S!PAD_60_40_PB!00001!TOP!o!!CIRCLE!1.5240!1.5240!0.0000!0.0000!!!CIRCLE!2.0320!2.0320!0.0000!0.0000!!!CIRCLE!2.0320!2.0320!0.0000!0.0000!!!
S!PAD_60_40_PB!00002!internal_pad_def!o!!CIRCLE!1.5240!1.5240!0.0000!0.0000!!!FLASH!2.0320!2.0320!0.0000!0.0000!TR_80_60_PB!TR_80_60_PB!CIRCLE!2.0320!2.0320!0.0000!0.0000!!!
S!PAD_60_40_PB!00003!L2GND!o!!CIRCLE!1.5240!1.5240!0.0000!0.0000!!!FLASH!2.0320!2.0320!0.0000!0.0000!TR_80_60_PB!!CIRCLE!2.0320!2.0320!0.0000!0.0000!!!
S!PAD_60_40_PB!00004!INNER3!o!!CIRCLE!1.5240!1.5240!0.0000!0.0000!!!FLASH!2.0320!2.0320!0.0000!0.0000!TR_80_60_PB!!CIRCLE!2.0320!2.0320!0.0000!0.0000!!!
S!PAD_60_40_PB!00005!INNER4!o!!CIRCLE!1.5240!1.5240!0.0000!0.0000!!!FLASH!2.0320!2.0320!0.0000!0.0000!TR_80_60_PB!!CIRCLE!2.0320!2.0320!0.0000!0.0000!!!
S!PAD_60_40_PB!00006!L3PWR!o!!CIRCLE!1.5240!1.5240!0.0000!0.0000!!!FLASH!2.0320!2.0320!0.0000!0.0000!TR_80_60_PB!!CIRCLE!2.0320!2.0320!0.0000!0.0000!!!
S!PAD_60_40_PB!00007!BOTTOM!o!!CIRCLE!1.5240!1.5240!0.0000!0.0000!!!CIRCLE!2.0320!2.0320!0.0000!0.0000!!!CIRCLE!2.0320!2.0320!0.0000!0.0000!!!
S!PAD_60_40_PB!00008!~TSM!o!!CIRCLE!1.7780!1.7780!0.0000!0.0000!!!!!!!!!!!!!!!!!
S!PAD_60_40_PB!00009!~BSM!o!!CIRCLE!1.7780!1.7780!0.0000!0.0000!!!!!!!!!!!!!!!!!
S!PAD_60_40_PB!00010!~TPM!o!!!0.0000!0.0000!0.0000!0.0000!!!!!!!!!!!!!!!!!
S!PAD_60_40_PB!00011!~BPM!o!!!0.0000!0.0000!0.0000!0.0000!!!!!!!!!!!!!!!!!
S!PAD_60_40_PB!00012!~TFM!o!!!0.0000!0.0000!0.0000!0.0000!!!!!!!!!!!!!!!!!
S!PAD_60_40_PB!00013!~BFM!o!!!0.0000!0.0000!0.0000!0.0000!!!!!!!!!!!!!!!!!
S!PAD_60_40_PB!00014!~DRILL!o!!1.0160!1.5240!1.5240!0.0000!0.0000!CIRCLE!P!!n!!!!!!CIRCLE_DRILL!CIRCLE_DRILL!0.0000!0.0000!!!!
S!PAD_55_36_PB!00001!TOP!o!!CIRCLE!1.3970!1.3970!0.0000!0.0000!!!CIRCLE!1.9050!1.9050!0.0000!0.0000!!!CIRCLE!1.9050!1.9050!0.0000!0.0000!!!
S!PAD_55_36_PB!00002!internal_pad_def!o!!CIRCLE!1.3970!1.3970!0.0000!0.0000!!!FLASH!1.9050!1.9050!0.0000!0.0000!TR_75_55_PB!TR_75_55_PB!CIRCLE!1.9050!1.9050!0.0000!0.0000!!!
S!PAD_55_36_PB!00003!L2GND!o!!CIRCLE!1.3970!1.3970!0.0000!0.0000!!!FLASH!1.9050!1.9050!0.0000!0.0000!TR_75_55_PB!!CIRCLE!1.9050!1.9050!0.0000!0.0000!!!
S!PAD_55_36_PB!00004!INNER3!o!!CIRCLE!1.3970!1.3970!0.0000!0.0000!!!FLASH!1.9050!1.9050!0.0000!0.0000!TR_75_55_PB!!CIRCLE!1.9050!1.9050!0.0000!0.0000!!!
S!PAD_55_36_PB!00005!INNER4!o!!CIRCLE!1.3970!1.3970!0.0000!0.0000!!!FLASH!1.9050!1.9050!0.0000!0.0000!TR_75_55_PB!!CIRCLE!1.9050!1.9050!0.0000!0.0000!!!
S!PAD_55_36_PB!00006!L3PWR!o!!CIRCLE!1.3970!1.3970!0.0000!0.0000!!!FLASH!1.9050!1.9050!0.0000!0.0000!TR_75_55_PB!!CIRCLE!1.9050!1.9050!0.0000!0.0000!!!
S!PAD_55_36_PB!00007!BOTTOM!o!!CIRCLE!1.3970!1.3970!0.0000!0.0000!!!CIRCLE!1.9050!1.9050!0.0000!0.0000!!!CIRCLE!1.9050!1.9050!0.0000!0.0000!!!
S!PAD_55_36_PB!00008!~TSM!o!!CIRCLE!1.7780!1.7780!0.0000!0.0000!!!!!!!!!!!!!!!!!
S!PAD_55_36_PB!00009!~BSM!o!!CIRCLE!1.7780!1.7780!0.0000!0.0000!!!!!!!!!!!!!!!!!
S!PAD_55_36_PB!00010!~TPM!o!!!0.0000!0.0000!0.0000!0.0000!!!!!!!!!!!!!!!!!
S!PAD_55_36_PB!00011!~BPM!o!!!0.0000!0.0000!0.0000!0.0000!!!!!!!!!!!!!!!!!
S!PAD_55_36_PB!00012!~TFM!o!!!0.0000!0.0000!0.0000!0.0000!!!!!!!!!!!!!!!!!
S!PAD_55_36_PB!00013!~BFM!o!!!0.0000!0.0000!0.0000!0.0000!!!!!!!!!!!!!!!!!
S!PAD_55_36_PB!00014!~DRILL!o!!0.9144!1.3970!1.3970!0.0000!0.0000!CIRCLE!P!!n!!!!!!CIRCLE_DRILL!CIRCLE_DRILL!0.0000!0.0000!!!!
S!PAD_55_36D_PB!00001!TOP!o!!OCTAGON!1.3970!1.3970!0.0000!0.0000!!!CIRCLE!1.9050!1.9050!0.0000!0.0000!!!CIRCLE!1.9050!1.9050!0.0000!0.0000!!!
S!PAD_55_36D_PB!00002!internal_pad_def!o!!CIRCLE!1.3970!1.3970!0.0000!0.0000!!!FLASH!1.9050!1.9050!0.0000!0.0000!TR_75_55_PB!TR_75_55_PB!CIRCLE!1.9050!1.9050!0.0000!0.0000!!!
S!PAD_55_36D_PB!00003!L2GND!o!!CIRCLE!1.3970!1.3970!0.0000!0.0000!!!FLASH!1.9050!1.9050!0.0000!0.0000!TR_75_55_PB!!CIRCLE!1.9050!1.9050!0.0000!0.0000!!!
S!PAD_55_36D_PB!00004!INNER3!o!!CIRCLE!1.3970!1.3970!0.0000!0.0000!!!FLASH!1.9050!1.9050!0.0000!0.0000!TR_75_55_PB!!CIRCLE!1.9050!1.9050!0.0000!0.0000!!!
S!PAD_55_36D_PB!00005!INNER4!o!!CIRCLE!1.3970!1.3970!0.0000!0.0000!!!FLASH!1.9050!1.9050!0.0000!0.0000!TR_75_55_PB!!CIRCLE!1.9050!1.9050!0.0000!0.0000!!!
S!PAD_55_36D_PB!00006!L3PWR!o!!CIRCLE!1.3970!1.3970!0.0000!0.0000!!!FLASH!1.9050!1.9050!0.0000!0.0000!TR_75_55_PB!!CIRCLE!1.9050!1.9050!0.0000!0.0000!!!
S!PAD_55_36D_PB!00007!BOTTOM!o!!OCTAGON!1.3970!1.3970!0.0000!0.0000!!!CIRCLE!1.9050!1.9050!0.0000!0.0000!!!CIRCLE!1.9050!1.9050!0.0000!0.0000!!!
S!PAD_55_36D_PB!00008!~TSM!o!!OCTAGON!1.7780!1.7780!0.0000!0.0000!!!!!!!!!!!!!!!!!
S!PAD_55_36D_PB!00009!~BSM!o!!OCTAGON!1.7780!1.7780!0.0000!0.0000!!!!!!!!!!!!!!!!!
S!PAD_55_36D_PB!00010!~TPM!o!!!0.0000!0.0000!0.0000!0.0000!!!!!!!!!!!!!!!!!
S!PAD_55_36D_PB!00011!~BPM!o!!!0.0000!0.0000!0.0000!0.0000!!!!!!!!!!!!!!!!!
S!PAD_55_36D_PB!00012!~TFM!o!!!0.0000!0.0000!0.0000!0.0000!!!!!!!!!!!!!!!!!
S!PAD_55_36D_PB!00013!~BFM!o!!!0.0000!0.0000!0.0000!0.0000!!!!!!!!!!!!!!!!!
S!PAD_55_36D_PB!00014!~DRILL!o!!0.9144!1.3970!1.3970!0.0000!0.0000!CIRCLE!P!!n!!!!!!CIRCLE_DRILL!CIRCLE_DRILL!0.0000!0.0000!!!!
S!C170H100!00001!TOP!o!!CIRCLE!1.7000!1.7000!0.0000!0.0000!!!FLASH!2.0000!2.0000!0.0000!0.0000!THR_200X160_4X23!!CIRCLE!2.0000!2.0000!0.0000!0.0000!!!
S!C170H100!00002!internal_pad_def!o!!CIRCLE!1.7000!1.7000!0.0000!0.0000!!!FLASH!2.0000!2.0000!0.0000!0.0000!THR_200X160_4X23!THR_200X160_4X23!CIRCLE!2.0000!2.0000!0.0000!0.0000!!!
S!C170H100!00003!L2GND!o!!CIRCLE!1.7000!1.7000!0.0000!0.0000!!!FLASH!2.0000!2.0000!0.0000!0.0000!THR_200X160_4X23!!CIRCLE!2.0000!2.0000!0.0000!0.0000!!!
S!C170H100!00004!INNER3!o!!CIRCLE!1.7000!1.7000!0.0000!0.0000!!!FLASH!2.0000!2.0000!0.0000!0.0000!THR_200X160_4X23!!CIRCLE!2.0000!2.0000!0.0000!0.0000!!!
S!C170H100!00005!INNER4!o!!CIRCLE!1.7000!1.7000!0.0000!0.0000!!!FLASH!2.0000!2.0000!0.0000!0.0000!THR_200X160_4X23!!CIRCLE!2.0000!2.0000!0.0000!0.0000!!!
S!C170H100!00006!L3PWR!o!!CIRCLE!1.7000!1.7000!0.0000!0.0000!!!FLASH!2.0000!2.0000!0.0000!0.0000!THR_200X160_4X23!!CIRCLE!2.0000!2.0000!0.0000!0.0000!!!
S!C170H100!00007!BOTTOM!o!!CIRCLE!1.7000!1.7000!0.0000!0.0000!!!FLASH!2.0000!2.0000!0.0000!0.0000!THR_200X160_4X23!!CIRCLE!2.0000!2.0000!0.0000!0.0000!!!
S!C170H100!00008!~TSM!o!!CIRCLE!1.7000!1.7000!0.0000!0.0000!!!!!!!!!!!!!!!!!
S!C170H100!00009!~BSM!o!!CIRCLE!1.7000!1.7000!0.0000!0.0000!!!!!!!!!!!!!!!!!
S!C170H100!00010!~TPM!o!!!0.0000!0.0000!0.0000!0.0000!!!!!!!!!!!!!!!!!
S!C170H100!00011!~BPM!o!!!0.0000!0.0000!0.0000!0.0000!!!!!!!!!!!!!!!!!
S!C170H100!00012!~TFM!o!!!0.0000!0.0000!0.0000!0.0000!!!!!!!!!!!!!!!!!
S!C170H100!00013!~BFM!o!!!0.0000!0.0000!0.0000!0.0000!!!!!!!!!!!!!!!!!
S!C170H100!00014!~DRILL!o!!1.0000!1.4000!1.4000!0.0000!0.0000!CROSS!P!!n!!!!!!CIRCLE_DRILL!CIRCLE_DRILL!0.0000!0.0000!!!!
S!P95_PF!00001!TOP!o!!CIRCLE!1.6000!1.6000!0.0000!0.0000!!!FLASH!2.2860!2.2860!0.0000!0.0000!THR_65!!CIRCLE!2.2860!2.2860!0.0000!0.0000!!!
S!P95_PF!00002!internal_pad_def!o!!CIRCLE!1.6000!1.6000!0.0000!0.0000!!!FLASH!2.2860!2.2860!0.0000!0.0000!THR_65!THR_65!CIRCLE!2.2860!2.2860!0.0000!0.0000!!!
S!P95_PF!00003!L2GND!o!!CIRCLE!1.6000!1.6000!0.0000!0.0000!!!FLASH!2.2860!2.2860!0.0000!0.0000!THR_65!!CIRCLE!2.2860!2.2860!0.0000!0.0000!!!
S!P95_PF!00004!INNER3!o!!CIRCLE!1.6000!1.6000!0.0000!0.0000!!!FLASH!2.2860!2.2860!0.0000!0.0000!THR_65!!CIRCLE!2.2860!2.2860!0.0000!0.0000!!!
S!P95_PF!00005!INNER4!o!!CIRCLE!1.6000!1.6000!0.0000!0.0000!!!FLASH!2.2860!2.2860!0.0000!0.0000!THR_65!!CIRCLE!2.2860!2.2860!0.0000!0.0000!!!
S!P95_PF!00006!L3PWR!o!!CIRCLE!1.6000!1.6000!0.0000!0.0000!!!FLASH!2.2860!2.2860!0.0000!0.0000!THR_65!!CIRCLE!2.2860!2.2860!0.0000!0.0000!!!
S!P95_PF!00007!BOTTOM!o!!CIRCLE!1.6000!1.6000!0.0000!0.0000!!!FLASH!2.2860!2.2860!0.0000!0.0000!THR_65!!CIRCLE!2.2860!2.2860!0.0000!0.0000!!!
S!P95_PF!00008!~TSM!o!!CIRCLE!1.6000!1.6000!0.0000!0.0000!!!!!!!!!!!!!!!!!
S!P95_PF!00009!~BSM!o!!CIRCLE!1.6000!1.6000!0.0000!0.0000!!!!!!!!!!!!!!!!!
S!P95_PF!00010!~TPM!o!!!0.0000!0.0000!0.0000!0.0000!!!!!!!!!!!!!!!!!
S!P95_PF!00011!~BPM!o!!!0.0000!0.0000!0.0000!0.0000!!!!!!!!!!!!!!!!!
S!P95_PF!00012!~TFM!o!!!0.0000!0.0000!0.0000!0.0000!!!!!!!!!!!!!!!!!
S!P95_PF!00013!~BFM!o!!!0.0000!0.0000!0.0000!0.0000!!!!!!!!!!!!!!!!!
S!P95_PF!00014!~DRILL!o!!0.9500!1.6510!1.6510!0.0000!0.0000!OCTAGON!P!P!n!!!!!!CIRCLE_DRILL!CIRCLE_DRILL!0.0500!0.0500!!!!
S!C175H105_PF!00001!TOP!o!!CIRCLE!1.7500!1.7500!0.0000!0.0000!!!FLASH!2.2860!2.2860!0.0000!0.0000!THR_65!!CIRCLE!2.0500!2.0500!0.0000!0.0000!!!
S!C175H105_PF!00002!internal_pad_def!o!!CIRCLE!1.7500!1.7500!0.0000!0.0000!!!FLASH!2.2860!2.2860!0.0000!0.0000!THR_65!THR_65!CIRCLE!2.0500!2.0500!0.0000!0.0000!!!
S!C175H105_PF!00003!L2GND!o!!CIRCLE!1.7500!1.7500!0.0000!0.0000!!!FLASH!2.2860!2.2860!0.0000!0.0000!THR_65!!CIRCLE!2.0500!2.0500!0.0000!0.0000!!!
S!C175H105_PF!00004!INNER3!o!!CIRCLE!1.7500!1.7500!0.0000!0.0000!!!FLASH!2.2860!2.2860!0.0000!0.0000!THR_65!!CIRCLE!2.0500!2.0500!0.0000!0.0000!!!
S!C175H105_PF!00005!INNER4!o!!CIRCLE!1.7500!1.7500!0.0000!0.0000!!!FLASH!2.2860!2.2860!0.0000!0.0000!THR_65!!CIRCLE!2.0500!2.0500!0.0000!0.0000!!!
S!C175H105_PF!00006!L3PWR!o!!CIRCLE!1.7500!1.7500!0.0000!0.0000!!!FLASH!2.2860!2.2860!0.0000!0.0000!THR_65!!CIRCLE!2.0500!2.0500!0.0000!0.0000!!!
S!C175H105_PF!00007!BOTTOM!o!!CIRCLE!1.7500!1.7500!0.0000!0.0000!!!FLASH!2.2860!2.2860!0.0000!0.0000!THR_65!!CIRCLE!2.0500!2.0500!0.0000!0.0000!!!
S!C175H105_PF!00008!~TSM!o!!CIRCLE!1.7500!1.7500!0.0000!0.0000!!!!!!!!!!!!!!!!!
S!C175H105_PF!00009!~BSM!o!!CIRCLE!1.7500!1.7500!0.0000!0.0000!!!!!!!!!!!!!!!!!
S!C175H105_PF!00010!~TPM!o!!!0.0000!0.0000!0.0000!0.0000!!!!!!!!!!!!!!!!!
S!C175H105_PF!00011!~BPM!o!!!0.0000!0.0000!0.0000!0.0000!!!!!!!!!!!!!!!!!
S!C175H105_PF!00012!~TFM!o!!!0.0000!0.0000!0.0000!0.0000!!!!!!!!!!!!!!!!!
S!C175H105_PF!00013!~BFM!o!!!0.0000!0.0000!0.0000!0.0000!!!!!!!!!!!!!!!!!
S!C175H105_PF!00014!~DRILL!o!!1.0500!1.4000!1.4000!0.0000!0.0000!SQUARE!P!P!n!!!!!!CIRCLE_DRILL!CIRCLE_DRILL!0.0500!0.0500!!!!
S!P85!00001!TOP!o!!CIRCLE!1.5240!1.5240!0.0000!0.0000!!!FLASH!2.1336!2.1336!0.0000!0.0000!THR_60!!CIRCLE!2.1590!2.1590!0.0000!0.0000!!!
S!P85!00002!internal_pad_def!o!!CIRCLE!1.5240!1.5240!0.0000!0.0000!!!FLASH!2.1336!2.1336!0.0000!0.0000!THR_60!THR_60!CIRCLE!2.1590!2.1590!0.0000!0.0000!!!
S!P85!00003!L2GND!o!!CIRCLE!1.5240!1.5240!0.0000!0.0000!!!FLASH!2.1336!2.1336!0.0000!0.0000!THR_60!!CIRCLE!2.1590!2.1590!0.0000!0.0000!!!
S!P85!00004!INNER3!o!!CIRCLE!1.5240!1.5240!0.0000!0.0000!!!FLASH!2.1336!2.1336!0.0000!0.0000!THR_60!!CIRCLE!2.1590!2.1590!0.0000!0.0000!!!
S!P85!00005!INNER4!o!!CIRCLE!1.5240!1.5240!0.0000!0.0000!!!FLASH!2.1336!2.1336!0.0000!0.0000!THR_60!!CIRCLE!2.1590!2.1590!0.0000!0.0000!!!
S!P85!00006!L3PWR!o!!CIRCLE!1.5240!1.5240!0.0000!0.0000!!!FLASH!2.1336!2.1336!0.0000!0.0000!THR_60!!CIRCLE!2.1590!2.1590!0.0000!0.0000!!!
S!P85!00007!BOTTOM!o!!CIRCLE!1.5240!1.5240!0.0000!0.0000!!!FLASH!2.1336!2.1336!0.0000!0.0000!THR_60!!CIRCLE!2.1590!2.1590!0.0000!0.0000!!!
S!P85!00008!~TSM!o!!CIRCLE!1.5240!1.5240!0.0000!0.0000!!!!!!!!!!!!!!!!!
S!P85!00009!~BSM!o!!CIRCLE!1.5240!1.5240!0.0000!0.0000!!!!!!!!!!!!!!!!!
S!P85!00010!~TPM!o!!!0.0000!0.0000!0.0000!0.0000!!!!!!!!!!!!!!!!!
S!P85!00011!~BPM!o!!!0.0000!0.0000!0.0000!0.0000!!!!!!!!!!!!!!!!!
S!P85!00012!~TFM!o!!!0.0000!0.0000!0.0000!0.0000!!!!!!!!!!!!!!!!!
S!P85!00013!~BFM!o!!!0.0000!0.0000!0.0000!0.0000!!!!!!!!!!!!!!!!!
S!P85!00014!~DRILL!o!!0.8499!1.5240!1.5240!0.0000!0.0000!TRIANGLE_1!P!!n!!!!!!CIRCLE_DRILL!CIRCLE_DRILL!0.0000!0.0000!!!!
S!P100!00001!TOP!o!!CIRCLE!1.6002!1.6002!0.0000!0.0000!!!FLASH!2.2860!2.2860!0.0000!0.0000!THR_65!!CIRCLE!2.0320!2.0320!0.0000!0.0000!!!
S!P100!00002!internal_pad_def!o!!CIRCLE!1.6002!1.6002!0.0000!0.0000!!!FLASH!2.2860!2.2860!0.0000!0.0000!THR_65!THR_65!CIRCLE!2.0320!2.0320!0.0000!0.0000!!!
S!P100!00003!L2GND!o!!CIRCLE!1.6002!1.6002!0.0000!0.0000!!!FLASH!2.2860!2.2860!0.0000!0.0000!THR_65!!CIRCLE!2.0320!2.0320!0.0000!0.0000!!!
S!P100!00004!INNER3!o!!CIRCLE!1.6002!1.6002!0.0000!0.0000!!!FLASH!2.2860!2.2860!0.0000!0.0000!THR_65!!CIRCLE!2.0320!2.0320!0.0000!0.0000!!!
S!P100!00005!INNER4!o!!CIRCLE!1.6002!1.6002!0.0000!0.0000!!!FLASH!2.2860!2.2860!0.0000!0.0000!THR_65!!CIRCLE!2.0320!2.0320!0.0000!0.0000!!!
S!P100!00006!L3PWR!o!!CIRCLE!1.6002!1.6002!0.0000!0.0000!!!FLASH!2.2860!2.2860!0.0000!0.0000!THR_65!!CIRCLE!2.0320!2.0320!0.0000!0.0000!!!
S!P100!00007!BOTTOM!o!!CIRCLE!1.6002!1.6002!0.0000!0.0000!!!FLASH!2.2860!2.2860!0.0000!0.0000!THR_65!!CIRCLE!2.0320!2.0320!0.0000!0.0000!!!
S!P100!00008!~TSM!o!!CIRCLE!1.6002!1.6002!0.0000!0.0000!!!!!!!!!!!!!!!!!
S!P100!00009!~BSM!o!!CIRCLE!1.6002!1.6002!0.0000!0.0000!!!!!!!!!!!!!!!!!
S!P100!00010!~TPM!o!!!0.0000!0.0000!0.0000!0.0000!!!!!!!!!!!!!!!!!
S!P100!00011!~BPM!o!!!0.0000!0.0000!0.0000!0.0000!!!!!!!!!!!!!!!!!
S!P100!00012!~TFM!o!!!0.0000!0.0000!0.0000!0.0000!!!!!!!!!!!!!!!!!
S!P100!00013!~BFM!o!!!0.0000!0.0000!0.0000!0.0000!!!!!!!!!!!!!!!!!
S!P100!00014!~DRILL!o!!1.0160!1.6510!1.6510!0.0000!0.0000!OCTAGON!P!!n!!!!!!CIRCLE_DRILL!CIRCLE_DRILL!0.0000!0.0000!!!!
S!VIA60-30-85!00001!TOP!o!!CIRCLE!0.6000!0.6000!0.0000!0.0000!!!!0.0000!0.0000!0.0000!0.0000!!!CIRCLE!0.8500!0.8500!0.0000!0.0000!!!
S!VIA60-30-85!00002!internal_pad_def!o!!CIRCLE!0.6000!0.6000!0.0000!0.0000!!!!0.0000!0.0000!0.0000!0.0000!!!CIRCLE!0.8500!0.8500!0.0000!0.0000!!!
S!VIA60-30-85!00003!L2GND!o!!CIRCLE!0.6000!0.6000!0.0000!0.0000!!!!0.0000!0.0000!0.0000!0.0000!!!CIRCLE!0.8500!0.8500!0.0000!0.0000!!!
S!VIA60-30-85!00004!INNER3!o!!CIRCLE!0.6000!0.6000!0.0000!0.0000!!!!0.0000!0.0000!0.0000!0.0000!!!CIRCLE!0.8500!0.8500!0.0000!0.0000!!!
S!VIA60-30-85!00005!INNER4!o!!CIRCLE!0.6000!0.6000!0.0000!0.0000!!!!0.0000!0.0000!0.0000!0.0000!!!CIRCLE!0.8500!0.8500!0.0000!0.0000!!!
S!VIA60-30-85!00006!L3PWR!o!!CIRCLE!0.6000!0.6000!0.0000!0.0000!!!!0.0000!0.0000!0.0000!0.0000!!!CIRCLE!0.8500!0.8500!0.0000!0.0000!!!
S!VIA60-30-85!00007!BOTTOM!o!!CIRCLE!0.6000!0.6000!0.0000!0.0000!!!!0.0000!0.0000!0.0000!0.0000!!!CIRCLE!0.8500!0.8500!0.0000!0.0000!!!
S!VIA60-30-85!00008!~TSM!o!!!0.0000!0.0000!0.0000!0.0000!!!!!!!!!!!!!!!!!
S!VIA60-30-85!00009!~BSM!o!!!0.0000!0.0000!0.0000!0.0000!!!!!!!!!!!!!!!!!
S!VIA60-30-85!00010!~TPM!o!!!0.0000!0.0000!0.0000!0.0000!!!!!!!!!!!!!!!!!
S!VIA60-30-85!00011!~BPM!o!!!0.0000!0.0000!0.0000!0.0000!!!!!!!!!!!!!!!!!
S!VIA60-30-85!00012!~TFM!o!!!0.0000!0.0000!0.0000!0.0000!!!!!!!!!!!!!!!!!
S!VIA60-30-85!00013!~BFM!o!!!0.0000!0.0000!0.0000!0.0000!!!!!!!!!!!!!!!!!
S!VIA60-30-85!00014!~DRILL!o!!0.3000!0.7000!0.7000!0.0000!0.0000!CROSS!P!!n!!!!!!CIRCLE_DRILL!CIRCLE_DRILL!0.0000!0.0000!!!!
S!VIA80-40-110!00001!TOP!o!!CIRCLE!0.8000!0.8000!0.0000!0.0000!!!!0.0000!0.0000!0.0000!0.0000!!!CIRCLE!1.1000!1.1000!0.0000!0.0000!!!
S!VIA80-40-110!00002!internal_pad_def!o!!CIRCLE!0.8000!0.8000!0.0000!0.0000!!!!0.0000!0.0000!0.0000!0.0000!!!CIRCLE!1.1000!1.1000!0.0000!0.0000!!!
S!VIA80-40-110!00003!L2GND!o!!CIRCLE!0.8000!0.8000!0.0000!0.0000!!!!0.0000!0.0000!0.0000!0.0000!!!CIRCLE!1.1000!1.1000!0.0000!0.0000!!!
S!VIA80-40-110!00004!INNER3!o!!CIRCLE!0.8000!0.8000!0.0000!0.0000!!!!0.0000!0.0000!0.0000!0.0000!!!CIRCLE!1.1000!1.1000!0.0000!0.0000!!!
S!VIA80-40-110!00005!INNER4!o!!CIRCLE!0.8000!0.8000!0.0000!0.0000!!!!0.0000!0.0000!0.0000!0.0000!!!CIRCLE!1.1000!1.1000!0.0000!0.0000!!!
S!VIA80-40-110!00006!L3PWR!o!!CIRCLE!0.8000!0.8000!0.0000!0.0000!!!!0.0000!0.0000!0.0000!0.0000!!!CIRCLE!1.1000!1.1000!0.0000!0.0000!!!
S!VIA80-40-110!00007!BOTTOM!o!!CIRCLE!0.8000!0.8000!0.0000!0.0000!!!!0.0000!0.0000!0.0000!0.0000!!!CIRCLE!1.1000!1.1000!0.0000!0.0000!!!
S!VIA80-40-110!00008!~TSM!o!!!0.0000!0.0000!0.0000!0.0000!!!!!!!!!!!!!!!!!
S!VIA80-40-110!00009!~BSM!o!!!0.0000!0.0000!0.0000!0.0000!!!!!!!!!!!!!!!!!
S!VIA80-40-110!00010!~TPM!o!!!0.0000!0.0000!0.0000!0.0000!!!!!!!!!!!!!!!!!
S!VIA80-40-110!00011!~BPM!o!!!0.0000!0.0000!0.0000!0.0000!!!!!!!!!!!!!!!!!
S!VIA80-40-110!00012!~TFM!o!!!0.0000!0.0000!0.0000!0.0000!!!!!!!!!!!!!!!!!
S!VIA80-40-110!00013!~BFM!o!!!0.0000!0.0000!0.0000!0.0000!!!!!!!!!!!!!!!!!
S!VIA80-40-110!00014!~DRILL!o!!0.4000!0.7000!0.7000!0.0000!0.0000!CIRCLE!P!!n!!!!!!CIRCLE_DRILL!CIRCLE_DRILL!0.0000!0.0000!!!!
S!P105!00001!TOP!o!!CIRCLE!1.6002!1.6002!0.0000!0.0000!!!FLASH!2.2860!2.2860!0.0000!0.0000!THR_65!!CIRCLE!2.2860!2.2860!0.0000!0.0000!!!
S!P105!00002!internal_pad_def!o!!CIRCLE!1.6002!1.6002!0.0000!0.0000!!!FLASH!2.2860!2.2860!0.0000!0.0000!THR_65!THR_65!CIRCLE!2.2860!2.2860!0.0000!0.0000!!!
S!P105!00003!L2GND!o!!CIRCLE!1.6002!1.6002!0.0000!0.0000!!!FLASH!2.2860!2.2860!0.0000!0.0000!THR_65!!CIRCLE!2.2860!2.2860!0.0000!0.0000!!!
S!P105!00004!INNER3!o!!CIRCLE!1.6002!1.6002!0.0000!0.0000!!!FLASH!2.2860!2.2860!0.0000!0.0000!THR_65!!CIRCLE!2.2860!2.2860!0.0000!0.0000!!!
S!P105!00005!INNER4!o!!CIRCLE!1.6002!1.6002!0.0000!0.0000!!!FLASH!2.2860!2.2860!0.0000!0.0000!THR_65!!CIRCLE!2.2860!2.2860!0.0000!0.0000!!!
S!P105!00006!L3PWR!o!!CIRCLE!1.6002!1.6002!0.0000!0.0000!!!FLASH!2.2860!2.2860!0.0000!0.0000!THR_65!!CIRCLE!2.2860!2.2860!0.0000!0.0000!!!
S!P105!00007!BOTTOM!o!!CIRCLE!1.6002!1.6002!0.0000!0.0000!!!FLASH!2.2860!2.2860!0.0000!0.0000!THR_65!!CIRCLE!2.2860!2.2860!0.0000!0.0000!!!
S!P105!00008!~TSM!o!!CIRCLE!1.6002!1.6002!0.0000!0.0000!!!!!!!!!!!!!!!!!
S!P105!00009!~BSM!o!!CIRCLE!1.6002!1.6002!0.0000!0.0000!!!!!!!!!!!!!!!!!
S!P105!00010!~TPM!o!!!0.0000!0.0000!0.0000!0.0000!!!!!!!!!!!!!!!!!
S!P105!00011!~BPM!o!!!0.0000!0.0000!0.0000!0.0000!!!!!!!!!!!!!!!!!
S!P105!00012!~TFM!o!!!0.0000!0.0000!0.0000!0.0000!!!!!!!!!!!!!!!!!
S!P105!00013!~BFM!o!!!0.0000!0.0000!0.0000!0.0000!!!!!!!!!!!!!!!!!
S!P105!00014!~DRILL!o!!1.0498!1.5000!1.5000!0.0000!0.0000!DIAMOND!P!!n!!!!!!CIRCLE_DRILL!CIRCLE_DRILL!0.0000!0.0000!!!!
S!C320H250!00001!TOP!o!!CIRCLE!3.2000!3.2000!0.0000!0.0000!!!!0.0000!0.0000!0.0000!0.0000!!!CIRCLE!3.5000!3.5000!0.0000!0.0000!!!
S!C320H250!00002!internal_pad_def!o!!CIRCLE!3.2000!3.2000!0.0000!0.0000!!!!0.0000!0.0000!0.0000!0.0000!!!CIRCLE!3.5000!3.5000!0.0000!0.0000!!!
S!C320H250!00003!L2GND!o!!CIRCLE!3.2000!3.2000!0.0000!0.0000!!!!0.0000!0.0000!0.0000!0.0000!!!CIRCLE!3.5000!3.5000!0.0000!0.0000!!!
S!C320H250!00004!INNER3!o!!CIRCLE!3.2000!3.2000!0.0000!0.0000!!!!0.0000!0.0000!0.0000!0.0000!!!CIRCLE!3.5000!3.5000!0.0000!0.0000!!!
S!C320H250!00005!INNER4!o!!CIRCLE!3.2000!3.2000!0.0000!0.0000!!!!0.0000!0.0000!0.0000!0.0000!!!CIRCLE!3.5000!3.5000!0.0000!0.0000!!!
S!C320H250!00006!L3PWR!o!!CIRCLE!3.2000!3.2000!0.0000!0.0000!!!!0.0000!0.0000!0.0000!0.0000!!!CIRCLE!3.5000!3.5000!0.0000!0.0000!!!
S!C320H250!00007!BOTTOM!o!!CIRCLE!3.2000!3.2000!0.0000!0.0000!!!!0.0000!0.0000!0.0000!0.0000!!!CIRCLE!3.5000!3.5000!0.0000!0.0000!!!
S!C320H250!00008!~TSM!o!!CIRCLE!3.2000!3.2000!0.0000!0.0000!!!!!!!!!!!!!!!!!
S!C320H250!00009!~BSM!o!!CIRCLE!3.2000!3.2000!0.0000!0.0000!!!!!!!!!!!!!!!!!
S!C320H250!00010!~TPM!o!!!0.0000!0.0000!0.0000!0.0000!!!!!!!!!!!!!!!!!
S!C320H250!00011!~BPM!o!!!0.0000!0.0000!0.0000!0.0000!!!!!!!!!!!!!!!!!
S!C320H250!00012!~TFM!o!!!0.0000!0.0000!0.0000!0.0000!!!!!!!!!!!!!!!!!
S!C320H250!00013!~BFM!o!!!0.0000!0.0000!0.0000!0.0000!!!!!!!!!!!!!!!!!
S!C320H250!00014!~DRILL!o!!2.5000!2.5000!2.5000!0.0000!0.0000!TRIANGLE_1!P!!n!!!!!!CIRCLE_DRILL!CIRCLE_DRILL!0.0000!0.0000!!!!
S!P70!00001!TOP!o!!CIRCLE!1.3970!1.3970!0.0000!0.0000!!!FLASH!2.0320!2.0320!0.0000!0.0000!THR_55!!CIRCLE!1.7780!1.7780!0.0000!0.0000!!!
S!P70!00002!internal_pad_def!o!!CIRCLE!1.3970!1.3970!0.0000!0.0000!!!FLASH!2.0320!2.0320!0.0000!0.0000!THR_55!THR_55!CIRCLE!1.7780!1.7780!0.0000!0.0000!!!
S!P70!00003!L2GND!o!!CIRCLE!1.3970!1.3970!0.0000!0.0000!!!FLASH!2.0320!2.0320!0.0000!0.0000!THR_55!!CIRCLE!1.7780!1.7780!0.0000!0.0000!!!
S!P70!00004!INNER3!o!!CIRCLE!1.3970!1.3970!0.0000!0.0000!!!FLASH!2.0320!2.0320!0.0000!0.0000!THR_55!!CIRCLE!1.7780!1.7780!0.0000!0.0000!!!
S!P70!00005!INNER4!o!!CIRCLE!1.3970!1.3970!0.0000!0.0000!!!FLASH!2.0320!2.0320!0.0000!0.0000!THR_55!!CIRCLE!1.7780!1.7780!0.0000!0.0000!!!
S!P70!00006!L3PWR!o!!CIRCLE!1.3970!1.3970!0.0000!0.0000!!!FLASH!2.0320!2.0320!0.0000!0.0000!THR_55!!CIRCLE!1.7780!1.7780!0.0000!0.0000!!!
S!P70!00007!BOTTOM!o!!CIRCLE!1.3970!1.3970!0.0000!0.0000!!!FLASH!2.0320!2.0320!0.0000!0.0000!THR_55!!CIRCLE!1.7780!1.7780!0.0000!0.0000!!!
S!P70!00008!~TSM!o!!CIRCLE!1.3970!1.3970!0.0000!0.0000!!!!!!!!!!!!!!!!!
S!P70!00009!~BSM!o!!CIRCLE!1.3970!1.3970!0.0000!0.0000!!!!!!!!!!!!!!!!!
S!P70!00010!~TPM!o!!!0.0000!0.0000!0.0000!0.0000!!!!!!!!!!!!!!!!!
S!P70!00011!~BPM!o!!!0.0000!0.0000!0.0000!0.0000!!!!!!!!!!!!!!!!!
S!P70!00012!~TFM!o!!!0.0000!0.0000!0.0000!0.0000!!!!!!!!!!!!!!!!!
S!P70!00013!~BFM!o!!!0.0000!0.0000!0.0000!0.0000!!!!!!!!!!!!!!!!!
S!P70!00014!~DRILL!o!!0.7112!0.6000!1.0000!0.0000!0.0000!OBLONG_Y!P!!n!!!!!!CIRCLE_DRILL!CIRCLE_DRILL!0.0000!0.0000!!!!
S!C100HN140!00001!TOP!o!!CIRCLE!1.0000!1.0000!0.0000!0.0000!!!!0.0000!0.0000!0.0000!0.0000!!!CIRCLE!2.2500!2.2500!0.0000!0.0000!!!
S!C100HN140!00002!internal_pad_def!o!!CIRCLE!1.0000!1.0000!0.0000!0.0000!!!!0.0000!0.0000!0.0000!0.0000!!!CIRCLE!2.2500!2.2500!0.0000!0.0000!!!
S!C100HN140!00003!L2GND!o!!CIRCLE!1.0000!1.0000!0.0000!0.0000!!!!0.0000!0.0000!0.0000!0.0000!!!CIRCLE!2.2500!2.2500!0.0000!0.0000!!!
S!C100HN140!00004!INNER3!o!!CIRCLE!1.0000!1.0000!0.0000!0.0000!!!!0.0000!0.0000!0.0000!0.0000!!!CIRCLE!2.2500!2.2500!0.0000!0.0000!!!
S!C100HN140!00005!INNER4!o!!CIRCLE!1.0000!1.0000!0.0000!0.0000!!!!0.0000!0.0000!0.0000!0.0000!!!CIRCLE!2.2500!2.2500!0.0000!0.0000!!!
S!C100HN140!00006!L3PWR!o!!CIRCLE!1.0000!1.0000!0.0000!0.0000!!!!0.0000!0.0000!0.0000!0.0000!!!CIRCLE!2.2500!2.2500!0.0000!0.0000!!!
S!C100HN140!00007!BOTTOM!o!!CIRCLE!1.0000!1.0000!0.0000!0.0000!!!!0.0000!0.0000!0.0000!0.0000!!!CIRCLE!2.2500!2.2500!0.0000!0.0000!!!
S!C100HN140!00008!~TSM!o!!CIRCLE!1.0000!1.0000!0.0000!0.0000!!!!!!!!!!!!!!!!!
S!C100HN140!00009!~BSM!o!!CIRCLE!1.0000!1.0000!0.0000!0.0000!!!!!!!!!!!!!!!!!
S!C100HN140!00010!~TPM!o!!!0.0000!0.0000!0.0000!0.0000!!!!!!!!!!!!!!!!!
S!C100HN140!00011!~BPM!o!!!0.0000!0.0000!0.0000!0.0000!!!!!!!!!!!!!!!!!
S!C100HN140!00012!~TFM!o!!!0.0000!0.0000!0.0000!0.0000!!!!!!!!!!!!!!!!!
S!C100HN140!00013!~BFM!o!!!0.0000!0.0000!0.0000!0.0000!!!!!!!!!!!!!!!!!
S!C100HN140!00014!~DRILL!o!!1.4000!1.4000!1.4000!0.0000!0.0000!RECTANGLE!N!N!n!!!!!!CIRCLE_DRILL!CIRCLE_DRILL!0.0000!0.0000!!!!
S!P80!00001!TOP!o!!CIRCLE!1.3970!1.3970!0.0000!0.0000!!!FLASH!2.0320!2.0320!0.0000!0.0000!THR_55!!CIRCLE!1.9050!1.9050!0.0000!0.0000!!!
S!P80!00002!internal_pad_def!o!!CIRCLE!1.3970!1.3970!0.0000!0.0000!!!FLASH!2.0320!2.0320!0.0000!0.0000!THR_55!THR_55!CIRCLE!1.9050!1.9050!0.0000!0.0000!!!
S!P80!00003!L2GND!o!!CIRCLE!1.3970!1.3970!0.0000!0.0000!!!FLASH!2.0320!2.0320!0.0000!0.0000!THR_55!!CIRCLE!1.9050!1.9050!0.0000!0.0000!!!
S!P80!00004!INNER3!o!!CIRCLE!1.3970!1.3970!0.0000!0.0000!!!FLASH!2.0320!2.0320!0.0000!0.0000!THR_55!!CIRCLE!1.9050!1.9050!0.0000!0.0000!!!
S!P80!00005!INNER4!o!!CIRCLE!1.3970!1.3970!0.0000!0.0000!!!FLASH!2.0320!2.0320!0.0000!0.0000!THR_55!!CIRCLE!1.9050!1.9050!0.0000!0.0000!!!
S!P80!00006!L3PWR!o!!CIRCLE!1.3970!1.3970!0.0000!0.0000!!!FLASH!2.0320!2.0320!0.0000!0.0000!THR_55!!CIRCLE!1.9050!1.9050!0.0000!0.0000!!!
S!P80!00007!BOTTOM!o!!CIRCLE!1.3970!1.3970!0.0000!0.0000!!!FLASH!2.0320!2.0320!0.0000!0.0000!THR_55!!CIRCLE!1.9050!1.9050!0.0000!0.0000!!!
S!P80!00008!~TSM!o!!CIRCLE!1.3970!1.3970!0.0000!0.0000!!!!!!!!!!!!!!!!!
S!P80!00009!~BSM!o!!CIRCLE!1.3970!1.3970!0.0000!0.0000!!!!!!!!!!!!!!!!!
S!P80!00010!~TPM!o!!!0.0000!0.0000!0.0000!0.0000!!!!!!!!!!!!!!!!!
S!P80!00011!~BPM!o!!!0.0000!0.0000!0.0000!0.0000!!!!!!!!!!!!!!!!!
S!P80!00012!~TFM!o!!!0.0000!0.0000!0.0000!0.0000!!!!!!!!!!!!!!!!!
S!P80!00013!~BFM!o!!!0.0000!0.0000!0.0000!0.0000!!!!!!!!!!!!!!!!!
S!P80!00014!~DRILL!o!!0.8128!1.5000!1.5000!0.0000!0.0000!CIRCLE!P!!n!!!!!!CIRCLE_DRILL!CIRCLE_DRILL!0.0000!0.0000!!!!
S!M270!00001!TOP!o!!CIRCLE!3.3020!3.3020!0.0000!0.0000!!!FLASH!4.0640!4.0640!0.0000!0.0000!THR_135!!CIRCLE!3.9370!3.9370!0.0000!0.0000!!!
S!M270!00002!internal_pad_def!o!!CIRCLE!3.3020!3.3020!0.0000!0.0000!!!FLASH!4.0640!4.0640!0.0000!0.0000!THR_135!THR_135!CIRCLE!3.9370!3.9370!0.0000!0.0000!!!
S!M270!00003!L2GND!o!!CIRCLE!3.3020!3.3020!0.0000!0.0000!!!!0.0000!0.0000!0.0000!0.0000!!!CIRCLE!3.9370!3.9370!0.0000!0.0000!!!
S!M270!00004!INNER3!o!!CIRCLE!3.3020!3.3020!0.0000!0.0000!!!FLASH!4.0640!4.0640!0.0000!0.0000!THR_135!!CIRCLE!3.9370!3.9370!0.0000!0.0000!!!
S!M270!00005!INNER4!o!!CIRCLE!3.3020!3.3020!0.0000!0.0000!!!FLASH!4.0640!4.0640!0.0000!0.0000!THR_135!!CIRCLE!3.9370!3.9370!0.0000!0.0000!!!
S!M270!00006!L3PWR!o!!CIRCLE!3.3020!3.3020!0.0000!0.0000!!!!0.0000!0.0000!0.0000!0.0000!!!CIRCLE!3.9370!3.9370!0.0000!0.0000!!!
S!M270!00007!BOTTOM!o!!CIRCLE!3.3020!3.3020!0.0000!0.0000!!!FLASH!4.0640!4.0640!0.0000!0.0000!THR_135!!CIRCLE!3.9370!3.9370!0.0000!0.0000!!!
S!M270!00008!~TSM!o!!CIRCLE!3.3020!3.3020!0.0000!0.0000!!!!!!!!!!!!!!!!!
S!M270!00009!~BSM!o!!CIRCLE!3.3020!3.3020!0.0000!0.0000!!!!!!!!!!!!!!!!!
S!M270!00010!~TPM!o!!!0.0000!0.0000!0.0000!0.0000!!!!!!!!!!!!!!!!!
S!M270!00011!~BPM!o!!!0.0000!0.0000!0.0000!0.0000!!!!!!!!!!!!!!!!!
S!M270!00012!~TFM!o!!!0.0000!0.0000!0.0000!0.0000!!!!!!!!!!!!!!!!!
S!M270!00013!~BFM!o!!!0.0000!0.0000!0.0000!0.0000!!!!!!!!!!!!!!!!!
S!M270!00014!~DRILL!o!!2.7000!2.7000!2.7000!0.0000!0.0000!OBLONG_X!P!!n!!!!!!CIRCLE_DRILL!CIRCLE_DRILL!0.0000!0.0000!!!!
S!C100HN130!00001!TOP!o!!CIRCLE!1.0000!1.0000!0.0000!0.0000!!!!0.0000!0.0000!0.0000!0.0000!!!CIRCLE!2.1500!2.1500!0.0000!0.0000!!!
S!C100HN130!00002!internal_pad_def!o!!CIRCLE!1.0000!1.0000!0.0000!0.0000!!!!0.0000!0.0000!0.0000!0.0000!!!CIRCLE!2.1500!2.1500!0.0000!0.0000!!!
S!C100HN130!00003!L2GND!o!!CIRCLE!1.0000!1.0000!0.0000!0.0000!!!!0.0000!0.0000!0.0000!0.0000!!!CIRCLE!2.1500!2.1500!0.0000!0.0000!!!
S!C100HN130!00004!INNER3!o!!CIRCLE!1.0000!1.0000!0.0000!0.0000!!!!0.0000!0.0000!0.0000!0.0000!!!CIRCLE!2.1500!2.1500!0.0000!0.0000!!!
S!C100HN130!00005!INNER4!o!!CIRCLE!1.0000!1.0000!0.0000!0.0000!!!!0.0000!0.0000!0.0000!0.0000!!!CIRCLE!2.1500!2.1500!0.0000!0.0000!!!
S!C100HN130!00006!L3PWR!o!!CIRCLE!1.0000!1.0000!0.0000!0.0000!!!!0.0000!0.0000!0.0000!0.0000!!!CIRCLE!2.1500!2.1500!0.0000!0.0000!!!
S!C100HN130!00007!BOTTOM!o!!CIRCLE!1.0000!1.0000!0.0000!0.0000!!!!0.0000!0.0000!0.0000!0.0000!!!CIRCLE!2.1500!2.1500!0.0000!0.0000!!!
S!C100HN130!00008!~TSM!o!!CIRCLE!1.0000!1.0000!0.0000!0.0000!!!!!!!!!!!!!!!!!
S!C100HN130!00009!~BSM!o!!CIRCLE!1.0000!1.0000!0.0000!0.0000!!!!!!!!!!!!!!!!!
S!C100HN130!00010!~TPM!o!!!0.0000!0.0000!0.0000!0.0000!!!!!!!!!!!!!!!!!
S!C100HN130!00011!~BPM!o!!!0.0000!0.0000!0.0000!0.0000!!!!!!!!!!!!!!!!!
S!C100HN130!00012!~TFM!o!!!0.0000!0.0000!0.0000!0.0000!!!!!!!!!!!!!!!!!
S!C100HN130!00013!~BFM!o!!!0.0000!0.0000!0.0000!0.0000!!!!!!!!!!!!!!!!!
S!C100HN130!00014!~DRILL!o!!1.3000!2.0000!2.0000!0.0000!0.0000!DIAMOND!N!N!n!!!!!!CIRCLE_DRILL!CIRCLE_DRILL!0.0000!0.0000!!!!
S!RT_10X25!00001!TOP!o!v!RECTANGLE!0.2540!0.6350!0.0000!0.0000!!!!0.0000!0.0000!0.0000!0.0000!!!!0.0000!0.0000!0.0000!0.0000!!!
S!RT_10X25!00002!internal_pad_def!o!v!!0.0000!0.0000!0.0000!0.0000!!!!0.0000!0.0000!0.0000!0.0000!!!!0.0000!0.0000!0.0000!0.0000!!!
S!RT_10X25!00003!L2GND!o!v!!0.0000!0.0000!0.0000!0.0000!!!!0.0000!0.0000!0.0000!0.0000!!!!0.0000!0.0000!0.0000!0.0000!!!
S!RT_10X25!00004!INNER3!o!v!!0.0000!0.0000!0.0000!0.0000!!!!0.0000!0.0000!0.0000!0.0000!!!!0.0000!0.0000!0.0000!0.0000!!!
S!RT_10X25!00005!INNER4!o!v!!0.0000!0.0000!0.0000!0.0000!!!!0.0000!0.0000!0.0000!0.0000!!!!0.0000!0.0000!0.0000!0.0000!!!
S!RT_10X25!00006!L3PWR!o!v!!0.0000!0.0000!0.0000!0.0000!!!!0.0000!0.0000!0.0000!0.0000!!!!0.0000!0.0000!0.0000!0.0000!!!
S!RT_10X25!00007!BOTTOM!o!v!!0.0000!0.0000!0.0000!0.0000!!!!0.0000!0.0000!0.0000!0.0000!!!!0.0000!0.0000!0.0000!0.0000!!!
S!RT_10X25!00008!~TSM!o!v!RECTANGLE!0.5080!0.8890!0.0000!0.0000!!!!!!!!!!!!!!!!!
S!RT_10X25!00009!~BSM!o!v!!0.0000!0.0000!0.0000!0.0000!!!!!!!!!!!!!!!!!
S!RT_10X25!00010!~TPM!o!v!RECTANGLE!0.2540!0.6350!0.0000!0.0000!!!!!!!!!!!!!!!!!
S!RT_10X25!00011!~BPM!o!v!!0.0000!0.0000!0.0000!0.0000!!!!!!!!!!!!!!!!!
S!RT_10X25!00012!~TFM!o!v!!0.0000!0.0000!0.0000!0.0000!!!!!!!!!!!!!!!!!
S!RT_10X25!00013!~BFM!o!v!!0.0000!0.0000!0.0000!0.0000!!!!!!!!!!!!!!!!!
S!RT_10X25!00014!~DRILL!o!v!0.0000!0.0000!0.0000!0.0000!0.0000!!P!!n!!!!!!CIRCLE_DRILL!CIRCLE_DRILL!0.0000!0.0000!!!!
S!C130!00001!TOP!o!v!CIRCLE!1.3000!1.3000!0.0000!0.0000!!!!0.0000!0.0000!0.0000!0.0000!!!!0.0000!0.0000!0.0000!0.0000!!!
S!C130!00002!internal_pad_def!o!v!!0.0000!0.0000!0.0000!0.0000!!!!0.0000!0.0000!0.0000!0.0000!!!!0.0000!0.0000!0.0000!0.0000!!!
S!C130!00003!L2GND!o!v!!0.0000!0.0000!0.0000!0.0000!!!!0.0000!0.0000!0.0000!0.0000!!!!0.0000!0.0000!0.0000!0.0000!!!
S!C130!00004!INNER3!o!v!!0.0000!0.0000!0.0000!0.0000!!!!0.0000!0.0000!0.0000!0.0000!!!!0.0000!0.0000!0.0000!0.0000!!!
S!C130!00005!INNER4!o!v!!0.0000!0.0000!0.0000!0.0000!!!!0.0000!0.0000!0.0000!0.0000!!!!0.0000!0.0000!0.0000!0.0000!!!
S!C130!00006!L3PWR!o!v!!0.0000!0.0000!0.0000!0.0000!!!!0.0000!0.0000!0.0000!0.0000!!!!0.0000!0.0000!0.0000!0.0000!!!
S!C130!00007!BOTTOM!o!v!!0.0000!0.0000!0.0000!0.0000!!!!0.0000!0.0000!0.0000!0.0000!!!!0.0000!0.0000!0.0000!0.0000!!!
S!C130!00008!~TSM!o!v!CIRCLE!1.3000!1.3000!0.0000!0.0000!!!!!!!!!!!!!!!!!
S!C130!00009!~BSM!o!v!!0.0000!0.0000!0.0000!0.0000!!!!!!!!!!!!!!!!!
S!C130!00010!~TPM!o!v!CIRCLE!1.3000!1.3000!0.0000!0.0000!!!!!!!!!!!!!!!!!
S!C130!00011!~BPM!o!v!!0.0000!0.0000!0.0000!0.0000!!!!!!!!!!!!!!!!!
S!C130!00012!~TFM!o!v!!0.0000!0.0000!0.0000!0.0000!!!!!!!!!!!!!!!!!
S!C130!00013!~BFM!o!v!!0.0000!0.0000!0.0000!0.0000!!!!!!!!!!!!!!!!!
S!C130!00014!~DRILL!o!v!0.0000!0.0000!0.0000!0.0000!0.0000!!P!!n!!!!!!CIRCLE_DRILL!CIRCLE_DRILL!0.0000!0.0000!!!!
S!RT_25X75!00001!TOP!o!v!RECTANGLE!0.6350!1.9050!0.0000!0.0000!!!!0.0000!0.0000!0.0000!0.0000!!!!0.0000!0.0000!0.0000!0.0000!!!
S!RT_25X75!00002!internal_pad_def!o!v!!0.0000!0.0000!0.0000!0.0000!!!!0.0000!0.0000!0.0000!0.0000!!!!0.0000!0.0000!0.0000!0.0000!!!
S!RT_25X75!00003!L2GND!o!v!!0.0000!0.0000!0.0000!0.0000!!!!0.0000!0.0000!0.0000!0.0000!!!!0.0000!0.0000!0.0000!0.0000!!!
S!RT_25X75!00004!INNER3!o!v!!0.0000!0.0000!0.0000!0.0000!!!!0.0000!0.0000!0.0000!0.0000!!!!0.0000!0.0000!0.0000!0.0000!!!
S!RT_25X75!00005!INNER4!o!v!!0.0000!0.0000!0.0000!0.0000!!!!0.0000!0.0000!0.0000!0.0000!!!!0.0000!0.0000!0.0000!0.0000!!!
S!RT_25X75!00006!L3PWR!o!v!!0.0000!0.0000!0.0000!0.0000!!!!0.0000!0.0000!0.0000!0.0000!!!!0.0000!0.0000!0.0000!0.0000!!!
S!RT_25X75!00007!BOTTOM!o!v!!0.0000!0.0000!0.0000!0.0000!!!!0.0000!0.0000!0.0000!0.0000!!!!0.0000!0.0000!0.0000!0.0000!!!
S!RT_25X75!00008!~TSM!o!v!RECTANGLE!0.8890!2.1590!0.0000!0.0000!!!!!!!!!!!!!!!!!
S!RT_25X75!00009!~BSM!o!v!!0.0000!0.0000!0.0000!0.0000!!!!!!!!!!!!!!!!!
S!RT_25X75!00010!~TPM!o!v!RECTANGLE!0.6350!1.9050!0.0000!0.0000!!!!!!!!!!!!!!!!!
S!RT_25X75!00011!~BPM!o!v!!0.0000!0.0000!0.0000!0.0000!!!!!!!!!!!!!!!!!
S!RT_25X75!00012!~TFM!o!v!!0.0000!0.0000!0.0000!0.0000!!!!!!!!!!!!!!!!!
S!RT_25X75!00013!~BFM!o!v!!0.0000!0.0000!0.0000!0.0000!!!!!!!!!!!!!!!!!
S!RT_25X75!00014!~DRILL!o!v!0.0000!0.0000!0.0000!0.0000!0.0000!!P!!n!!!!!!CIRCLE_DRILL!CIRCLE_DRILL!0.0000!0.0000!!!!
S!R100_50!00001!TOP!o!v!RECTANGLE!1.0000!0.5000!0.0000!0.0000!!!!0.0000!0.0000!0.0000!0.0000!!!!0.0000!0.0000!0.0000!0.0000!!!
S!R100_50!00002!internal_pad_def!o!v!!0.0000!0.0000!0.0000!0.0000!!!!0.0000!0.0000!0.0000!0.0000!!!!0.0000!0.0000!0.0000!0.0000!!!
S!R100_50!00003!L2GND!o!v!!0.0000!0.0000!0.0000!0.0000!!!!0.0000!0.0000!0.0000!0.0000!!!!0.0000!0.0000!0.0000!0.0000!!!
S!R100_50!00004!INNER3!o!v!!0.0000!0.0000!0.0000!0.0000!!!!0.0000!0.0000!0.0000!0.0000!!!!0.0000!0.0000!0.0000!0.0000!!!
S!R100_50!00005!INNER4!o!v!!0.0000!0.0000!0.0000!0.0000!!!!0.0000!0.0000!0.0000!0.0000!!!!0.0000!0.0000!0.0000!0.0000!!!
S!R100_50!00006!L3PWR!o!v!!0.0000!0.0000!0.0000!0.0000!!!!0.0000!0.0000!0.0000!0.0000!!!!0.0000!0.0000!0.0000!0.0000!!!
S!R100_50!00007!BOTTOM!o!v!!0.0000!0.0000!0.0000!0.0000!!!!0.0000!0.0000!0.0000!0.0000!!!!0.0000!0.0000!0.0000!0.0000!!!
S!R100_50!00008!~TSM!o!v!RECTANGLE!1.0000!0.5000!0.0000!0.0000!!!!!!!!!!!!!!!!!
S!R100_50!00009!~BSM!o!v!!0.0000!0.0000!0.0000!0.0000!!!!!!!!!!!!!!!!!
S!R100_50!00010!~TPM!o!v!RECTANGLE!1.0000!0.5000!0.0000!0.0000!!!!!!!!!!!!!!!!!
S!R100_50!00011!~BPM!o!v!!0.0000!0.0000!0.0000!0.0000!!!!!!!!!!!!!!!!!
S!R100_50!00012!~TFM!o!v!!0.0000!0.0000!0.0000!0.0000!!!!!!!!!!!!!!!!!
S!R100_50!00013!~BFM!o!v!!0.0000!0.0000!0.0000!0.0000!!!!!!!!!!!!!!!!!
S!R100_50!00014!~DRILL!o!v!0.0000!0.0000!0.0000!0.0000!0.0000!!P!!n!!!!!!CIRCLE_DRILL!CIRCLE_DRILL!0.0000!0.0000!!!!
S!R100_80!00001!TOP!o!v!RECTANGLE!1.0000!0.8000!0.0000!0.0000!!!!0.0000!0.0000!0.0000!0.0000!!!!0.0000!0.0000!0.0000!0.0000!!!
S!R100_80!00002!internal_pad_def!o!v!!0.0000!0.0000!0.0000!0.0000!!!!0.0000!0.0000!0.0000!0.0000!!!!0.0000!0.0000!0.0000!0.0000!!!
S!R100_80!00003!L2GND!o!v!!0.0000!0.0000!0.0000!0.0000!!!!0.0000!0.0000!0.0000!0.0000!!!!0.0000!0.0000!0.0000!0.0000!!!
S!R100_80!00004!INNER3!o!v!!0.0000!0.0000!0.0000!0.0000!!!!0.0000!0.0000!0.0000!0.0000!!!!0.0000!0.0000!0.0000!0.0000!!!
S!R100_80!00005!INNER4!o!v!!0.0000!0.0000!0.0000!0.0000!!!!0.0000!0.0000!0.0000!0.0000!!!!0.0000!0.0000!0.0000!0.0000!!!
S!R100_80!00006!L3PWR!o!v!!0.0000!0.0000!0.0000!0.0000!!!!0.0000!0.0000!0.0000!0.0000!!!!0.0000!0.0000!0.0000!0.0000!!!
S!R100_80!00007!BOTTOM!o!v!!0.0000!0.0000!0.0000!0.0000!!!!0.0000!0.0000!0.0000!0.0000!!!!0.0000!0.0000!0.0000!0.0000!!!
S!R100_80!00008!~TSM!o!v!RECTANGLE!1.0000!0.8000!0.0000!0.0000!!!!!!!!!!!!!!!!!
S!R100_80!00009!~BSM!o!v!!0.0000!0.0000!0.0000!0.0000!!!!!!!!!!!!!!!!!
S!R100_80!00010!~TPM!o!v!RECTANGLE!1.0000!0.8000!0.0000!0.0000!!!!!!!!!!!!!!!!!
S!R100_80!00011!~BPM!o!v!!0.0000!0.0000!0.0000!0.0000!!!!!!!!!!!!!!!!!
S!R100_80!00012!~TFM!o!v!!0.0000!0.0000!0.0000!0.0000!!!!!!!!!!!!!!!!!
S!R100_80!00013!~BFM!o!v!!0.0000!0.0000!0.0000!0.0000!!!!!!!!!!!!!!!!!
S!R100_80!00014!~DRILL!o!v!0.0000!0.0000!0.0000!0.0000!0.0000!!P!!n!!!!!!CIRCLE_DRILL!CIRCLE_DRILL!0.0000!0.0000!!!!
S!R95_70!00001!TOP!o!v!RECTANGLE!0.9500!0.7000!0.0000!0.0000!!!!0.0000!0.0000!0.0000!0.0000!!!!0.0000!0.0000!0.0000!0.0000!!!
S!R95_70!00002!internal_pad_def!o!v!!0.0000!0.0000!0.0000!0.0000!!!!0.0000!0.0000!0.0000!0.0000!!!!0.0000!0.0000!0.0000!0.0000!!!
S!R95_70!00003!L2GND!o!v!!0.0000!0.0000!0.0000!0.0000!!!!0.0000!0.0000!0.0000!0.0000!!!!0.0000!0.0000!0.0000!0.0000!!!
S!R95_70!00004!INNER3!o!v!!0.0000!0.0000!0.0000!0.0000!!!!0.0000!0.0000!0.0000!0.0000!!!!0.0000!0.0000!0.0000!0.0000!!!
S!R95_70!00005!INNER4!o!v!!0.0000!0.0000!0.0000!0.0000!!!!0.0000!0.0000!0.0000!0.0000!!!!0.0000!0.0000!0.0000!0.0000!!!
S!R95_70!00006!L3PWR!o!v!!0.0000!0.0000!0.0000!0.0000!!!!0.0000!0.0000!0.0000!0.0000!!!!0.0000!0.0000!0.0000!0.0000!!!
S!R95_70!00007!BOTTOM!o!v!!0.0000!0.0000!0.0000!0.0000!!!!0.0000!0.0000!0.0000!0.0000!!!!0.0000!0.0000!0.0000!0.0000!!!
S!R95_70!00008!~TSM!o!v!RECTANGLE!0.9500!0.7000!0.0000!0.0000!!!!!!!!!!!!!!!!!
S!R95_70!00009!~BSM!o!v!!0.0000!0.0000!0.0000!0.0000!!!!!!!!!!!!!!!!!
S!R95_70!00010!~TPM!o!v!RECTANGLE!0.9500!0.7000!0.0000!0.0000!!!!!!!!!!!!!!!!!
S!R95_70!00011!~BPM!o!v!!0.0000!0.0000!0.0000!0.0000!!!!!!!!!!!!!!!!!
S!R95_70!00012!~TFM!o!v!!0.0000!0.0000!0.0000!0.0000!!!!!!!!!!!!!!!!!
S!R95_70!00013!~BFM!o!v!!0.0000!0.0000!0.0000!0.0000!!!!!!!!!!!!!!!!!
S!R95_70!00014!~DRILL!o!v!0.0000!0.0000!0.0000!0.0000!0.0000!!P!!n!!!!!!CIRCLE_DRILL!CIRCLE_DRILL!0.0000!0.0000!!!!
S!S185!00001!TOP!o!v!SQUARE!1.8500!1.8500!0.0000!0.0000!!!!0.0000!0.0000!0.0000!0.0000!!!!0.0000!0.0000!0.0000!0.0000!!!
S!S185!00002!internal_pad_def!o!v!!0.0000!0.0000!0.0000!0.0000!!!!0.0000!0.0000!0.0000!0.0000!!!!0.0000!0.0000!0.0000!0.0000!!!
S!S185!00003!L2GND!o!v!!0.0000!0.0000!0.0000!0.0000!!!!0.0000!0.0000!0.0000!0.0000!!!!0.0000!0.0000!0.0000!0.0000!!!
S!S185!00004!INNER3!o!v!!0.0000!0.0000!0.0000!0.0000!!!!0.0000!0.0000!0.0000!0.0000!!!!0.0000!0.0000!0.0000!0.0000!!!
S!S185!00005!INNER4!o!v!!0.0000!0.0000!0.0000!0.0000!!!!0.0000!0.0000!0.0000!0.0000!!!!0.0000!0.0000!0.0000!0.0000!!!
S!S185!00006!L3PWR!o!v!!0.0000!0.0000!0.0000!0.0000!!!!0.0000!0.0000!0.0000!0.0000!!!!0.0000!0.0000!0.0000!0.0000!!!
S!S185!00007!BOTTOM!o!v!!0.0000!0.0000!0.0000!0.0000!!!!0.0000!0.0000!0.0000!0.0000!!!!0.0000!0.0000!0.0000!0.0000!!!
S!S185!00008!~TSM!o!v!SQUARE!1.8500!1.8500!0.0000!0.0000!!!!!!!!!!!!!!!!!
S!S185!00009!~BSM!o!v!!0.0000!0.0000!0.0000!0.0000!!!!!!!!!!!!!!!!!
S!S185!00010!~TPM!o!v!SQUARE!1.8500!1.8500!0.0000!0.0000!!!!!!!!!!!!!!!!!
S!S185!00011!~BPM!o!v!!0.0000!0.0000!0.0000!0.0000!!!!!!!!!!!!!!!!!
S!S185!00012!~TFM!o!v!!0.0000!0.0000!0.0000!0.0000!!!!!!!!!!!!!!!!!
S!S185!00013!~BFM!o!v!!0.0000!0.0000!0.0000!0.0000!!!!!!!!!!!!!!!!!
S!S185!00014!~DRILL!o!v!0.0000!0.0000!0.0000!0.0000!0.0000!!P!!n!!!!!!CIRCLE_DRILL!CIRCLE_DRILL!0.0000!0.0000!!!!
S!R75_30!00001!TOP!o!v!RECTANGLE!0.7500!0.3000!0.0000!0.0000!!!!0.0000!0.0000!0.0000!0.0000!!!!0.0000!0.0000!0.0000!0.0000!!!
S!R75_30!00002!internal_pad_def!o!v!!0.0000!0.0000!0.0000!0.0000!!!!0.0000!0.0000!0.0000!0.0000!!!!0.0000!0.0000!0.0000!0.0000!!!
S!R75_30!00003!L2GND!o!v!!0.0000!0.0000!0.0000!0.0000!!!!0.0000!0.0000!0.0000!0.0000!!!!0.0000!0.0000!0.0000!0.0000!!!
S!R75_30!00004!INNER3!o!v!!0.0000!0.0000!0.0000!0.0000!!!!0.0000!0.0000!0.0000!0.0000!!!!0.0000!0.0000!0.0000!0.0000!!!
S!R75_30!00005!INNER4!o!v!!0.0000!0.0000!0.0000!0.0000!!!!0.0000!0.0000!0.0000!0.0000!!!!0.0000!0.0000!0.0000!0.0000!!!
S!R75_30!00006!L3PWR!o!v!!0.0000!0.0000!0.0000!0.0000!!!!0.0000!0.0000!0.0000!0.0000!!!!0.0000!0.0000!0.0000!0.0000!!!
S!R75_30!00007!BOTTOM!o!v!!0.0000!0.0000!0.0000!0.0000!!!!0.0000!0.0000!0.0000!0.0000!!!!0.0000!0.0000!0.0000!0.0000!!!
S!R75_30!00008!~TSM!o!v!RECTANGLE!0.7500!0.3000!0.0000!0.0000!!!!!!!!!!!!!!!!!
S!R75_30!00009!~BSM!o!v!!0.0000!0.0000!0.0000!0.0000!!!!!!!!!!!!!!!!!
S!R75_30!00010!~TPM!o!v!RECTANGLE!0.7500!0.3000!0.0000!0.0000!!!!!!!!!!!!!!!!!
S!R75_30!00011!~BPM!o!v!!0.0000!0.0000!0.0000!0.0000!!!!!!!!!!!!!!!!!
S!R75_30!00012!~TFM!o!v!!0.0000!0.0000!0.0000!0.0000!!!!!!!!!!!!!!!!!
S!R75_30!00013!~BFM!o!v!!0.0000!0.0000!0.0000!0.0000!!!!!!!!!!!!!!!!!
S!R75_30!00014!~DRILL!o!v!0.0000!0.0000!0.0000!0.0000!0.0000!!P!!n!!!!!!CIRCLE_DRILL!CIRCLE_DRILL!0.0000!0.0000!!!!
S!S340!00001!TOP!o!v!SQUARE!3.4000!3.4000!0.0000!0.0000!!!!0.0000!0.0000!0.0000!0.0000!!!!0.0000!0.0000!0.0000!0.0000!!!
S!S340!00002!internal_pad_def!o!v!!0.0000!0.0000!0.0000!0.0000!!!!0.0000!0.0000!0.0000!0.0000!!!!0.0000!0.0000!0.0000!0.0000!!!
S!S340!00003!L2GND!o!v!!0.0000!0.0000!0.0000!0.0000!!!!0.0000!0.0000!0.0000!0.0000!!!!0.0000!0.0000!0.0000!0.0000!!!
S!S340!00004!INNER3!o!v!!0.0000!0.0000!0.0000!0.0000!!!!0.0000!0.0000!0.0000!0.0000!!!!0.0000!0.0000!0.0000!0.0000!!!
S!S340!00005!INNER4!o!v!!0.0000!0.0000!0.0000!0.0000!!!!0.0000!0.0000!0.0000!0.0000!!!!0.0000!0.0000!0.0000!0.0000!!!
S!S340!00006!L3PWR!o!v!!0.0000!0.0000!0.0000!0.0000!!!!0.0000!0.0000!0.0000!0.0000!!!!0.0000!0.0000!0.0000!0.0000!!!
S!S340!00007!BOTTOM!o!v!!0.0000!0.0000!0.0000!0.0000!!!!0.0000!0.0000!0.0000!0.0000!!!!0.0000!0.0000!0.0000!0.0000!!!
S!S340!00008!~TSM!o!v!SQUARE!3.4000!3.4000!0.0000!0.0000!!!!!!!!!!!!!!!!!
S!S340!00009!~BSM!o!v!!0.0000!0.0000!0.0000!0.0000!!!!!!!!!!!!!!!!!
S!S340!00010!~TPM!o!v!SQUARE!3.4000!3.4000!0.0000!0.0000!!!!!!!!!!!!!!!!!
S!S340!00011!~BPM!o!v!!0.0000!0.0000!0.0000!0.0000!!!!!!!!!!!!!!!!!
S!S340!00012!~TFM!o!v!!0.0000!0.0000!0.0000!0.0000!!!!!!!!!!!!!!!!!
S!S340!00013!~BFM!o!v!!0.0000!0.0000!0.0000!0.0000!!!!!!!!!!!!!!!!!
S!S340!00014!~DRILL!o!v!0.0000!0.0000!0.0000!0.0000!0.0000!!P!!n!!!!!!CIRCLE_DRILL!CIRCLE_DRILL!0.0000!0.0000!!!!
S!R105_30!00001!TOP!o!v!RECTANGLE!1.0500!0.3000!0.0000!0.0000!!!!0.0000!0.0000!0.0000!0.0000!!!!0.0000!0.0000!0.0000!0.0000!!!
S!R105_30!00002!internal_pad_def!o!v!!0.0000!0.0000!0.0000!0.0000!!!!0.0000!0.0000!0.0000!0.0000!!!!0.0000!0.0000!0.0000!0.0000!!!
S!R105_30!00003!L2GND!o!v!!0.0000!0.0000!0.0000!0.0000!!!!0.0000!0.0000!0.0000!0.0000!!!!0.0000!0.0000!0.0000!0.0000!!!
S!R105_30!00004!INNER3!o!v!!0.0000!0.0000!0.0000!0.0000!!!!0.0000!0.0000!0.0000!0.0000!!!!0.0000!0.0000!0.0000!0.0000!!!
S!R105_30!00005!INNER4!o!v!!0.0000!0.0000!0.0000!0.0000!!!!0.0000!0.0000!0.0000!0.0000!!!!0.0000!0.0000!0.0000!0.0000!!!
S!R105_30!00006!L3PWR!o!v!!0.0000!0.0000!0.0000!0.0000!!!!0.0000!0.0000!0.0000!0.0000!!!!0.0000!0.0000!0.0000!0.0000!!!
S!R105_30!00007!BOTTOM!o!v!!0.0000!0.0000!0.0000!0.0000!!!!0.0000!0.0000!0.0000!0.0000!!!!0.0000!0.0000!0.0000!0.0000!!!
S!R105_30!00008!~TSM!o!v!RECTANGLE!1.0500!0.3000!0.0000!0.0000!!!!!!!!!!!!!!!!!
S!R105_30!00009!~BSM!o!v!!0.0000!0.0000!0.0000!0.0000!!!!!!!!!!!!!!!!!
S!R105_30!00010!~TPM!o!v!RECTANGLE!1.0500!0.3000!0.0000!0.0000!!!!!!!!!!!!!!!!!
S!R105_30!00011!~BPM!o!v!!0.0000!0.0000!0.0000!0.0000!!!!!!!!!!!!!!!!!
S!R105_30!00012!~TFM!o!v!!0.0000!0.0000!0.0000!0.0000!!!!!!!!!!!!!!!!!
S!R105_30!00013!~BFM!o!v!!0.0000!0.0000!0.0000!0.0000!!!!!!!!!!!!!!!!!
S!R105_30!00014!~DRILL!o!v!0.0000!0.0000!0.0000!0.0000!0.0000!!P!!n!!!!!!CIRCLE_DRILL!CIRCLE_DRILL!0.0000!0.0000!!!!
S!S530!00001!TOP!o!v!SQUARE!5.3000!5.3000!0.0000!0.0000!!!!0.0000!0.0000!0.0000!0.0000!!!!0.0000!0.0000!0.0000!0.0000!!!
S!S530!00002!internal_pad_def!o!v!!0.0000!0.0000!0.0000!0.0000!!!!0.0000!0.0000!0.0000!0.0000!!!!0.0000!0.0000!0.0000!0.0000!!!
S!S530!00003!L2GND!o!v!!0.0000!0.0000!0.0000!0.0000!!!!0.0000!0.0000!0.0000!0.0000!!!!0.0000!0.0000!0.0000!0.0000!!!
S!S530!00004!INNER3!o!v!!0.0000!0.0000!0.0000!0.0000!!!!0.0000!0.0000!0.0000!0.0000!!!!0.0000!0.0000!0.0000!0.0000!!!
S!S530!00005!INNER4!o!v!!0.0000!0.0000!0.0000!0.0000!!!!0.0000!0.0000!0.0000!0.0000!!!!0.0000!0.0000!0.0000!0.0000!!!
S!S530!00006!L3PWR!o!v!!0.0000!0.0000!0.0000!0.0000!!!!0.0000!0.0000!0.0000!0.0000!!!!0.0000!0.0000!0.0000!0.0000!!!
S!S530!00007!BOTTOM!o!v!!0.0000!0.0000!0.0000!0.0000!!!!0.0000!0.0000!0.0000!0.0000!!!!0.0000!0.0000!0.0000!0.0000!!!
S!S530!00008!~TSM!o!v!SQUARE!5.3000!5.3000!0.0000!0.0000!!!!!!!!!!!!!!!!!
S!S530!00009!~BSM!o!v!!0.0000!0.0000!0.0000!0.0000!!!!!!!!!!!!!!!!!
S!S530!00010!~TPM!o!v!SQUARE!5.3000!5.3000!0.0000!0.0000!!!!!!!!!!!!!!!!!
S!S530!00011!~BPM!o!v!!0.0000!0.0000!0.0000!0.0000!!!!!!!!!!!!!!!!!
S!S530!00012!~TFM!o!v!!0.0000!0.0000!0.0000!0.0000!!!!!!!!!!!!!!!!!
S!S530!00013!~BFM!o!v!!0.0000!0.0000!0.0000!0.0000!!!!!!!!!!!!!!!!!
S!S530!00014!~DRILL!o!v!0.0000!0.0000!0.0000!0.0000!0.0000!!P!!n!!!!!!CIRCLE_DRILL!CIRCLE_DRILL!0.0000!0.0000!!!!
S!R220_105!00001!TOP!o!v!RECTANGLE!2.2000!1.0500!0.0000!0.0000!!!!0.0000!0.0000!0.0000!0.0000!!!!0.0000!0.0000!0.0000!0.0000!!!
S!R220_105!00002!internal_pad_def!o!v!!0.0000!0.0000!0.0000!0.0000!!!!0.0000!0.0000!0.0000!0.0000!!!!0.0000!0.0000!0.0000!0.0000!!!
S!R220_105!00003!L2GND!o!v!!0.0000!0.0000!0.0000!0.0000!!!!0.0000!0.0000!0.0000!0.0000!!!!0.0000!0.0000!0.0000!0.0000!!!
S!R220_105!00004!INNER3!o!v!!0.0000!0.0000!0.0000!0.0000!!!!0.0000!0.0000!0.0000!0.0000!!!!0.0000!0.0000!0.0000!0.0000!!!
S!R220_105!00005!INNER4!o!v!!0.0000!0.0000!0.0000!0.0000!!!!0.0000!0.0000!0.0000!0.0000!!!!0.0000!0.0000!0.0000!0.0000!!!
S!R220_105!00006!L3PWR!o!v!!0.0000!0.0000!0.0000!0.0000!!!!0.0000!0.0000!0.0000!0.0000!!!!0.0000!0.0000!0.0000!0.0000!!!
S!R220_105!00007!BOTTOM!o!v!!0.0000!0.0000!0.0000!0.0000!!!!0.0000!0.0000!0.0000!0.0000!!!!0.0000!0.0000!0.0000!0.0000!!!
S!R220_105!00008!~TSM!o!v!RECTANGLE!2.2000!1.0500!0.0000!0.0000!!!!!!!!!!!!!!!!!
S!R220_105!00009!~BSM!o!v!!0.0000!0.0000!0.0000!0.0000!!!!!!!!!!!!!!!!!
S!R220_105!00010!~TPM!o!v!RECTANGLE!2.2000!1.0500!0.0000!0.0000!!!!!!!!!!!!!!!!!
S!R220_105!00011!~BPM!o!v!!0.0000!0.0000!0.0000!0.0000!!!!!!!!!!!!!!!!!
S!R220_105!00012!~TFM!o!v!!0.0000!0.0000!0.0000!0.0000!!!!!!!!!!!!!!!!!
S!R220_105!00013!~BFM!o!v!!0.0000!0.0000!0.0000!0.0000!!!!!!!!!!!!!!!!!
S!R220_105!00014!~DRILL!o!v!0.0000!0.0000!0.0000!0.0000!0.0000!!P!!n!!!!!!CIRCLE_DRILL!CIRCLE_DRILL!0.0000!0.0000!!!!
S!R105_100!00001!TOP!o!v!RECTANGLE!1.0500!1.0000!0.0000!0.0000!!!!0.0000!0.0000!0.0000!0.0000!!!!0.0000!0.0000!0.0000!0.0000!!!
S!R105_100!00002!internal_pad_def!o!v!!0.0000!0.0000!0.0000!0.0000!!!!0.0000!0.0000!0.0000!0.0000!!!!0.0000!0.0000!0.0000!0.0000!!!
S!R105_100!00003!L2GND!o!v!!0.0000!0.0000!0.0000!0.0000!!!!0.0000!0.0000!0.0000!0.0000!!!!0.0000!0.0000!0.0000!0.0000!!!
S!R105_100!00004!INNER3!o!v!!0.0000!0.0000!0.0000!0.0000!!!!0.0000!0.0000!0.0000!0.0000!!!!0.0000!0.0000!0.0000!0.0000!!!
S!R105_100!00005!INNER4!o!v!!0.0000!0.0000!0.0000!0.0000!!!!0.0000!0.0000!0.0000!0.0000!!!!0.0000!0.0000!0.0000!0.0000!!!
S!R105_100!00006!L3PWR!o!v!!0.0000!0.0000!0.0000!0.0000!!!!0.0000!0.0000!0.0000!0.0000!!!!0.0000!0.0000!0.0000!0.0000!!!
S!R105_100!00007!BOTTOM!o!v!!0.0000!0.0000!0.0000!0.0000!!!!0.0000!0.0000!0.0000!0.0000!!!!0.0000!0.0000!0.0000!0.0000!!!
S!R105_100!00008!~TSM!o!v!RECTANGLE!1.0500!1.0000!0.0000!0.0000!!!!!!!!!!!!!!!!!
S!R105_100!00009!~BSM!o!v!!0.0000!0.0000!0.0000!0.0000!!!!!!!!!!!!!!!!!
S!R105_100!00010!~TPM!o!v!RECTANGLE!1.0500!1.0000!0.0000!0.0000!!!!!!!!!!!!!!!!!
S!R105_100!00011!~BPM!o!v!!0.0000!0.0000!0.0000!0.0000!!!!!!!!!!!!!!!!!
S!R105_100!00012!~TFM!o!v!!0.0000!0.0000!0.0000!0.0000!!!!!!!!!!!!!!!!!
S!R105_100!00013!~BFM!o!v!!0.0000!0.0000!0.0000!0.0000!!!!!!!!!!!!!!!!!
S!R105_100!00014!~DRILL!o!v!0.0000!0.0000!0.0000!0.0000!0.0000!!P!!n!!!!!!CIRCLE_DRILL!CIRCLE_DRILL!0.0000!0.0000!!!!
S!R95_40!00001!TOP!o!v!RECTANGLE!0.9500!0.4000!0.0000!0.0000!!!!0.0000!0.0000!0.0000!0.0000!!!!0.0000!0.0000!0.0000!0.0000!!!
S!R95_40!00002!internal_pad_def!o!v!!0.0000!0.0000!0.0000!0.0000!!!!0.0000!0.0000!0.0000!0.0000!!!!0.0000!0.0000!0.0000!0.0000!!!
S!R95_40!00003!L2GND!o!v!!0.0000!0.0000!0.0000!0.0000!!!!0.0000!0.0000!0.0000!0.0000!!!!0.0000!0.0000!0.0000!0.0000!!!
S!R95_40!00004!INNER3!o!v!!0.0000!0.0000!0.0000!0.0000!!!!0.0000!0.0000!0.0000!0.0000!!!!0.0000!0.0000!0.0000!0.0000!!!
S!R95_40!00005!INNER4!o!v!!0.0000!0.0000!0.0000!0.0000!!!!0.0000!0.0000!0.0000!0.0000!!!!0.0000!0.0000!0.0000!0.0000!!!
S!R95_40!00006!L3PWR!o!v!!0.0000!0.0000!0.0000!0.0000!!!!0.0000!0.0000!0.0000!0.0000!!!!0.0000!0.0000!0.0000!0.0000!!!
S!R95_40!00007!BOTTOM!o!v!!0.0000!0.0000!0.0000!0.0000!!!!0.0000!0.0000!0.0000!0.0000!!!!0.0000!0.0000!0.0000!0.0000!!!
S!R95_40!00008!~TSM!o!v!RECTANGLE!0.9500!0.4000!0.0000!0.0000!!!!!!!!!!!!!!!!!
S!R95_40!00009!~BSM!o!v!!0.0000!0.0000!0.0000!0.0000!!!!!!!!!!!!!!!!!
S!R95_40!00010!~TPM!o!v!RECTANGLE!0.9500!0.4000!0.0000!0.0000!!!!!!!!!!!!!!!!!
S!R95_40!00011!~BPM!o!v!!0.0000!0.0000!0.0000!0.0000!!!!!!!!!!!!!!!!!
S!R95_40!00012!~TFM!o!v!!0.0000!0.0000!0.0000!0.0000!!!!!!!!!!!!!!!!!
S!R95_40!00013!~BFM!o!v!!0.0000!0.0000!0.0000!0.0000!!!!!!!!!!!!!!!!!
S!R95_40!00014!~DRILL!o!v!0.0000!0.0000!0.0000!0.0000!0.0000!!P!!n!!!!!!CIRCLE_DRILL!CIRCLE_DRILL!0.0000!0.0000!!!!
S!R100_40!00001!TOP!o!v!RECTANGLE!1.0000!0.4000!0.0000!0.0000!!!!0.0000!0.0000!0.0000!0.0000!!!!0.0000!0.0000!0.0000!0.0000!!!
S!R100_40!00002!internal_pad_def!o!v!!0.0000!0.0000!0.0000!0.0000!!!!0.0000!0.0000!0.0000!0.0000!!!!0.0000!0.0000!0.0000!0.0000!!!
S!R100_40!00003!L2GND!o!v!!0.0000!0.0000!0.0000!0.0000!!!!0.0000!0.0000!0.0000!0.0000!!!!0.0000!0.0000!0.0000!0.0000!!!
S!R100_40!00004!INNER3!o!v!!0.0000!0.0000!0.0000!0.0000!!!!0.0000!0.0000!0.0000!0.0000!!!!0.0000!0.0000!0.0000!0.0000!!!
S!R100_40!00005!INNER4!o!v!!0.0000!0.0000!0.0000!0.0000!!!!0.0000!0.0000!0.0000!0.0000!!!!0.0000!0.0000!0.0000!0.0000!!!
S!R100_40!00006!L3PWR!o!v!!0.0000!0.0000!0.0000!0.0000!!!!0.0000!0.0000!0.0000!0.0000!!!!0.0000!0.0000!0.0000!0.0000!!!
S!R100_40!00007!BOTTOM!o!v!!0.0000!0.0000!0.0000!0.0000!!!!0.0000!0.0000!0.0000!0.0000!!!!0.0000!0.0000!0.0000!0.0000!!!
S!R100_40!00008!~TSM!o!v!RECTANGLE!1.0000!0.4000!0.0000!0.0000!!!!!!!!!!!!!!!!!
S!R100_40!00009!~BSM!o!v!!0.0000!0.0000!0.0000!0.0000!!!!!!!!!!!!!!!!!
S!R100_40!00010!~TPM!o!v!RECTANGLE!1.0000!0.4000!0.0000!0.0000!!!!!!!!!!!!!!!!!
S!R100_40!00011!~BPM!o!v!!0.0000!0.0000!0.0000!0.0000!!!!!!!!!!!!!!!!!
S!R100_40!00012!~TFM!o!v!!0.0000!0.0000!0.0000!0.0000!!!!!!!!!!!!!!!!!
S!R100_40!00013!~BFM!o!v!!0.0000!0.0000!0.0000!0.0000!!!!!!!!!!!!!!!!!
S!R100_40!00014!~DRILL!o!v!0.0000!0.0000!0.0000!0.0000!0.0000!!P!!n!!!!!!CIRCLE_DRILL!CIRCLE_DRILL!0.0000!0.0000!!!!
S!RT_16X30!00001!TOP!o!v!RECTANGLE!0.4064!0.7620!0.0000!0.0000!!!!0.0000!0.0000!0.0000!0.0000!!!!0.0000!0.0000!0.0000!0.0000!!!
S!RT_16X30!00002!internal_pad_def!o!v!!0.0000!0.0000!0.0000!0.0000!!!!0.0000!0.0000!0.0000!0.0000!!!!0.0000!0.0000!0.0000!0.0000!!!
S!RT_16X30!00003!L2GND!o!v!!0.0000!0.0000!0.0000!0.0000!!!!0.0000!0.0000!0.0000!0.0000!!!!0.0000!0.0000!0.0000!0.0000!!!
S!RT_16X30!00004!INNER3!o!v!!0.0000!0.0000!0.0000!0.0000!!!!0.0000!0.0000!0.0000!0.0000!!!!0.0000!0.0000!0.0000!0.0000!!!
S!RT_16X30!00005!INNER4!o!v!!0.0000!0.0000!0.0000!0.0000!!!!0.0000!0.0000!0.0000!0.0000!!!!0.0000!0.0000!0.0000!0.0000!!!
S!RT_16X30!00006!L3PWR!o!v!!0.0000!0.0000!0.0000!0.0000!!!!0.0000!0.0000!0.0000!0.0000!!!!0.0000!0.0000!0.0000!0.0000!!!
S!RT_16X30!00007!BOTTOM!o!v!!0.0000!0.0000!0.0000!0.0000!!!!0.0000!0.0000!0.0000!0.0000!!!!0.0000!0.0000!0.0000!0.0000!!!
S!RT_16X30!00008!~TSM!o!v!RECTANGLE!0.4064!0.7620!0.0000!0.0000!!!!!!!!!!!!!!!!!
S!RT_16X30!00009!~BSM!o!v!!0.0000!0.0000!0.0000!0.0000!!!!!!!!!!!!!!!!!
S!RT_16X30!00010!~TPM!o!v!RECTANGLE!0.4064!0.7620!0.0000!0.0000!!!!!!!!!!!!!!!!!
S!RT_16X30!00011!~BPM!o!v!!0.0000!0.0000!0.0000!0.0000!!!!!!!!!!!!!!!!!
S!RT_16X30!00012!~TFM!o!v!!0.0000!0.0000!0.0000!0.0000!!!!!!!!!!!!!!!!!
S!RT_16X30!00013!~BFM!o!v!!0.0000!0.0000!0.0000!0.0000!!!!!!!!!!!!!!!!!
S!RT_16X30!00014!~DRILL!o!v!0.0000!0.0000!0.0000!0.0000!0.0000!!P!!n!!!!!!CIRCLE_DRILL!CIRCLE_DRILL!0.0000!0.0000!!!!
S!R180_155!00001!TOP!o!v!RECTANGLE!1.8000!1.5500!0.0000!0.0000!!!!0.0000!0.0000!0.0000!0.0000!!!!0.0000!0.0000!0.0000!0.0000!!!
S!R180_155!00002!internal_pad_def!o!v!!0.0000!0.0000!0.0000!0.0000!!!!0.0000!0.0000!0.0000!0.0000!!!!0.0000!0.0000!0.0000!0.0000!!!
S!R180_155!00003!L2GND!o!v!!0.0000!0.0000!0.0000!0.0000!!!!0.0000!0.0000!0.0000!0.0000!!!!0.0000!0.0000!0.0000!0.0000!!!
S!R180_155!00004!INNER3!o!v!!0.0000!0.0000!0.0000!0.0000!!!!0.0000!0.0000!0.0000!0.0000!!!!0.0000!0.0000!0.0000!0.0000!!!
S!R180_155!00005!INNER4!o!v!!0.0000!0.0000!0.0000!0.0000!!!!0.0000!0.0000!0.0000!0.0000!!!!0.0000!0.0000!0.0000!0.0000!!!
S!R180_155!00006!L3PWR!o!v!!0.0000!0.0000!0.0000!0.0000!!!!0.0000!0.0000!0.0000!0.0000!!!!0.0000!0.0000!0.0000!0.0000!!!
S!R180_155!00007!BOTTOM!o!v!!0.0000!0.0000!0.0000!0.0000!!!!0.0000!0.0000!0.0000!0.0000!!!!0.0000!0.0000!0.0000!0.0000!!!
S!R180_155!00008!~TSM!o!v!RECTANGLE!1.8000!1.5500!0.0000!0.0000!!!!!!!!!!!!!!!!!
S!R180_155!00009!~BSM!o!v!!0.0000!0.0000!0.0000!0.0000!!!!!!!!!!!!!!!!!
S!R180_155!00010!~TPM!o!v!RECTANGLE!1.8000!1.5500!0.0000!0.0000!!!!!!!!!!!!!!!!!
S!R180_155!00011!~BPM!o!v!!0.0000!0.0000!0.0000!0.0000!!!!!!!!!!!!!!!!!
S!R180_155!00012!~TFM!o!v!!0.0000!0.0000!0.0000!0.0000!!!!!!!!!!!!!!!!!
S!R180_155!00013!~BFM!o!v!!0.0000!0.0000!0.0000!0.0000!!!!!!!!!!!!!!!!!
S!R180_155!00014!~DRILL!o!v!0.0000!0.0000!0.0000!0.0000!0.0000!!P!!n!!!!!!CIRCLE_DRILL!CIRCLE_DRILL!0.0000!0.0000!!!!
S!R150_30!00001!TOP!o!v!RECTANGLE!1.5000!0.3000!0.0000!0.0000!!!!0.0000!0.0000!0.0000!0.0000!!!!0.0000!0.0000!0.0000!0.0000!!!
S!R150_30!00002!internal_pad_def!o!v!!0.0000!0.0000!0.0000!0.0000!!!!0.0000!0.0000!0.0000!0.0000!!!!0.0000!0.0000!0.0000!0.0000!!!
S!R150_30!00003!L2GND!o!v!!0.0000!0.0000!0.0000!0.0000!!!!0.0000!0.0000!0.0000!0.0000!!!!0.0000!0.0000!0.0000!0.0000!!!
S!R150_30!00004!INNER3!o!v!!0.0000!0.0000!0.0000!0.0000!!!!0.0000!0.0000!0.0000!0.0000!!!!0.0000!0.0000!0.0000!0.0000!!!
S!R150_30!00005!INNER4!o!v!!0.0000!0.0000!0.0000!0.0000!!!!0.0000!0.0000!0.0000!0.0000!!!!0.0000!0.0000!0.0000!0.0000!!!
S!R150_30!00006!L3PWR!o!v!!0.0000!0.0000!0.0000!0.0000!!!!0.0000!0.0000!0.0000!0.0000!!!!0.0000!0.0000!0.0000!0.0000!!!
S!R150_30!00007!BOTTOM!o!v!!0.0000!0.0000!0.0000!0.0000!!!!0.0000!0.0000!0.0000!0.0000!!!!0.0000!0.0000!0.0000!0.0000!!!
S!R150_30!00008!~TSM!o!v!RECTANGLE!1.5000!0.3000!0.0000!0.0000!!!!!!!!!!!!!!!!!
S!R150_30!00009!~BSM!o!v!!0.0000!0.0000!0.0000!0.0000!!!!!!!!!!!!!!!!!
S!R150_30!00010!~TPM!o!v!RECTANGLE!1.5000!0.3000!0.0000!0.0000!!!!!!!!!!!!!!!!!
S!R150_30!00011!~BPM!o!v!!0.0000!0.0000!0.0000!0.0000!!!!!!!!!!!!!!!!!
S!R150_30!00012!~TFM!o!v!!0.0000!0.0000!0.0000!0.0000!!!!!!!!!!!!!!!!!
S!R150_30!00013!~BFM!o!v!!0.0000!0.0000!0.0000!0.0000!!!!!!!!!!!!!!!!!
S!R150_30!00014!~DRILL!o!v!0.0000!0.0000!0.0000!0.0000!0.0000!!P!!n!!!!!!CIRCLE_DRILL!CIRCLE_DRILL!0.0000!0.0000!!!!
S!S160!00001!TOP!o!v!SQUARE!1.6000!1.6000!0.0000!0.0000!!!!0.0000!0.0000!0.0000!0.0000!!!!0.0000!0.0000!0.0000!0.0000!!!
S!S160!00002!internal_pad_def!o!v!!0.0000!0.0000!0.0000!0.0000!!!!0.0000!0.0000!0.0000!0.0000!!!!0.0000!0.0000!0.0000!0.0000!!!
S!S160!00003!L2GND!o!v!!0.0000!0.0000!0.0000!0.0000!!!!0.0000!0.0000!0.0000!0.0000!!!!0.0000!0.0000!0.0000!0.0000!!!
S!S160!00004!INNER3!o!v!!0.0000!0.0000!0.0000!0.0000!!!!0.0000!0.0000!0.0000!0.0000!!!!0.0000!0.0000!0.0000!0.0000!!!
S!S160!00005!INNER4!o!v!!0.0000!0.0000!0.0000!0.0000!!!!0.0000!0.0000!0.0000!0.0000!!!!0.0000!0.0000!0.0000!0.0000!!!
S!S160!00006!L3PWR!o!v!!0.0000!0.0000!0.0000!0.0000!!!!0.0000!0.0000!0.0000!0.0000!!!!0.0000!0.0000!0.0000!0.0000!!!
S!S160!00007!BOTTOM!o!v!!0.0000!0.0000!0.0000!0.0000!!!!0.0000!0.0000!0.0000!0.0000!!!!0.0000!0.0000!0.0000!0.0000!!!
S!S160!00008!~TSM!o!v!SQUARE!1.6000!1.6000!0.0000!0.0000!!!!!!!!!!!!!!!!!
S!S160!00009!~BSM!o!v!!0.0000!0.0000!0.0000!0.0000!!!!!!!!!!!!!!!!!
S!S160!00010!~TPM!o!v!SQUARE!1.6000!1.6000!0.0000!0.0000!!!!!!!!!!!!!!!!!
S!S160!00011!~BPM!o!v!!0.0000!0.0000!0.0000!0.0000!!!!!!!!!!!!!!!!!
S!S160!00012!~TFM!o!v!!0.0000!0.0000!0.0000!0.0000!!!!!!!!!!!!!!!!!
S!S160!00013!~BFM!o!v!!0.0000!0.0000!0.0000!0.0000!!!!!!!!!!!!!!!!!
S!S160!00014!~DRILL!o!v!0.0000!0.0000!0.0000!0.0000!0.0000!!P!!n!!!!!!CIRCLE_DRILL!CIRCLE_DRILL!0.0000!0.0000!!!!
S!R85_25!00001!TOP!o!v!RECTANGLE!0.8500!0.2500!0.0000!0.0000!!!!0.0000!0.0000!0.0000!0.0000!!!!0.0000!0.0000!0.0000!0.0000!!!
S!R85_25!00002!internal_pad_def!o!v!!0.0000!0.0000!0.0000!0.0000!!!!0.0000!0.0000!0.0000!0.0000!!!!0.0000!0.0000!0.0000!0.0000!!!
S!R85_25!00003!L2GND!o!v!!0.0000!0.0000!0.0000!0.0000!!!!0.0000!0.0000!0.0000!0.0000!!!!0.0000!0.0000!0.0000!0.0000!!!
S!R85_25!00004!INNER3!o!v!!0.0000!0.0000!0.0000!0.0000!!!!0.0000!0.0000!0.0000!0.0000!!!!0.0000!0.0000!0.0000!0.0000!!!
S!R85_25!00005!INNER4!o!v!!0.0000!0.0000!0.0000!0.0000!!!!0.0000!0.0000!0.0000!0.0000!!!!0.0000!0.0000!0.0000!0.0000!!!
S!R85_25!00006!L3PWR!o!v!!0.0000!0.0000!0.0000!0.0000!!!!0.0000!0.0000!0.0000!0.0000!!!!0.0000!0.0000!0.0000!0.0000!!!
S!R85_25!00007!BOTTOM!o!v!!0.0000!0.0000!0.0000!0.0000!!!!0.0000!0.0000!0.0000!0.0000!!!!0.0000!0.0000!0.0000!0.0000!!!
S!R85_25!00008!~TSM!o!v!RECTANGLE!0.8500!0.2500!0.0000!0.0000!!!!!!!!!!!!!!!!!
S!R85_25!00009!~BSM!o!v!!0.0000!0.0000!0.0000!0.0000!!!!!!!!!!!!!!!!!
S!R85_25!00010!~TPM!o!v!RECTANGLE!0.8500!0.2500!0.0000!0.0000!!!!!!!!!!!!!!!!!
S!R85_25!00011!~BPM!o!v!!0.0000!0.0000!0.0000!0.0000!!!!!!!!!!!!!!!!!
S!R85_25!00012!~TFM!o!v!!0.0000!0.0000!0.0000!0.0000!!!!!!!!!!!!!!!!!
S!R85_25!00013!~BFM!o!v!!0.0000!0.0000!0.0000!0.0000!!!!!!!!!!!!!!!!!
S!R85_25!00014!~DRILL!o!v!0.0000!0.0000!0.0000!0.0000!0.0000!!P!!n!!!!!!CIRCLE_DRILL!CIRCLE_DRILL!0.0000!0.0000!!!!
S!NULL!00001!TOP!o!!!0.0000!0.0000!0.0000!0.0000!!!!0.0000!0.0000!0.0000!0.0000!!!!0.0000!0.0000!0.0000!0.0000!!!
S!NULL!00002!internal_pad_def!o!!!0.0000!0.0000!0.0000!0.0000!!!!0.0000!0.0000!0.0000!0.0000!!!!0.0000!0.0000!0.0000!0.0000!!!
S!NULL!00003!L2GND!o!!!0.0000!0.0000!0.0000!0.0000!!!!0.0000!0.0000!0.0000!0.0000!!!!0.0000!0.0000!0.0000!0.0000!!!
S!NULL!00004!INNER3!o!!!0.0000!0.0000!0.0000!0.0000!!!!0.0000!0.0000!0.0000!0.0000!!!!0.0000!0.0000!0.0000!0.0000!!!
S!NULL!00005!INNER4!o!!!0.0000!0.0000!0.0000!0.0000!!!!0.0000!0.0000!0.0000!0.0000!!!!0.0000!0.0000!0.0000!0.0000!!!
S!NULL!00006!L3PWR!o!!!0.0000!0.0000!0.0000!0.0000!!!!0.0000!0.0000!0.0000!0.0000!!!!0.0000!0.0000!0.0000!0.0000!!!
S!NULL!00007!BOTTOM!o!!!0.0000!0.0000!0.0000!0.0000!!!!0.0000!0.0000!0.0000!0.0000!!!!0.0000!0.0000!0.0000!0.0000!!!
S!NULL!00008!~TSM!o!!!0.0000!0.0000!0.0000!0.0000!!!!!!!!!!!!!!!!!
S!NULL!00009!~BSM!o!!!0.0000!0.0000!0.0000!0.0000!!!!!!!!!!!!!!!!!
S!NULL!00010!~TPM!o!!!0.0000!0.0000!0.0000!0.0000!!!!!!!!!!!!!!!!!
S!NULL!00011!~BPM!o!!!0.0000!0.0000!0.0000!0.0000!!!!!!!!!!!!!!!!!
S!NULL!00012!~TFM!o!!!0.0000!0.0000!0.0000!0.0000!!!!!!!!!!!!!!!!!
S!NULL!00013!~BFM!o!!!0.0000!0.0000!0.0000!0.0000!!!!!!!!!!!!!!!!!
S!NULL!00014!~DRILL!o!!0.0000!0.0000!0.0000!0.0000!0.0000!!P!!n!!!!!!CIRCLE_DRILL!CIRCLE_DRILL!0.0000!0.0000!!!!
S!R105_60!00001!TOP!o!v!RECTANGLE!1.0500!0.6000!0.0000!0.0000!!!!0.0000!0.0000!0.0000!0.0000!!!!0.0000!0.0000!0.0000!0.0000!!!
S!R105_60!00002!internal_pad_def!o!v!!0.0000!0.0000!0.0000!0.0000!!!!0.0000!0.0000!0.0000!0.0000!!!!0.0000!0.0000!0.0000!0.0000!!!
S!R105_60!00003!L2GND!o!v!!0.0000!0.0000!0.0000!0.0000!!!!0.0000!0.0000!0.0000!0.0000!!!!0.0000!0.0000!0.0000!0.0000!!!
S!R105_60!00004!INNER3!o!v!!0.0000!0.0000!0.0000!0.0000!!!!0.0000!0.0000!0.0000!0.0000!!!!0.0000!0.0000!0.0000!0.0000!!!
S!R105_60!00005!INNER4!o!v!!0.0000!0.0000!0.0000!0.0000!!!!0.0000!0.0000!0.0000!0.0000!!!!0.0000!0.0000!0.0000!0.0000!!!
S!R105_60!00006!L3PWR!o!v!!0.0000!0.0000!0.0000!0.0000!!!!0.0000!0.0000!0.0000!0.0000!!!!0.0000!0.0000!0.0000!0.0000!!!
S!R105_60!00007!BOTTOM!o!v!!0.0000!0.0000!0.0000!0.0000!!!!0.0000!0.0000!0.0000!0.0000!!!!0.0000!0.0000!0.0000!0.0000!!!
S!R105_60!00008!~TSM!o!v!RECTANGLE!1.0500!0.6000!0.0000!0.0000!!!!!!!!!!!!!!!!!
S!R105_60!00009!~BSM!o!v!!0.0000!0.0000!0.0000!0.0000!!!!!!!!!!!!!!!!!
S!R105_60!00010!~TPM!o!v!RECTANGLE!1.0500!0.6000!0.0000!0.0000!!!!!!!!!!!!!!!!!
S!R105_60!00011!~BPM!o!v!!0.0000!0.0000!0.0000!0.0000!!!!!!!!!!!!!!!!!
S!R105_60!00012!~TFM!o!v!!0.0000!0.0000!0.0000!0.0000!!!!!!!!!!!!!!!!!
S!R105_60!00013!~BFM!o!v!!0.0000!0.0000!0.0000!0.0000!!!!!!!!!!!!!!!!!
S!R105_60!00014!~DRILL!o!v!0.0000!0.0000!0.0000!0.0000!0.0000!!P!!n!!!!!!CIRCLE_DRILL!CIRCLE_DRILL!0.0000!0.0000!!!!
S!R200_50!00001!TOP!o!v!RECTANGLE!2.0000!0.5000!0.0000!0.0000!!!!0.0000!0.0000!0.0000!0.0000!!!!0.0000!0.0000!0.0000!0.0000!!!
S!R200_50!00002!internal_pad_def!o!v!!0.0000!0.0000!0.0000!0.0000!!!!0.0000!0.0000!0.0000!0.0000!!!!0.0000!0.0000!0.0000!0.0000!!!
S!R200_50!00003!L2GND!o!v!!0.0000!0.0000!0.0000!0.0000!!!!0.0000!0.0000!0.0000!0.0000!!!!0.0000!0.0000!0.0000!0.0000!!!
S!R200_50!00004!INNER3!o!v!!0.0000!0.0000!0.0000!0.0000!!!!0.0000!0.0000!0.0000!0.0000!!!!0.0000!0.0000!0.0000!0.0000!!!
S!R200_50!00005!INNER4!o!v!!0.0000!0.0000!0.0000!0.0000!!!!0.0000!0.0000!0.0000!0.0000!!!!0.0000!0.0000!0.0000!0.0000!!!
S!R200_50!00006!L3PWR!o!v!!0.0000!0.0000!0.0000!0.0000!!!!0.0000!0.0000!0.0000!0.0000!!!!0.0000!0.0000!0.0000!0.0000!!!
S!R200_50!00007!BOTTOM!o!v!!0.0000!0.0000!0.0000!0.0000!!!!0.0000!0.0000!0.0000!0.0000!!!!0.0000!0.0000!0.0000!0.0000!!!
S!R200_50!00008!~TSM!o!v!RECTANGLE!2.0000!0.5000!0.0000!0.0000!!!!!!!!!!!!!!!!!
S!R200_50!00009!~BSM!o!v!!0.0000!0.0000!0.0000!0.0000!!!!!!!!!!!!!!!!!
S!R200_50!00010!~TPM!o!v!RECTANGLE!2.0000!0.5000!0.0000!0.0000!!!!!!!!!!!!!!!!!
S!R200_50!00011!~BPM!o!v!!0.0000!0.0000!0.0000!0.0000!!!!!!!!!!!!!!!!!
S!R200_50!00012!~TFM!o!v!!0.0000!0.0000!0.0000!0.0000!!!!!!!!!!!!!!!!!
S!R200_50!00013!~BFM!o!v!!0.0000!0.0000!0.0000!0.0000!!!!!!!!!!!!!!!!!
S!R200_50!00014!~DRILL!o!v!0.0000!0.0000!0.0000!0.0000!0.0000!!P!!n!!!!!!CIRCLE_DRILL!CIRCLE_DRILL!0.0000!0.0000!!!!
S!RT_15X70!00001!TOP!o!v!RECTANGLE!0.3810!1.7780!0.0000!0.0000!!!!0.0000!0.0000!0.0000!0.0000!!!!0.0000!0.0000!0.0000!0.0000!!!
S!RT_15X70!00002!internal_pad_def!o!v!!0.0000!0.0000!0.0000!0.0000!!!!0.0000!0.0000!0.0000!0.0000!!!!0.0000!0.0000!0.0000!0.0000!!!
S!RT_15X70!00003!L2GND!o!v!!0.0000!0.0000!0.0000!0.0000!!!!0.0000!0.0000!0.0000!0.0000!!!!0.0000!0.0000!0.0000!0.0000!!!
S!RT_15X70!00004!INNER3!o!v!!0.0000!0.0000!0.0000!0.0000!!!!0.0000!0.0000!0.0000!0.0000!!!!0.0000!0.0000!0.0000!0.0000!!!
S!RT_15X70!00005!INNER4!o!v!!0.0000!0.0000!0.0000!0.0000!!!!0.0000!0.0000!0.0000!0.0000!!!!0.0000!0.0000!0.0000!0.0000!!!
S!RT_15X70!00006!L3PWR!o!v!!0.0000!0.0000!0.0000!0.0000!!!!0.0000!0.0000!0.0000!0.0000!!!!0.0000!0.0000!0.0000!0.0000!!!
S!RT_15X70!00007!BOTTOM!o!v!!0.0000!0.0000!0.0000!0.0000!!!!0.0000!0.0000!0.0000!0.0000!!!!0.0000!0.0000!0.0000!0.0000!!!
S!RT_15X70!00008!~TSM!o!v!RECTANGLE!0.3810!1.7780!0.0000!0.0000!!!!!!!!!!!!!!!!!
S!RT_15X70!00009!~BSM!o!v!!0.0000!0.0000!0.0000!0.0000!!!!!!!!!!!!!!!!!
S!RT_15X70!00010!~TPM!o!v!RECTANGLE!0.3810!1.7780!0.0000!0.0000!!!!!!!!!!!!!!!!!
S!RT_15X70!00011!~BPM!o!v!!0.0000!0.0000!0.0000!0.0000!!!!!!!!!!!!!!!!!
S!RT_15X70!00012!~TFM!o!v!!0.0000!0.0000!0.0000!0.0000!!!!!!!!!!!!!!!!!
S!RT_15X70!00013!~BFM!o!v!!0.0000!0.0000!0.0000!0.0000!!!!!!!!!!!!!!!!!
S!RT_15X70!00014!~DRILL!o!v!0.0000!0.0000!0.0000!0.0000!0.0000!!P!!n!!!!!!CIRCLE_DRILL!CIRCLE_DRILL!0.0000!0.0000!!!!
S!S325!00001!TOP!o!v!SQUARE!3.2500!3.2500!0.0000!0.0000!!!!0.0000!0.0000!0.0000!0.0000!!!!0.0000!0.0000!0.0000!0.0000!!!
S!S325!00002!internal_pad_def!o!v!!0.0000!0.0000!0.0000!0.0000!!!!0.0000!0.0000!0.0000!0.0000!!!!0.0000!0.0000!0.0000!0.0000!!!
S!S325!00003!L2GND!o!v!!0.0000!0.0000!0.0000!0.0000!!!!0.0000!0.0000!0.0000!0.0000!!!!0.0000!0.0000!0.0000!0.0000!!!
S!S325!00004!INNER3!o!v!!0.0000!0.0000!0.0000!0.0000!!!!0.0000!0.0000!0.0000!0.0000!!!!0.0000!0.0000!0.0000!0.0000!!!
S!S325!00005!INNER4!o!v!!0.0000!0.0000!0.0000!0.0000!!!!0.0000!0.0000!0.0000!0.0000!!!!0.0000!0.0000!0.0000!0.0000!!!
S!S325!00006!L3PWR!o!v!!0.0000!0.0000!0.0000!0.0000!!!!0.0000!0.0000!0.0000!0.0000!!!!0.0000!0.0000!0.0000!0.0000!!!
S!S325!00007!BOTTOM!o!v!!0.0000!0.0000!0.0000!0.0000!!!!0.0000!0.0000!0.0000!0.0000!!!!0.0000!0.0000!0.0000!0.0000!!!
S!S325!00008!~TSM!o!v!SQUARE!3.2500!3.2500!0.0000!0.0000!!!!!!!!!!!!!!!!!
S!S325!00009!~BSM!o!v!!0.0000!0.0000!0.0000!0.0000!!!!!!!!!!!!!!!!!
S!S325!00010!~TPM!o!v!SQUARE!3.2500!3.2500!0.0000!0.0000!!!!!!!!!!!!!!!!!
S!S325!00011!~BPM!o!v!!0.0000!0.0000!0.0000!0.0000!!!!!!!!!!!!!!!!!
S!S325!00012!~TFM!o!v!!0.0000!0.0000!0.0000!0.0000!!!!!!!!!!!!!!!!!
S!S325!00013!~BFM!o!v!!0.0000!0.0000!0.0000!0.0000!!!!!!!!!!!!!!!!!
S!S325!00014!~DRILL!o!v!0.0000!0.0000!0.0000!0.0000!0.0000!!P!!n!!!!!!CIRCLE_DRILL!CIRCLE_DRILL!0.0000!0.0000!!!!
S!R80_25!00001!TOP!o!v!RECTANGLE!0.8000!0.2500!0.0000!0.0000!!!!0.0000!0.0000!0.0000!0.0000!!!!0.0000!0.0000!0.0000!0.0000!!!
S!R80_25!00002!internal_pad_def!o!v!!0.0000!0.0000!0.0000!0.0000!!!!0.0000!0.0000!0.0000!0.0000!!!!0.0000!0.0000!0.0000!0.0000!!!
S!R80_25!00003!L2GND!o!v!!0.0000!0.0000!0.0000!0.0000!!!!0.0000!0.0000!0.0000!0.0000!!!!0.0000!0.0000!0.0000!0.0000!!!
S!R80_25!00004!INNER3!o!v!!0.0000!0.0000!0.0000!0.0000!!!!0.0000!0.0000!0.0000!0.0000!!!!0.0000!0.0000!0.0000!0.0000!!!
S!R80_25!00005!INNER4!o!v!!0.0000!0.0000!0.0000!0.0000!!!!0.0000!0.0000!0.0000!0.0000!!!!0.0000!0.0000!0.0000!0.0000!!!
S!R80_25!00006!L3PWR!o!v!!0.0000!0.0000!0.0000!0.0000!!!!0.0000!0.0000!0.0000!0.0000!!!!0.0000!0.0000!0.0000!0.0000!!!
S!R80_25!00007!BOTTOM!o!v!!0.0000!0.0000!0.0000!0.0000!!!!0.0000!0.0000!0.0000!0.0000!!!!0.0000!0.0000!0.0000!0.0000!!!
S!R80_25!00008!~TSM!o!v!RECTANGLE!0.8000!0.2500!0.0000!0.0000!!!!!!!!!!!!!!!!!
S!R80_25!00009!~BSM!o!v!!0.0000!0.0000!0.0000!0.0000!!!!!!!!!!!!!!!!!
S!R80_25!00010!~TPM!o!v!RECTANGLE!0.8000!0.2500!0.0000!0.0000!!!!!!!!!!!!!!!!!
S!R80_25!00011!~BPM!o!v!!0.0000!0.0000!0.0000!0.0000!!!!!!!!!!!!!!!!!
S!R80_25!00012!~TFM!o!v!!0.0000!0.0000!0.0000!0.0000!!!!!!!!!!!!!!!!!
S!R80_25!00013!~BFM!o!v!!0.0000!0.0000!0.0000!0.0000!!!!!!!!!!!!!!!!!
S!R80_25!00014!~DRILL!o!v!0.0000!0.0000!0.0000!0.0000!0.0000!!P!!n!!!!!!CIRCLE_DRILL!CIRCLE_DRILL!0.0000!0.0000!!!!
S!R270_155!00001!TOP!f!v!RECTANGLE!2.7000!1.5500!0.0000!0.0000!!!!0.0000!0.0000!0.0000!0.0000!!!!0.0000!0.0000!0.0000!0.0000!!!
S!R270_155!00002!internal_pad_def!f!v!!0.0000!0.0000!0.0000!0.0000!!!!0.0000!0.0000!0.0000!0.0000!!!!0.0000!0.0000!0.0000!0.0000!!!
S!R270_155!00003!L2GND!f!v!!0.0000!0.0000!0.0000!0.0000!!!!0.0000!0.0000!0.0000!0.0000!!!!0.0000!0.0000!0.0000!0.0000!!!
S!R270_155!00004!INNER3!f!v!!0.0000!0.0000!0.0000!0.0000!!!!0.0000!0.0000!0.0000!0.0000!!!!0.0000!0.0000!0.0000!0.0000!!!
S!R270_155!00005!INNER4!f!v!!0.0000!0.0000!0.0000!0.0000!!!!0.0000!0.0000!0.0000!0.0000!!!!0.0000!0.0000!0.0000!0.0000!!!
S!R270_155!00006!L3PWR!f!v!!0.0000!0.0000!0.0000!0.0000!!!!0.0000!0.0000!0.0000!0.0000!!!!0.0000!0.0000!0.0000!0.0000!!!
S!R270_155!00007!BOTTOM!f!v!!0.0000!0.0000!0.0000!0.0000!!!!0.0000!0.0000!0.0000!0.0000!!!!0.0000!0.0000!0.0000!0.0000!!!
S!R270_155!00008!~TSM!f!v!RECTANGLE!2.7000!1.5500!0.0000!0.0000!!!!!!!!!!!!!!!!!
S!R270_155!00009!~BSM!f!v!!0.0000!0.0000!0.0000!0.0000!!!!!!!!!!!!!!!!!
S!R270_155!00010!~TPM!f!v!RECTANGLE!2.7000!1.5500!0.0000!0.0000!!!!!!!!!!!!!!!!!
S!R270_155!00011!~BPM!f!v!!0.0000!0.0000!0.0000!0.0000!!!!!!!!!!!!!!!!!
S!R270_155!00012!~TFM!f!v!!0.0000!0.0000!0.0000!0.0000!!!!!!!!!!!!!!!!!
S!R270_155!00013!~BFM!f!v!!0.0000!0.0000!0.0000!0.0000!!!!!!!!!!!!!!!!!
S!R270_155!00014!~DRILL!f!v!0.0000!0.0000!0.0000!0.0000!0.0000!!P!!n!!!!!!CIRCLE_DRILL!CIRCLE_DRILL!0.0000!0.0000!!!!
S!RT_70X125!00001!TOP!o!v!RECTANGLE!1.7780!3.1750!0.0000!0.0000!!!!0.0000!0.0000!0.0000!0.0000!!!!0.0000!0.0000!0.0000!0.0000!!!
S!RT_70X125!00002!internal_pad_def!o!v!!0.0000!0.0000!0.0000!0.0000!!!!0.0000!0.0000!0.0000!0.0000!!!!0.0000!0.0000!0.0000!0.0000!!!
S!RT_70X125!00003!L2GND!o!v!!0.0000!0.0000!0.0000!0.0000!!!!0.0000!0.0000!0.0000!0.0000!!!!0.0000!0.0000!0.0000!0.0000!!!
S!RT_70X125!00004!INNER3!o!v!!0.0000!0.0000!0.0000!0.0000!!!!0.0000!0.0000!0.0000!0.0000!!!!0.0000!0.0000!0.0000!0.0000!!!
S!RT_70X125!00005!INNER4!o!v!!0.0000!0.0000!0.0000!0.0000!!!!0.0000!0.0000!0.0000!0.0000!!!!0.0000!0.0000!0.0000!0.0000!!!
S!RT_70X125!00006!L3PWR!o!v!!0.0000!0.0000!0.0000!0.0000!!!!0.0000!0.0000!0.0000!0.0000!!!!0.0000!0.0000!0.0000!0.0000!!!
S!RT_70X125!00007!BOTTOM!o!v!!0.0000!0.0000!0.0000!0.0000!!!!0.0000!0.0000!0.0000!0.0000!!!!0.0000!0.0000!0.0000!0.0000!!!
S!RT_70X125!00008!~TSM!o!v!RECTANGLE!1.7780!3.1750!0.0000!0.0000!!!!!!!!!!!!!!!!!
S!RT_70X125!00009!~BSM!o!v!!0.0000!0.0000!0.0000!0.0000!!!!!!!!!!!!!!!!!
S!RT_70X125!00010!~TPM!o!v!RECTANGLE!1.7780!3.1750!0.0000!0.0000!!!!!!!!!!!!!!!!!
S!RT_70X125!00011!~BPM!o!v!!0.0000!0.0000!0.0000!0.0000!!!!!!!!!!!!!!!!!
S!RT_70X125!00012!~TFM!o!v!!0.0000!0.0000!0.0000!0.0000!!!!!!!!!!!!!!!!!
S!RT_70X125!00013!~BFM!o!v!!0.0000!0.0000!0.0000!0.0000!!!!!!!!!!!!!!!!!
S!RT_70X125!00014!~DRILL!o!v!0.0000!0.0000!0.0000!0.0000!0.0000!!P!!n!!!!!!CIRCLE_DRILL!CIRCLE_DRILL!0.0000!0.0000!!!!
S!R115_60!00001!TOP!o!v!RECTANGLE!1.1500!0.6000!0.0000!0.0000!!!!0.0000!0.0000!0.0000!0.0000!!!!0.0000!0.0000!0.0000!0.0000!!!
S!R115_60!00002!internal_pad_def!o!v!!0.0000!0.0000!0.0000!0.0000!!!!0.0000!0.0000!0.0000!0.0000!!!!0.0000!0.0000!0.0000!0.0000!!!
S!R115_60!00003!L2GND!o!v!!0.0000!0.0000!0.0000!0.0000!!!!0.0000!0.0000!0.0000!0.0000!!!!0.0000!0.0000!0.0000!0.0000!!!
S!R115_60!00004!INNER3!o!v!!0.0000!0.0000!0.0000!0.0000!!!!0.0000!0.0000!0.0000!0.0000!!!!0.0000!0.0000!0.0000!0.0000!!!
S!R115_60!00005!INNER4!o!v!!0.0000!0.0000!0.0000!0.0000!!!!0.0000!0.0000!0.0000!0.0000!!!!0.0000!0.0000!0.0000!0.0000!!!
S!R115_60!00006!L3PWR!o!v!!0.0000!0.0000!0.0000!0.0000!!!!0.0000!0.0000!0.0000!0.0000!!!!0.0000!0.0000!0.0000!0.0000!!!
S!R115_60!00007!BOTTOM!o!v!!0.0000!0.0000!0.0000!0.0000!!!!0.0000!0.0000!0.0000!0.0000!!!!0.0000!0.0000!0.0000!0.0000!!!
S!R115_60!00008!~TSM!o!v!RECTANGLE!1.1500!0.6000!0.0000!0.0000!!!!!!!!!!!!!!!!!
S!R115_60!00009!~BSM!o!v!!0.0000!0.0000!0.0000!0.0000!!!!!!!!!!!!!!!!!
S!R115_60!00010!~TPM!o!v!RECTANGLE!1.1500!0.6000!0.0000!0.0000!!!!!!!!!!!!!!!!!
S!R115_60!00011!~BPM!o!v!!0.0000!0.0000!0.0000!0.0000!!!!!!!!!!!!!!!!!
S!R115_60!00012!~TFM!o!v!!0.0000!0.0000!0.0000!0.0000!!!!!!!!!!!!!!!!!
S!R115_60!00013!~BFM!o!v!!0.0000!0.0000!0.0000!0.0000!!!!!!!!!!!!!!!!!
S!R115_60!00014!~DRILL!o!v!0.0000!0.0000!0.0000!0.0000!0.0000!!P!!n!!!!!!CIRCLE_DRILL!CIRCLE_DRILL!0.0000!0.0000!!!!
S!R85_30!00001!TOP!o!v!RECTANGLE!0.8500!0.3000!0.0000!0.0000!!!!0.0000!0.0000!0.0000!0.0000!!!!0.0000!0.0000!0.0000!0.0000!!!
S!R85_30!00002!internal_pad_def!o!v!!0.0000!0.0000!0.0000!0.0000!!!!0.0000!0.0000!0.0000!0.0000!!!!0.0000!0.0000!0.0000!0.0000!!!
S!R85_30!00003!L2GND!o!v!!0.0000!0.0000!0.0000!0.0000!!!!0.0000!0.0000!0.0000!0.0000!!!!0.0000!0.0000!0.0000!0.0000!!!
S!R85_30!00004!INNER3!o!v!!0.0000!0.0000!0.0000!0.0000!!!!0.0000!0.0000!0.0000!0.0000!!!!0.0000!0.0000!0.0000!0.0000!!!
S!R85_30!00005!INNER4!o!v!!0.0000!0.0000!0.0000!0.0000!!!!0.0000!0.0000!0.0000!0.0000!!!!0.0000!0.0000!0.0000!0.0000!!!
S!R85_30!00006!L3PWR!o!v!!0.0000!0.0000!0.0000!0.0000!!!!0.0000!0.0000!0.0000!0.0000!!!!0.0000!0.0000!0.0000!0.0000!!!
S!R85_30!00007!BOTTOM!o!v!!0.0000!0.0000!0.0000!0.0000!!!!0.0000!0.0000!0.0000!0.0000!!!!0.0000!0.0000!0.0000!0.0000!!!
S!R85_30!00008!~TSM!o!v!RECTANGLE!0.8500!0.3000!0.0000!0.0000!!!!!!!!!!!!!!!!!
S!R85_30!00009!~BSM!o!v!!0.0000!0.0000!0.0000!0.0000!!!!!!!!!!!!!!!!!
S!R85_30!00010!~TPM!o!v!RECTANGLE!0.8500!0.3000!0.0000!0.0000!!!!!!!!!!!!!!!!!
S!R85_30!00011!~BPM!o!v!!0.0000!0.0000!0.0000!0.0000!!!!!!!!!!!!!!!!!
S!R85_30!00012!~TFM!o!v!!0.0000!0.0000!0.0000!0.0000!!!!!!!!!!!!!!!!!
S!R85_30!00013!~BFM!o!v!!0.0000!0.0000!0.0000!0.0000!!!!!!!!!!!!!!!!!
S!R85_30!00014!~DRILL!o!v!0.0000!0.0000!0.0000!0.0000!0.0000!!P!!n!!!!!!CIRCLE_DRILL!CIRCLE_DRILL!0.0000!0.0000!!!!
S!R160_60!00001!TOP!o!v!RECTANGLE!1.6000!0.6000!0.0000!0.0000!!!!0.0000!0.0000!0.0000!0.0000!!!!0.0000!0.0000!0.0000!0.0000!!!
S!R160_60!00002!internal_pad_def!o!v!!0.0000!0.0000!0.0000!0.0000!!!!0.0000!0.0000!0.0000!0.0000!!!!0.0000!0.0000!0.0000!0.0000!!!
S!R160_60!00003!L2GND!o!v!!0.0000!0.0000!0.0000!0.0000!!!!0.0000!0.0000!0.0000!0.0000!!!!0.0000!0.0000!0.0000!0.0000!!!
S!R160_60!00004!INNER3!o!v!!0.0000!0.0000!0.0000!0.0000!!!!0.0000!0.0000!0.0000!0.0000!!!!0.0000!0.0000!0.0000!0.0000!!!
S!R160_60!00005!INNER4!o!v!!0.0000!0.0000!0.0000!0.0000!!!!0.0000!0.0000!0.0000!0.0000!!!!0.0000!0.0000!0.0000!0.0000!!!
S!R160_60!00006!L3PWR!o!v!!0.0000!0.0000!0.0000!0.0000!!!!0.0000!0.0000!0.0000!0.0000!!!!0.0000!0.0000!0.0000!0.0000!!!
S!R160_60!00007!BOTTOM!o!v!!0.0000!0.0000!0.0000!0.0000!!!!0.0000!0.0000!0.0000!0.0000!!!!0.0000!0.0000!0.0000!0.0000!!!
S!R160_60!00008!~TSM!o!v!RECTANGLE!1.6000!0.6000!0.0000!0.0000!!!!!!!!!!!!!!!!!
S!R160_60!00009!~BSM!o!v!!0.0000!0.0000!0.0000!0.0000!!!!!!!!!!!!!!!!!
S!R160_60!00010!~TPM!o!v!RECTANGLE!1.6000!0.6000!0.0000!0.0000!!!!!!!!!!!!!!!!!
S!R160_60!00011!~BPM!o!v!!0.0000!0.0000!0.0000!0.0000!!!!!!!!!!!!!!!!!
S!R160_60!00012!~TFM!o!v!!0.0000!0.0000!0.0000!0.0000!!!!!!!!!!!!!!!!!
S!R160_60!00013!~BFM!o!v!!0.0000!0.0000!0.0000!0.0000!!!!!!!!!!!!!!!!!
S!R160_60!00014!~DRILL!o!v!0.0000!0.0000!0.0000!0.0000!0.0000!!P!!n!!!!!!CIRCLE_DRILL!CIRCLE_DRILL!0.0000!0.0000!!!!
S!MIRE_OPTIQUE_B!00001!TOP!o!v!!0.0000!0.0000!0.0000!0.0000!!!!0.0000!0.0000!0.0000!0.0000!!!!0.0000!0.0000!0.0000!0.0000!!!
S!MIRE_OPTIQUE_B!00002!internal_pad_def!o!v!!0.0000!0.0000!0.0000!0.0000!!!!0.0000!0.0000!0.0000!0.0000!!!!0.0000!0.0000!0.0000!0.0000!!!
S!MIRE_OPTIQUE_B!00003!L2GND!o!v!!0.0000!0.0000!0.0000!0.0000!!!!0.0000!0.0000!0.0000!0.0000!!!!0.0000!0.0000!0.0000!0.0000!!!
S!MIRE_OPTIQUE_B!00004!INNER3!o!v!!0.0000!0.0000!0.0000!0.0000!!!!0.0000!0.0000!0.0000!0.0000!!!!0.0000!0.0000!0.0000!0.0000!!!
S!MIRE_OPTIQUE_B!00005!INNER4!o!v!!0.0000!0.0000!0.0000!0.0000!!!!0.0000!0.0000!0.0000!0.0000!!!!0.0000!0.0000!0.0000!0.0000!!!
S!MIRE_OPTIQUE_B!00006!L3PWR!o!v!!0.0000!0.0000!0.0000!0.0000!!!!0.0000!0.0000!0.0000!0.0000!!!!0.0000!0.0000!0.0000!0.0000!!!
S!MIRE_OPTIQUE_B!00007!BOTTOM!o!v!SQUARE!2.0066!2.0066!0.0000!0.0000!MIRE_OPT1!!!0.0000!0.0000!0.0000!0.0000!!!!0.0000!0.0000!0.0000!0.0000!!!
S!MIRE_OPTIQUE_B!00008!~TSM!o!v!!0.0000!0.0000!0.0000!0.0000!!!!!!!!!!!!!!!!!
S!MIRE_OPTIQUE_B!00009!~BSM!o!v!SQUARE!3.9878!3.9878!0.0000!0.0000!MIRE_OPT2!!!!!!!!!!!!!!!!
S!MIRE_OPTIQUE_B!00010!~TPM!o!v!!0.0000!0.0000!0.0000!0.0000!!!!!!!!!!!!!!!!!
S!MIRE_OPTIQUE_B!00011!~BPM!o!v!!0.0000!0.0000!0.0000!0.0000!!!!!!!!!!!!!!!!!
S!MIRE_OPTIQUE_B!00012!~TFM!o!v!!0.0000!0.0000!0.0000!0.0000!!!!!!!!!!!!!!!!!
S!MIRE_OPTIQUE_B!00013!~BFM!o!v!!0.0000!0.0000!0.0000!0.0000!!!!!!!!!!!!!!!!!
S!MIRE_OPTIQUE_B!00014!~DRILL!o!v!0.0000!0.0000!0.0000!0.0000!0.0000!!P!!n!!!!!!CIRCLE_DRILL!CIRCLE_DRILL!0.0000!0.0000!!!!
S!MIRE_OPTIQUE_T!00001!TOP!o!v!SQUARE!2.0066!2.0066!0.0000!0.0000!MIRE_OPT1!!!0.0000!0.0000!0.0000!0.0000!!!!0.0000!0.0000!0.0000!0.0000!!!
S!MIRE_OPTIQUE_T!00002!internal_pad_def!o!v!!0.0000!0.0000!0.0000!0.0000!!!!0.0000!0.0000!0.0000!0.0000!!!!0.0000!0.0000!0.0000!0.0000!!!
S!MIRE_OPTIQUE_T!00003!L2GND!o!v!!0.0000!0.0000!0.0000!0.0000!!!!0.0000!0.0000!0.0000!0.0000!!!!0.0000!0.0000!0.0000!0.0000!!!
S!MIRE_OPTIQUE_T!00004!INNER3!o!v!!0.0000!0.0000!0.0000!0.0000!!!!0.0000!0.0000!0.0000!0.0000!!!!0.0000!0.0000!0.0000!0.0000!!!
S!MIRE_OPTIQUE_T!00005!INNER4!o!v!!0.0000!0.0000!0.0000!0.0000!!!!0.0000!0.0000!0.0000!0.0000!!!!0.0000!0.0000!0.0000!0.0000!!!
S!MIRE_OPTIQUE_T!00006!L3PWR!o!v!!0.0000!0.0000!0.0000!0.0000!!!!0.0000!0.0000!0.0000!0.0000!!!!0.0000!0.0000!0.0000!0.0000!!!
S!MIRE_OPTIQUE_T!00007!BOTTOM!o!v!!0.0000!0.0000!0.0000!0.0000!!!!0.0000!0.0000!0.0000!0.0000!!!!0.0000!0.0000!0.0000!0.0000!!!
S!MIRE_OPTIQUE_T!00008!~TSM!o!v!SQUARE!3.9878!3.9878!0.0000!0.0000!MIRE_OPT2!!!!!!!!!!!!!!!!
S!MIRE_OPTIQUE_T!00009!~BSM!o!v!!0.0000!0.0000!0.0000!0.0000!!!!!!!!!!!!!!!!!
S!MIRE_OPTIQUE_T!00010!~TPM!o!v!!0.0000!0.0000!0.0000!0.0000!!!!!!!!!!!!!!!!!
S!MIRE_OPTIQUE_T!00011!~BPM!o!v!!0.0000!0.0000!0.0000!0.0000!!!!!!!!!!!!!!!!!
S!MIRE_OPTIQUE_T!00012!~TFM!o!v!!0.0000!0.0000!0.0000!0.0000!!!!!!!!!!!!!!!!!
S!MIRE_OPTIQUE_T!00013!~BFM!o!v!!0.0000!0.0000!0.0000!0.0000!!!!!!!!!!!!!!!!!
S!MIRE_OPTIQUE_T!00014!~DRILL!o!v!0.0000!0.0000!0.0000!0.0000!0.0000!!P!!n!!!!!!CIRCLE_DRILL!CIRCLE_DRILL!0.0000!0.0000!!!!
S!R150_45!00001!TOP!o!v!RECTANGLE!1.5000!0.4500!0.0000!0.0000!!!!0.0000!0.0000!0.0000!0.0000!!!!0.0000!0.0000!0.0000!0.0000!!!
S!R150_45!00002!internal_pad_def!o!v!!0.0000!0.0000!0.0000!0.0000!!!!0.0000!0.0000!0.0000!0.0000!!!!0.0000!0.0000!0.0000!0.0000!!!
S!R150_45!00003!L2GND!o!v!!0.0000!0.0000!0.0000!0.0000!!!!0.0000!0.0000!0.0000!0.0000!!!!0.0000!0.0000!0.0000!0.0000!!!
S!R150_45!00004!INNER3!o!v!!0.0000!0.0000!0.0000!0.0000!!!!0.0000!0.0000!0.0000!0.0000!!!!0.0000!0.0000!0.0000!0.0000!!!
S!R150_45!00005!INNER4!o!v!!0.0000!0.0000!0.0000!0.0000!!!!0.0000!0.0000!0.0000!0.0000!!!!0.0000!0.0000!0.0000!0.0000!!!
S!R150_45!00006!L3PWR!o!v!!0.0000!0.0000!0.0000!0.0000!!!!0.0000!0.0000!0.0000!0.0000!!!!0.0000!0.0000!0.0000!0.0000!!!
S!R150_45!00007!BOTTOM!o!v!!0.0000!0.0000!0.0000!0.0000!!!!0.0000!0.0000!0.0000!0.0000!!!!0.0000!0.0000!0.0000!0.0000!!!
S!R150_45!00008!~TSM!o!v!RECTANGLE!1.5000!0.4500!0.0000!0.0000!!!!!!!!!!!!!!!!!
S!R150_45!00009!~BSM!o!v!!0.0000!0.0000!0.0000!0.0000!!!!!!!!!!!!!!!!!
S!R150_45!00010!~TPM!o!v!RECTANGLE!1.5000!0.4500!0.0000!0.0000!!!!!!!!!!!!!!!!!
S!R150_45!00011!~BPM!o!v!!0.0000!0.0000!0.0000!0.0000!!!!!!!!!!!!!!!!!
S!R150_45!00012!~TFM!o!v!!0.0000!0.0000!0.0000!0.0000!!!!!!!!!!!!!!!!!
S!R150_45!00013!~BFM!o!v!!0.0000!0.0000!0.0000!0.0000!!!!!!!!!!!!!!!!!
S!R150_45!00014!~DRILL!o!v!0.0000!0.0000!0.0000!0.0000!0.0000!!P!!n!!!!!!CIRCLE_DRILL!CIRCLE_DRILL!0.0000!0.0000!!!!
S!RTM_14X12!00001!TOP!o!v!RECTANGLE!1.4000!1.2000!0.0000!0.0000!!!!0.0000!0.0000!0.0000!0.0000!!!!0.0000!0.0000!0.0000!0.0000!!!
S!RTM_14X12!00002!internal_pad_def!o!v!!0.0000!0.0000!0.0000!0.0000!!!!0.0000!0.0000!0.0000!0.0000!!!!0.0000!0.0000!0.0000!0.0000!!!
S!RTM_14X12!00003!L2GND!o!v!!0.0000!0.0000!0.0000!0.0000!!!!0.0000!0.0000!0.0000!0.0000!!!!0.0000!0.0000!0.0000!0.0000!!!
S!RTM_14X12!00004!INNER3!o!v!!0.0000!0.0000!0.0000!0.0000!!!!0.0000!0.0000!0.0000!0.0000!!!!0.0000!0.0000!0.0000!0.0000!!!
S!RTM_14X12!00005!INNER4!o!v!!0.0000!0.0000!0.0000!0.0000!!!!0.0000!0.0000!0.0000!0.0000!!!!0.0000!0.0000!0.0000!0.0000!!!
S!RTM_14X12!00006!L3PWR!o!v!!0.0000!0.0000!0.0000!0.0000!!!!0.0000!0.0000!0.0000!0.0000!!!!0.0000!0.0000!0.0000!0.0000!!!
S!RTM_14X12!00007!BOTTOM!o!v!!0.0000!0.0000!0.0000!0.0000!!!!0.0000!0.0000!0.0000!0.0000!!!!0.0000!0.0000!0.0000!0.0000!!!
S!RTM_14X12!00008!~TSM!o!v!RECTANGLE!1.4000!1.2000!0.0000!0.0000!!!!!!!!!!!!!!!!!
S!RTM_14X12!00009!~BSM!o!v!!0.0000!0.0000!0.0000!0.0000!!!!!!!!!!!!!!!!!
S!RTM_14X12!00010!~TPM!o!v!RECTANGLE!1.4000!1.2000!0.0000!0.0000!!!!!!!!!!!!!!!!!
S!RTM_14X12!00011!~BPM!o!v!!0.0000!0.0000!0.0000!0.0000!!!!!!!!!!!!!!!!!
S!RTM_14X12!00012!~TFM!o!v!!0.0000!0.0000!0.0000!0.0000!!!!!!!!!!!!!!!!!
S!RTM_14X12!00013!~BFM!o!v!!0.0000!0.0000!0.0000!0.0000!!!!!!!!!!!!!!!!!
S!RTM_14X12!00014!~DRILL!o!v!0.0000!0.0000!0.0000!0.0000!0.0000!!P!!n!!!!!!CIRCLE_DRILL!CIRCLE_DRILL!0.0000!0.0000!!!!
S!SQM_06!00001!TOP!o!v!SQUARE!0.6000!0.6000!0.0000!0.0000!!!!0.0000!0.0000!0.0000!0.0000!!!!0.0000!0.0000!0.0000!0.0000!!!
S!SQM_06!00002!internal_pad_def!o!v!!0.0000!0.0000!0.0000!0.0000!!!!0.0000!0.0000!0.0000!0.0000!!!!0.0000!0.0000!0.0000!0.0000!!!
S!SQM_06!00003!L2GND!o!v!!0.0000!0.0000!0.0000!0.0000!!!!0.0000!0.0000!0.0000!0.0000!!!!0.0000!0.0000!0.0000!0.0000!!!
S!SQM_06!00004!INNER3!o!v!!0.0000!0.0000!0.0000!0.0000!!!!0.0000!0.0000!0.0000!0.0000!!!!0.0000!0.0000!0.0000!0.0000!!!
S!SQM_06!00005!INNER4!o!v!!0.0000!0.0000!0.0000!0.0000!!!!0.0000!0.0000!0.0000!0.0000!!!!0.0000!0.0000!0.0000!0.0000!!!
S!SQM_06!00006!L3PWR!o!v!!0.0000!0.0000!0.0000!0.0000!!!!0.0000!0.0000!0.0000!0.0000!!!!0.0000!0.0000!0.0000!0.0000!!!
S!SQM_06!00007!BOTTOM!o!v!!0.0000!0.0000!0.0000!0.0000!!!!0.0000!0.0000!0.0000!0.0000!!!!0.0000!0.0000!0.0000!0.0000!!!
S!SQM_06!00008!~TSM!o!v!SQUARE!0.6000!0.6000!0.0000!0.0000!!!!!!!!!!!!!!!!!
S!SQM_06!00009!~BSM!o!v!!0.0000!0.0000!0.0000!0.0000!!!!!!!!!!!!!!!!!
S!SQM_06!00010!~TPM!o!v!SQUARE!0.6000!0.6000!0.0000!0.0000!!!!!!!!!!!!!!!!!
S!SQM_06!00011!~BPM!o!v!!0.0000!0.0000!0.0000!0.0000!!!!!!!!!!!!!!!!!
S!SQM_06!00012!~TFM!o!v!!0.0000!0.0000!0.0000!0.0000!!!!!!!!!!!!!!!!!
S!SQM_06!00013!~BFM!o!v!!0.0000!0.0000!0.0000!0.0000!!!!!!!!!!!!!!!!!
S!SQM_06!00014!~DRILL!o!v!0.0000!0.0000!0.0000!0.0000!0.0000!!P!!n!!!!!!CIRCLE_DRILL!CIRCLE_DRILL!0.0000!0.0000!!!!
S!C64!00001!TOP!o!v!CIRCLE!0.6400!0.6400!0.0000!0.0000!!!!0.0000!0.0000!0.0000!0.0000!!!!0.0000!0.0000!0.0000!0.0000!!!
S!C64!00002!internal_pad_def!o!v!!0.0000!0.0000!0.0000!0.0000!!!!0.0000!0.0000!0.0000!0.0000!!!!0.0000!0.0000!0.0000!0.0000!!!
S!C64!00003!L2GND!o!v!!0.0000!0.0000!0.0000!0.0000!!!!0.0000!0.0000!0.0000!0.0000!!!!0.0000!0.0000!0.0000!0.0000!!!
S!C64!00004!INNER3!o!v!!0.0000!0.0000!0.0000!0.0000!!!!0.0000!0.0000!0.0000!0.0000!!!!0.0000!0.0000!0.0000!0.0000!!!
S!C64!00005!INNER4!o!v!!0.0000!0.0000!0.0000!0.0000!!!!0.0000!0.0000!0.0000!0.0000!!!!0.0000!0.0000!0.0000!0.0000!!!
S!C64!00006!L3PWR!o!v!!0.0000!0.0000!0.0000!0.0000!!!!0.0000!0.0000!0.0000!0.0000!!!!0.0000!0.0000!0.0000!0.0000!!!
S!C64!00007!BOTTOM!o!v!!0.0000!0.0000!0.0000!0.0000!!!!0.0000!0.0000!0.0000!0.0000!!!!0.0000!0.0000!0.0000!0.0000!!!
S!C64!00008!~TSM!o!v!CIRCLE!0.6400!0.6400!0.0000!0.0000!!!!!!!!!!!!!!!!!
S!C64!00009!~BSM!o!v!!0.0000!0.0000!0.0000!0.0000!!!!!!!!!!!!!!!!!
S!C64!00010!~TPM!o!v!CIRCLE!0.6400!0.6400!0.0000!0.0000!!!!!!!!!!!!!!!!!
S!C64!00011!~BPM!o!v!!0.0000!0.0000!0.0000!0.0000!!!!!!!!!!!!!!!!!
S!C64!00012!~TFM!o!v!!0.0000!0.0000!0.0000!0.0000!!!!!!!!!!!!!!!!!
S!C64!00013!~BFM!o!v!!0.0000!0.0000!0.0000!0.0000!!!!!!!!!!!!!!!!!
S!C64!00014!~DRILL!o!v!0.0000!0.0000!0.0000!0.0000!0.0000!!P!!n!!!!!!CIRCLE_DRILL!CIRCLE_DRILL!0.0000!0.0000!!!!
S!RTM_10X09!00001!TOP!o!v!RECTANGLE!1.0000!0.9000!0.0000!0.0000!!!!0.0000!0.0000!0.0000!0.0000!!!!0.0000!0.0000!0.0000!0.0000!!!
S!RTM_10X09!00002!internal_pad_def!o!v!!0.0000!0.0000!0.0000!0.0000!!!!0.0000!0.0000!0.0000!0.0000!!!!0.0000!0.0000!0.0000!0.0000!!!
S!RTM_10X09!00003!L2GND!o!v!!0.0000!0.0000!0.0000!0.0000!!!!0.0000!0.0000!0.0000!0.0000!!!!0.0000!0.0000!0.0000!0.0000!!!
S!RTM_10X09!00004!INNER3!o!v!!0.0000!0.0000!0.0000!0.0000!!!!0.0000!0.0000!0.0000!0.0000!!!!0.0000!0.0000!0.0000!0.0000!!!
S!RTM_10X09!00005!INNER4!o!v!!0.0000!0.0000!0.0000!0.0000!!!!0.0000!0.0000!0.0000!0.0000!!!!0.0000!0.0000!0.0000!0.0000!!!
S!RTM_10X09!00006!L3PWR!o!v!!0.0000!0.0000!0.0000!0.0000!!!!0.0000!0.0000!0.0000!0.0000!!!!0.0000!0.0000!0.0000!0.0000!!!
S!RTM_10X09!00007!BOTTOM!o!v!!0.0000!0.0000!0.0000!0.0000!!!!0.0000!0.0000!0.0000!0.0000!!!!0.0000!0.0000!0.0000!0.0000!!!
S!RTM_10X09!00008!~TSM!o!v!RECTANGLE!1.0000!0.9000!0.0000!0.0000!!!!!!!!!!!!!!!!!
S!RTM_10X09!00009!~BSM!o!v!!0.0000!0.0000!0.0000!0.0000!!!!!!!!!!!!!!!!!
S!RTM_10X09!00010!~TPM!o!v!RECTANGLE!1.0000!0.9000!0.0000!0.0000!!!!!!!!!!!!!!!!!
S!RTM_10X09!00011!~BPM!o!v!!0.0000!0.0000!0.0000!0.0000!!!!!!!!!!!!!!!!!
S!RTM_10X09!00012!~TFM!o!v!!0.0000!0.0000!0.0000!0.0000!!!!!!!!!!!!!!!!!
S!RTM_10X09!00013!~BFM!o!v!!0.0000!0.0000!0.0000!0.0000!!!!!!!!!!!!!!!!!
S!RTM_10X09!00014!~DRILL!o!v!0.0000!0.0000!0.0000!0.0000!0.0000!!P!!n!!!!!!CIRCLE_DRILL!CIRCLE_DRILL!0.0000!0.0000!!!!
