A!REFDES!PART_NUMBER!REUSE_ID!HARD_LOCATION!MOUNTED!SCH_MODIFIED_PART!VOLT!DATASHEET_URL!REF_DES_PREFIX!CASE!DESCRIPTION!MANUFACTURER!PARENT_PART_TYPE!PARENT_PPT!PARENT_PPT_PART!PART_NAME!PART_NUMBER!PWR!SCEM!SMD!STATUS!TOL!VALUE!
J!P:/cad/designs/uob-hep-pc053a/trunk/design_files/worklib/pc053a_toplevel/physical/pc053a_toplevel_33_ans_16-5_routed.brd!Thu Nov 10 10:17:50 2016!-315.1182!-288.1258!426.2018!384.9302!0.0001!millimeters!PC053A_TOPLEVEL!61.913386 mil!6!OUT OF DATE!
S!PX1!U.FL-R-SMT-1(10)!!!!!!file://cern.ch/dfs/services/cdslib/datasheets/hirose_u-fl-r-smt-1(10).pdf!!_!Ultra Small Surface Mount Coaxial Connector - U.FL Series!HIROSE!PCOAX!PCOAX!PCOAX-U.FL-R-SMT-1(10)!PCOAX!U.FL-R-SMT-1(10)!!!YES!Preferred!!!
S!PX2!U.FL-R-SMT-1(10)!!!!!!file://cern.ch/dfs/services/cdslib/datasheets/hirose_u-fl-r-smt-1(10).pdf!!_!Ultra Small Surface Mount Coaxial Connector - U.FL Series!HIROSE!PCOAX!PCOAX!PCOAX-U.FL-R-SMT-1(10)!PCOAX!U.FL-R-SMT-1(10)!!!YES!Preferred!!!
S!PX3!U.FL-R-SMT-1(10)!!!!!!file://cern.ch/dfs/services/cdslib/datasheets/hirose_u-fl-r-smt-1(10).pdf!!_!Ultra Small Surface Mount Coaxial Connector - U.FL Series!HIROSE!PCOAX!PCOAX!PCOAX-U.FL-R-SMT-1(10)!PCOAX!U.FL-R-SMT-1(10)!!!YES!Preferred!!!
S!PX4!U.FL-R-SMT-1(10)!!!!!!file://cern.ch/dfs/services/cdslib/datasheets/hirose_u-fl-r-smt-1(10).pdf!!_!Ultra Small Surface Mount Coaxial Connector - U.FL Series!HIROSE!PCOAX!PCOAX!PCOAX-U.FL-R-SMT-1(10)!PCOAX!U.FL-R-SMT-1(10)!!!YES!Preferred!!!
S!PX5!U.FL-R-SMT-1(10)!!!!!!file://cern.ch/dfs/services/cdslib/datasheets/hirose_u-fl-r-smt-1(10).pdf!!_!Ultra Small Surface Mount Coaxial Connector - U.FL Series!HIROSE!PCOAX!PCOAX!PCOAX-U.FL-R-SMT-1(10)!PCOAX!U.FL-R-SMT-1(10)!!!YES!Preferred!!!
S!PX6!U.FL-R-SMT-1(10)!!!!!!file://cern.ch/dfs/services/cdslib/datasheets/hirose_u-fl-r-smt-1(10).pdf!!_!Ultra Small Surface Mount Coaxial Connector - U.FL Series!HIROSE!PCOAX!PCOAX!PCOAX-U.FL-R-SMT-1(10)!PCOAX!U.FL-R-SMT-1(10)!!!YES!Preferred!!!
S!IC9!74LCX04MTC!!!!TRUE!!file://cern.ch/dfs/services/cdslib/datasheets/74lcx04.pdf!!TSSOP14!Low Voltage Hex Inverter with 5V Tolerant Inputs!FAIRCHILD SEMICONDUCTOR!74LCX04_TSSOP!74LCX04!74LCX04MTC!74LCX04!74LCX04MTC!!!YES!Preferred!!!
S!IC5!ADCMP604BKSZ!!!!!!file://cern.ch/dfs/services/cdslib/datasheets/adcmp604.pdf!!SC70!Rail-to-Rail Very Fast 2.5V to 5.5V Single-Supply LVDS Comparator!ANALOG DEVICES!ADCMP604_SC70!ADCMP604!ADCMP604BKSZ!ADCMP604!ADCMP604BKSZ!!!YES!Preferred!!!
S!IC6!ADCMP604BKSZ!!!!!!file://cern.ch/dfs/services/cdslib/datasheets/adcmp604.pdf!!SC70!Rail-to-Rail Very Fast 2.5V to 5.5V Single-Supply LVDS Comparator!ANALOG DEVICES!ADCMP604_SC70!ADCMP604!ADCMP604BKSZ!ADCMP604!ADCMP604BKSZ!!!YES!Preferred!!!
S!IC7!ADCMP604BKSZ!!!!!!file://cern.ch/dfs/services/cdslib/datasheets/adcmp604.pdf!!SC70!Rail-to-Rail Very Fast 2.5V to 5.5V Single-Supply LVDS Comparator!ANALOG DEVICES!ADCMP604_SC70!ADCMP604!ADCMP604BKSZ!ADCMP604!ADCMP604BKSZ!!!YES!Preferred!!!
S!J1!44661-1011!!!!!!file://cern.ch/dfs/services/cdslib/datasheets/molex_44661-1011.pdf!!RJ45!8 Contacts Shielded Low Profile Right Angle Modular Jack!MOLEX!CON8P!CON8P!CON8P-44661-1011!CON8P!44661-1011!!!NO!Preferred!!!
S!IC8!08.DS90LV028ATM!!!!!!!!!!NATIONAL SEMICONDUCTOR!!!!DS90LV028A!08.DS90LV028ATM!!!!!!!
S!R35!R0402_3K0_1%_0.063W_200PPM!!!!!!!!0402!SMD Resistor!GENERIC!RSMD0402_1/16W!RSMD0402!RSMD0402_1/16W-3.0K,1%!RSMD0402!R0402_3K0_1%_0.063W_200PPM!0.063W!!YES!Preferred!1%!3.0k!
S!R37!R0402_3K0_1%_0.063W_200PPM!!!!!!!!0402!SMD Resistor!GENERIC!RSMD0402_1/16W!RSMD0402!RSMD0402_1/16W-3.0K,1%!RSMD0402!R0402_3K0_1%_0.063W_200PPM!0.063W!!YES!Preferred!1%!3.0k!
S!R26!R0402_33R_1%_0.063W_200PPM!!!!!!!!0402!SMD Resistor!GENERIC!RSMD0402_1/16W!RSMD0402!RSMD0402_1/16W-33,1%!RSMD0402!R0402_33R_1%_0.063W_200PPM!0.063W!!YES!Preferred!1%!33!
S!R45!R0402_51R_5%_0.063W_200PPM!!!!!!!!0402!SMD Resistor!GENERIC!RSMD0402_1/16W!RSMD0402!RSMD0402_1/16W-51R,5%!RSMD0402!R0402_51R_5%_0.063W_200PPM!0.063W!!YES!Not Preferred!5%!51!
S!R46!R0402_51R_5%_0.063W_200PPM!!!!!!!!0402!SMD Resistor!GENERIC!RSMD0402_1/16W!RSMD0402!RSMD0402_1/16W-51R,5%!RSMD0402!R0402_51R_5%_0.063W_200PPM!0.063W!!YES!Not Preferred!5%!51!
S!R47!R0603_33R_1%_0.1W_100PPM!!!!!!!!0603!SMD Resistor!GENERIC!RSMD0603_1/10W!RSMD0603!RSMD0603_1/10W-33,1%!RSMD0603!R0603_33R_1%_0.1W_100PPM!0.1W!http://edhcat.cern.ch/edhcat/Browser?command=searchItems&scem=11.24.03.133.3!YES!Preferred!1%!33!
S!R48!R0603_33R_1%_0.1W_100PPM!!!!!!!!0603!SMD Resistor!GENERIC!RSMD0603_1/10W!RSMD0603!RSMD0603_1/10W-33,1%!RSMD0603!R0603_33R_1%_0.1W_100PPM!0.1W!http://edhcat.cern.ch/edhcat/Browser?command=searchItems&scem=11.24.03.133.3!YES!Preferred!1%!33!
S!R49!R0603_33R_1%_0.1W_100PPM!!!!!!!!0603!SMD Resistor!GENERIC!RSMD0603_1/10W!RSMD0603!RSMD0603_1/10W-33,1%!RSMD0603!R0603_33R_1%_0.1W_100PPM!0.1W!http://edhcat.cern.ch/edhcat/Browser?command=searchItems&scem=11.24.03.133.3!YES!Preferred!1%!33!
S!R27!R0603_51R_1%_0.1W_100PPM!!!!!!!!0603!SMD Resistor!GENERIC!RSMD0603_1/10W!RSMD0603!RSMD0603_1/10W-51,1%!RSMD0603!R0603_51R_1%_0.1W_100PPM!0.1W!http://edhcat.cern.ch/edhcat/Browser?command=searchItems&scem=11.24.03.151.5!YES!Preferred!1%!51!
S!R30!R0603_51R_1%_0.1W_100PPM!!!!!!!!0603!SMD Resistor!GENERIC!RSMD0603_1/10W!RSMD0603!RSMD0603_1/10W-51,1%!RSMD0603!R0603_51R_1%_0.1W_100PPM!0.1W!http://edhcat.cern.ch/edhcat/Browser?command=searchItems&scem=11.24.03.151.5!YES!Preferred!1%!51!
S!R31!R0603_51R_1%_0.1W_100PPM!!!!!!!!0603!SMD Resistor!GENERIC!RSMD0603_1/10W!RSMD0603!RSMD0603_1/10W-51,1%!RSMD0603!R0603_51R_1%_0.1W_100PPM!0.1W!http://edhcat.cern.ch/edhcat/Browser?command=searchItems&scem=11.24.03.151.5!YES!Preferred!1%!51!
S!IC14!SN74AVC1T45DCKR!!!!!!file://cern.ch/dfs/services/cdslib/datasheets/sn74avc1t45.pdf!!SOT23-6!ingle-Bit Dual-Supply Bus Transceiver with Configurable Voltage Translation and 3-State Outputs!TEXAS INSTRUMENTS!74AVC1T45_SOT23!74AVC1T45!SN74AVC1T45DCKR!74AVC1T45!SN74AVC1T45DCKR!!!YES!Preferred!!!
S!IC16!SN74AVC1T45DCKR!!!!!!file://cern.ch/dfs/services/cdslib/datasheets/sn74avc1t45.pdf!!SOT23-6!ingle-Bit Dual-Supply Bus Transceiver with Configurable Voltage Translation and 3-State Outputs!TEXAS INSTRUMENTS!74AVC1T45_SOT23!74AVC1T45!SN74AVC1T45DCKR!74AVC1T45!SN74AVC1T45DCKR!!!YES!Preferred!!!
S!IC11!SN74LVC2GU04DCK!!!!!!file://cern.ch/dfs/services/cdslib/datasheets/sn74lvc2gu04.pdf!!SC70!Dual Inverter Gate!TEXAS INSTRUMENTS!SN74LVC2GU04_SC70!SN74LVC2GU04!SN74LVC2GU04DCK!SN74LVC2GU04!SN74LVC2GU04DCK!!!YES!Preferred!!!
S!IC3!NBSG53AMNG!!!!TRUE!!file://cern.ch/dfs/services/cdslib/datasheets/nbsg53a.pdf!!QFN16!2.5V/3.3V SiGe Selectable Differential Clock and Data Flip-Flop/Clock Divider with Reset and OLS!ON SEMICONDUCTOR!NBSG53A_QFN!NBSG53A!NBSG53AMNG!NBSG53A!NBSG53AMNG!!!YES!Preferred!!!
S!IC4!Si5344B-B-GM!!!!TRUE!!file://cern.ch/dfs/services/cdslib/datasheets/si5344.pdf!!QFN44!350MHz (Integer+Fractional), 10-Channel, Any-Frequency, Any-Output Jitter Attenuator/Clock Multiplier!SILICON LABS!SI5344_QFN!SI5344!SI5344B-B-GM!SI5344!Si5344B-B-GM!!!YES!Preferred!!!
S!C64!CC0603_10UF_6V3_5%_X5R!!!!!6.3V!!!0603!SMD X5R Ceramic Capacitor!GENERIC!CAPCERSMDCL2_0603!CAPCERSMDCL2!CAPCERSMDCL2_0603-10UF_X5R,6.3V!CAPCERSMDCL2!CC0603_10UF_6V3_5%_X5R!!!YES!Preferred!5%!10uF!
S!IC1!PCA9306DCU!!!!!!file://cern.ch/dfs/Services/cdslib/Datasheets/pca9306dcu.pdf!!VSSOP/DCU!Dual Bidirectional I2C Bus and SMBus Voltage-Level Translator!TEXAS INSTRUMENTS!PCA9306_VSSOP/DCU!PCA9306!PCA9306DCU!PCA9306!PCA9306DCU!!!Yes!Preferred!!!
S!R1!R0402_200K_1%_0.063W_200PPM!!!!!!!!0402!SMD Resistor!GENERIC!RSMD0402_1/16W!RSMD0402!RSMD0402_1/16W-200K,1%!RSMD0402!R0402_200K_1%_0.063W_200PPM!0.063W!!YES!Preferred!1%!200k!
S!QZ1!DSC1123CI5-40.0000!!!!TRUE!!http://www.micrel.com/_PDF/clk/DSC1103-23.pdf!!3.2mmx2.5mm!3.3V 100ppm 3.2x2.5mm SMD LVDS Oscillator - DSC1103  Series!Micrel!DSC1123CI5_SMD!DSC1123CI5!DSC1123CI5-40.0000!DSC1123CI5!DSC1123CI5-40.0000!!!YES!Preferred!!40.00MHz!
S!IC10!SN74AVC4T245PW!!!!TRUE!!file://cern.ch/dfs/services/cdslib/datasheets/sn74avc4t245.pdf!!TSSOP16!4-Bit Dual-Supply Bus Transceiver with Configurable Voltage Translation and 3-State Outputs!TEXAS INSTRUMENTS!74AVC4T245_TSSOP!74AVC4T245!SN74AVC4T245PW!74AVC4T245!SN74AVC4T245PW!!!YES!Preferred!!!
S!R5!R0402_150R_1%_0.063W_200PPM!!!!!!!!0402!SMD Resistor!GENERIC!RSMD0402_1/16W!RSMD0402!RSMD0402_1/16W-150,1%!RSMD0402!R0402_150R_1%_0.063W_200PPM!0.063W!!YES!Preferred!1%!150!
S!R6!R0402_150R_1%_0.063W_200PPM!!!!!!!!0402!SMD Resistor!GENERIC!RSMD0402_1/16W!RSMD0402!RSMD0402_1/16W-150,1%!RSMD0402!R0402_150R_1%_0.063W_200PPM!0.063W!!YES!Preferred!1%!150!
S!R50!R0402_750R_1%_0.063W_200PPM!!!!!!!!0402!SMD Resistor!GENERIC!RSMD0402_1/16W!RSMD0402!RSMD0402_1/16W-750,1%!RSMD0402!R0402_750R_1%_0.063W_200PPM!0.063W!!YES!Preferred!1%!750!
S!R56!R0402_750R_1%_0.063W_200PPM!!!!!!!!0402!SMD Resistor!GENERIC!RSMD0402_1/16W!RSMD0402!RSMD0402_1/16W-750,1%!RSMD0402!R0402_750R_1%_0.063W_200PPM!0.063W!!YES!Preferred!1%!750!
S!R51!R0402_750R_1%_0.063W_200PPM!!!!!!!!0402!SMD Resistor!GENERIC!RSMD0402_1/16W!RSMD0402!RSMD0402_1/16W-750,1%!RSMD0402!R0402_750R_1%_0.063W_200PPM!0.063W!!YES!Preferred!1%!750!
S!LD1!LGL29K-G2J1-24!!!!!!file://cern.ch/dfs/Services/cdslib/datasheets/led_LG_L29K.pdf!!!1.7 x 0.8mm SMD Chip Led Green!OSRAM!LED1!LED1!LGL29K-G2J1-24!LED1!LGL29K-G2J1-24!!!YES!Preferred!!Green!
S!LD2!LGL29K-G2J1-24!!!!!!file://cern.ch/dfs/Services/cdslib/datasheets/led_LG_L29K.pdf!!!1.7 x 0.8mm SMD Chip Led Green!OSRAM!LED1!LED1!LGL29K-G2J1-24!LED1!LGL29K-G2J1-24!!!YES!Preferred!!Green!
S!LD3!LGL29K-G2J1-24!!!!!!file://cern.ch/dfs/Services/cdslib/datasheets/led_LG_L29K.pdf!!!1.7 x 0.8mm SMD Chip Led Green!OSRAM!LED1!LED1!LGL29K-G2J1-24!LED1!LGL29K-G2J1-24!!!YES!Preferred!!Green!
S!C10!CC0402_100NF_16V_10%_X7R!!!!!16V!!!0402!SMD X7R Ceramic Capacitor!GENERIC!CAPCERSMDCL2_0402!CAPCERSMDCL2!CAPCERSMDCL2_0402-100NF_X7R,16V!CAPCERSMDCL2!CC0402_100NF_16V_10%_X7R!!!YES!Preferred!10%!100nF!
S!C53!CC0402_100NF_16V_10%_X7R!!!!!16V!!!0402!SMD X7R Ceramic Capacitor!GENERIC!CAPCERSMDCL2_0402!CAPCERSMDCL2!CAPCERSMDCL2_0402-100NF_X7R,16V!CAPCERSMDCL2!CC0402_100NF_16V_10%_X7R!!!YES!Preferred!10%!100nF!
S!C55!CC0402_100NF_16V_10%_X7R!!!!!16V!!!0402!SMD X7R Ceramic Capacitor!GENERIC!CAPCERSMDCL2_0402!CAPCERSMDCL2!CAPCERSMDCL2_0402-100NF_X7R,16V!CAPCERSMDCL2!CC0402_100NF_16V_10%_X7R!!!YES!Preferred!10%!100nF!
S!C56!CC0402_100NF_16V_10%_X7R!!!!!16V!!!0402!SMD X7R Ceramic Capacitor!GENERIC!CAPCERSMDCL2_0402!CAPCERSMDCL2!CAPCERSMDCL2_0402-100NF_X7R,16V!CAPCERSMDCL2!CC0402_100NF_16V_10%_X7R!!!YES!Preferred!10%!100nF!
S!C57!CC0402_100NF_16V_10%_X7R!!!!!16V!!!0402!SMD X7R Ceramic Capacitor!GENERIC!CAPCERSMDCL2_0402!CAPCERSMDCL2!CAPCERSMDCL2_0402-100NF_X7R,16V!CAPCERSMDCL2!CC0402_100NF_16V_10%_X7R!!!YES!Preferred!10%!100nF!
S!C58!CC0402_100NF_16V_10%_X7R!!!!!16V!!!0402!SMD X7R Ceramic Capacitor!GENERIC!CAPCERSMDCL2_0402!CAPCERSMDCL2!CAPCERSMDCL2_0402-100NF_X7R,16V!CAPCERSMDCL2!CC0402_100NF_16V_10%_X7R!!!YES!Preferred!10%!100nF!
S!C59!CC0402_100NF_16V_10%_X7R!!!!!16V!!!0402!SMD X7R Ceramic Capacitor!GENERIC!CAPCERSMDCL2_0402!CAPCERSMDCL2!CAPCERSMDCL2_0402-100NF_X7R,16V!CAPCERSMDCL2!CC0402_100NF_16V_10%_X7R!!!YES!Preferred!10%!100nF!
S!C60!CC0402_100NF_16V_10%_X7R!!!!!16V!!!0402!SMD X7R Ceramic Capacitor!GENERIC!CAPCERSMDCL2_0402!CAPCERSMDCL2!CAPCERSMDCL2_0402-100NF_X7R,16V!CAPCERSMDCL2!CC0402_100NF_16V_10%_X7R!!!YES!Preferred!10%!100nF!
S!C65!CC0402_100NF_16V_10%_X7R!!!!!16V!!!0402!SMD X7R Ceramic Capacitor!GENERIC!CAPCERSMDCL2_0402!CAPCERSMDCL2!CAPCERSMDCL2_0402-100NF_X7R,16V!CAPCERSMDCL2!CC0402_100NF_16V_10%_X7R!!!YES!Preferred!10%!100nF!
S!C66!CC0402_100NF_16V_10%_X7R!!!!!16V!!!0402!SMD X7R Ceramic Capacitor!GENERIC!CAPCERSMDCL2_0402!CAPCERSMDCL2!CAPCERSMDCL2_0402-100NF_X7R,16V!CAPCERSMDCL2!CC0402_100NF_16V_10%_X7R!!!YES!Preferred!10%!100nF!
S!C67!CC0402_100NF_16V_10%_X7R!!!!!16V!!!0402!SMD X7R Ceramic Capacitor!GENERIC!CAPCERSMDCL2_0402!CAPCERSMDCL2!CAPCERSMDCL2_0402-100NF_X7R,16V!CAPCERSMDCL2!CC0402_100NF_16V_10%_X7R!!!YES!Preferred!10%!100nF!
S!C68!CC0402_100NF_16V_10%_X7R!!!!!16V!!!0402!SMD X7R Ceramic Capacitor!GENERIC!CAPCERSMDCL2_0402!CAPCERSMDCL2!CAPCERSMDCL2_0402-100NF_X7R,16V!CAPCERSMDCL2!CC0402_100NF_16V_10%_X7R!!!YES!Preferred!10%!100nF!
S!C23!CC0402_100NF_16V_10%_X7R!!!!!16V!!!0402!SMD X7R Ceramic Capacitor!GENERIC!CAPCERSMDCL2_0402!CAPCERSMDCL2!CAPCERSMDCL2_0402-100NF_X7R,16V!CAPCERSMDCL2!CC0402_100NF_16V_10%_X7R!!!YES!Preferred!10%!100nF!
S!C54!CC0402_100NF_16V_10%_X7R!!!!!16V!!!0402!SMD X7R Ceramic Capacitor!GENERIC!CAPCERSMDCL2_0402!CAPCERSMDCL2!CAPCERSMDCL2_0402-100NF_X7R,16V!CAPCERSMDCL2!CC0402_100NF_16V_10%_X7R!!!YES!Preferred!10%!100nF!
S!C25!CC0402_100NF_16V_10%_X7R!!!!!16V!!!0402!SMD X7R Ceramic Capacitor!GENERIC!CAPCERSMDCL2_0402!CAPCERSMDCL2!CAPCERSMDCL2_0402-100NF_X7R,16V!CAPCERSMDCL2!CC0402_100NF_16V_10%_X7R!!!YES!Preferred!10%!100nF!
S!C26!CC0402_100NF_16V_10%_X7R!!!!!16V!!!0402!SMD X7R Ceramic Capacitor!GENERIC!CAPCERSMDCL2_0402!CAPCERSMDCL2!CAPCERSMDCL2_0402-100NF_X7R,16V!CAPCERSMDCL2!CC0402_100NF_16V_10%_X7R!!!YES!Preferred!10%!100nF!
S!C27!CC0402_100NF_16V_10%_X7R!!!!!16V!!!0402!SMD X7R Ceramic Capacitor!GENERIC!CAPCERSMDCL2_0402!CAPCERSMDCL2!CAPCERSMDCL2_0402-100NF_X7R,16V!CAPCERSMDCL2!CC0402_100NF_16V_10%_X7R!!!YES!Preferred!10%!100nF!
S!C28!CC0402_100NF_16V_10%_X7R!!!!!16V!!!0402!SMD X7R Ceramic Capacitor!GENERIC!CAPCERSMDCL2_0402!CAPCERSMDCL2!CAPCERSMDCL2_0402-100NF_X7R,16V!CAPCERSMDCL2!CC0402_100NF_16V_10%_X7R!!!YES!Preferred!10%!100nF!
S!C22!CC0402_100NF_16V_10%_X7R!!!!!16V!!!0402!SMD X7R Ceramic Capacitor!GENERIC!CAPCERSMDCL2_0402!CAPCERSMDCL2!CAPCERSMDCL2_0402-100NF_X7R,16V!CAPCERSMDCL2!CC0402_100NF_16V_10%_X7R!!!YES!Preferred!10%!100nF!
S!C24!CC0402_100NF_16V_10%_X7R!!!!!16V!!!0402!SMD X7R Ceramic Capacitor!GENERIC!CAPCERSMDCL2_0402!CAPCERSMDCL2!CAPCERSMDCL2_0402-100NF_X7R,16V!CAPCERSMDCL2!CC0402_100NF_16V_10%_X7R!!!YES!Preferred!10%!100nF!
S!C21!CC0402_100NF_16V_10%_X7R!!!!!16V!!!0402!SMD X7R Ceramic Capacitor!GENERIC!CAPCERSMDCL2_0402!CAPCERSMDCL2!CAPCERSMDCL2_0402-100NF_X7R,16V!CAPCERSMDCL2!CC0402_100NF_16V_10%_X7R!!!YES!Preferred!10%!100nF!
S!C52!CC0402_100NF_16V_10%_X7R!!!!!16V!!!0402!SMD X7R Ceramic Capacitor!GENERIC!CAPCERSMDCL2_0402!CAPCERSMDCL2!CAPCERSMDCL2_0402-100NF_X7R,16V!CAPCERSMDCL2!CC0402_100NF_16V_10%_X7R!!!YES!Preferred!10%!100nF!
S!C50!CC0402_100NF_16V_10%_X7R!!!!!16V!!!0402!SMD X7R Ceramic Capacitor!GENERIC!CAPCERSMDCL2_0402!CAPCERSMDCL2!CAPCERSMDCL2_0402-100NF_X7R,16V!CAPCERSMDCL2!CC0402_100NF_16V_10%_X7R!!!YES!Preferred!10%!100nF!
S!C51!CC0402_100NF_16V_10%_X7R!!!!!16V!!!0402!SMD X7R Ceramic Capacitor!GENERIC!CAPCERSMDCL2_0402!CAPCERSMDCL2!CAPCERSMDCL2_0402-100NF_X7R,16V!CAPCERSMDCL2!CC0402_100NF_16V_10%_X7R!!!YES!Preferred!10%!100nF!
S!R7!R0402_100R_1%_0.063W_200PPM!!!!!!!!0402!SMD Resistor!GENERIC!RSMD0402_1/16W!RSMD0402!RSMD0402_1/16W-100,1%!RSMD0402!R0402_100R_1%_0.063W_200PPM!0.063W!!YES!Preferred!1%!100!
S!R18!R0402_100R_1%_0.063W_200PPM!!!!!!!!0402!SMD Resistor!GENERIC!RSMD0402_1/16W!RSMD0402!RSMD0402_1/16W-100,1%!RSMD0402!R0402_100R_1%_0.063W_200PPM!0.063W!!YES!Preferred!1%!100!
S!R9!R0402_100R_1%_0.063W_200PPM!!!!!!!!0402!SMD Resistor!GENERIC!RSMD0402_1/16W!RSMD0402!RSMD0402_1/16W-100,1%!RSMD0402!R0402_100R_1%_0.063W_200PPM!0.063W!!YES!Preferred!1%!100!
S!R8!R0402_100R_1%_0.063W_200PPM!4!!!!!!!0402!SMD Resistor!GENERIC!RSMD0402_1/16W!RSMD0402!RSMD0402_1/16W-100,1%!RSMD0402!R0402_100R_1%_0.063W_200PPM!0.063W!!YES!Preferred!1%!100!
S!R11!R0402_100R_1%_0.063W_200PPM!!!!!!!!0402!SMD Resistor!GENERIC!RSMD0402_1/16W!RSMD0402!RSMD0402_1/16W-100,1%!RSMD0402!R0402_100R_1%_0.063W_200PPM!0.063W!!YES!Preferred!1%!100!
S!R44!R0402_1K_1%_0.063W_100PPM!!!!!!!!0402!SMD Resistor!GENERIC!RSMD0402_1/16W!RSMD0402!RSMD0402_1/16W-1K,1%!RSMD0402!R0402_1K_1%_0.063W_100PPM!0.063W!!YES!Preferred!1%!1k!
S!R10!R0402_1K_1%_0.063W_100PPM!!!!!!!!0402!SMD Resistor!GENERIC!RSMD0402_1/16W!RSMD0402!RSMD0402_1/16W-1K,1%!RSMD0402!R0402_1K_1%_0.063W_100PPM!0.063W!!YES!Preferred!1%!1k!
S!R17!R0402_1K_1%_0.063W_100PPM!!!!!!!!0402!SMD Resistor!GENERIC!RSMD0402_1/16W!RSMD0402!RSMD0402_1/16W-1K,1%!RSMD0402!R0402_1K_1%_0.063W_100PPM!0.063W!!YES!Preferred!1%!1k!
S!R19!R0402_1K_1%_0.063W_100PPM!!!!!!!!0402!SMD Resistor!GENERIC!RSMD0402_1/16W!RSMD0402!RSMD0402_1/16W-1K,1%!RSMD0402!R0402_1K_1%_0.063W_100PPM!0.063W!!YES!Preferred!1%!1k!
S!R20!R0402_1K_1%_0.063W_100PPM!!!!!!!!0402!SMD Resistor!GENERIC!RSMD0402_1/16W!RSMD0402!RSMD0402_1/16W-1K,1%!RSMD0402!R0402_1K_1%_0.063W_100PPM!0.063W!!YES!Preferred!1%!1k!
S!R21!R0402_1K_1%_0.063W_100PPM!!!!!!!!0402!SMD Resistor!GENERIC!RSMD0402_1/16W!RSMD0402!RSMD0402_1/16W-1K,1%!RSMD0402!R0402_1K_1%_0.063W_100PPM!0.063W!!YES!Preferred!1%!1k!
S!R32!R0402_2K_1%_0.063W_100PPM!!!!!!!!0402!SMD Resistor!GENERIC!RSMD0402_1/16W!RSMD0402!RSMD0402_1/16W-2K,1%!RSMD0402!R0402_2K_1%_0.063W_100PPM!0.063W!!YES!Preferred!1%!2k!
S!R33!R0402_2K_1%_0.063W_100PPM!!!!!!!!0402!SMD Resistor!GENERIC!RSMD0402_1/16W!RSMD0402!RSMD0402_1/16W-2K,1%!RSMD0402!R0402_2K_1%_0.063W_100PPM!0.063W!!YES!Preferred!1%!2k!
S!R36!R0402_2K_1%_0.063W_100PPM!!!!!!!!0402!SMD Resistor!GENERIC!RSMD0402_1/16W!RSMD0402!RSMD0402_1/16W-2K,1%!RSMD0402!R0402_2K_1%_0.063W_100PPM!0.063W!!YES!Preferred!1%!2k!
S!R38!R0402_2K_1%_0.063W_100PPM!!!!!!!!0402!SMD Resistor!GENERIC!RSMD0402_1/16W!RSMD0402!RSMD0402_1/16W-2K,1%!RSMD0402!R0402_2K_1%_0.063W_100PPM!0.063W!!YES!Preferred!1%!2k!
S!R2!R0402_2K_1%_0.063W_100PPM!!!!!!!!0402!SMD Resistor!GENERIC!RSMD0402_1/16W!RSMD0402!RSMD0402_1/16W-2K,1%!RSMD0402!R0402_2K_1%_0.063W_100PPM!0.063W!!YES!Preferred!1%!2k!
S!R3!R0402_2K_1%_0.063W_100PPM!!!!!!!!0402!SMD Resistor!GENERIC!RSMD0402_1/16W!RSMD0402!RSMD0402_1/16W-2K,1%!RSMD0402!R0402_2K_1%_0.063W_100PPM!0.063W!!YES!Preferred!1%!2k!
S!R4!R0402_2K_1%_0.063W_100PPM!!!!!!!!0402!SMD Resistor!GENERIC!RSMD0402_1/16W!RSMD0402!RSMD0402_1/16W-2K,1%!RSMD0402!R0402_2K_1%_0.063W_100PPM!0.063W!!YES!Preferred!1%!2k!
S!R57!R0402_2K_1%_0.063W_100PPM!!!!!!!!0402!SMD Resistor!GENERIC!RSMD0402_1/16W!RSMD0402!RSMD0402_1/16W-2K,1%!RSMD0402!R0402_2K_1%_0.063W_100PPM!0.063W!!YES!Preferred!1%!2k!
S!IC13!SY58608UMG!!!!TRUE!!file://cern.ch/dfs/Services/cdslib/datasheets/sy58608u.pdf!!QFN16!3.2Gbps Precision, 1:2 LVDS Fanout Buffer with Internal Termination and Fail Safe Input!MICREL!SY58608U_QFN!SY58608U!SY58608UMG!SY58608U!SY58608UMG!!!YES!Preferred!!!
S!IC17!SY58608UMG!!!!TRUE!!file://cern.ch/dfs/Services/cdslib/datasheets/sy58608u.pdf!!QFN16!3.2Gbps Precision, 1:2 LVDS Fanout Buffer with Internal Termination and Fail Safe Input!MICREL!SY58608U_QFN!SY58608U!SY58608UMG!SY58608U!SY58608UMG!!!YES!Preferred!!!
S!REG1!TPS799185DDCTG4!!!!!!file://cern.ch/dfs/Services/cdslib/Datasheets/tps799xx.pdf!!SOT23_5!200mA, Low Quiescent Current, Ultra-Low Noise, High PSRR Low Dropout Linear Regulator!TEXAS INSTRUMENTS!TPS799XX_TSOT23!TPS799XX!TPS799185DDCTG4!TPS799XX!TPS799185DDCTG4!!!YES!Preferred!!!
S!IC2!24AA025E48T-I/SN!!!!!!file://cern.ch/dfs/Services/cdslib/datasheets/24aa02e48.pdf!!SOIC8!2K I2C Serial EEPROM with EUI-48 Node Identity!MICROCHIP!24AA025E48_SOIC!24AA025E48!24AA025E48T-I/SN!24AA025E48!24AA025E48T-I/SN!!!YES!Preferred!!!
S!C30!CC0402_1NF_50V_10%_X7R!!YES!!!50V!!!0402!SMD X7R Ceramic Capacitor!GENERIC!CAPCERSMDCL2_0402!CAPCERSMDCL2!CAPCERSMDCL2_0402-1.0NF,50V_GEN!CAPCERSMDCL2!CC0402_1NF_50V_10%_X7R!!!YES!Preferred!10%!1.0nF!
S!C34!CC0402_1NF_50V_10%_X7R!!YES!!!50V!!!0402!SMD X7R Ceramic Capacitor!GENERIC!CAPCERSMDCL2_0402!CAPCERSMDCL2!CAPCERSMDCL2_0402-1.0NF,50V_GEN!CAPCERSMDCL2!CC0402_1NF_50V_10%_X7R!!!YES!Preferred!10%!1.0nF!
S!C37!CC0402_1NF_50V_10%_X7R!!YES!!!50V!!!0402!SMD X7R Ceramic Capacitor!GENERIC!CAPCERSMDCL2_0402!CAPCERSMDCL2!CAPCERSMDCL2_0402-1.0NF,50V_GEN!CAPCERSMDCL2!CC0402_1NF_50V_10%_X7R!!!YES!Preferred!10%!1.0nF!
S!C41!CC0402_1NF_50V_10%_X7R!!YES!!!50V!!!0402!SMD X7R Ceramic Capacitor!GENERIC!CAPCERSMDCL2_0402!CAPCERSMDCL2!CAPCERSMDCL2_0402-1.0NF,50V_GEN!CAPCERSMDCL2!CC0402_1NF_50V_10%_X7R!!!YES!Preferred!10%!1.0nF!
S!P1!SEAM-40-03.5-S-10-2-A-K-TR!!YES!!!!file://cern.ch/dfs/Services/cdslib/datasheets/samtec_SEAM.pdf!!!400 Pins 1.27mm Pitch 6.1mm Height High Speed/High Density Open Field - SEAM Series!SAMTEC!CON400P_40ABCDEFGHJK!CON400P_40ABCDEFGHJK!CON400P_40ABCDEFGHJK-SEAM-40-03.5-S-10-2-A-K-TR!CON400P_40ABCDEFGHJK!SEAM-40-03.5-S-10-2-A-K-TR!!!YES!Preferred!!!
S!J2!MTLW-103-07-L-S-250!!!!!!file://cern.ch/dfs/services/cdslib/datasheets/samtec_MTLW.pdf!!_!3 Contacts 2.54mm Pitch Single Row Vertical 0.25 Square Post Header - Insulator 1.52mm!SAMTEC!CON3P!CON3P!CON3P-MTLW-103-07-L-S-250!CON3P!MTLW-103-07-L-S-250!!!NO!Preferred!!!
S!J3!MTLW-103-07-L-S-250!!!!!!file://cern.ch/dfs/services/cdslib/datasheets/samtec_MTLW.pdf!!_!3 Contacts 2.54mm Pitch Single Row Vertical 0.25 Square Post Header - Insulator 1.52mm!SAMTEC!CON3P!CON3P!CON3P-MTLW-103-07-L-S-250!CON3P!MTLW-103-07-L-S-250!!!NO!Preferred!!!
S!J8!MTLW-103-07-L-S-250!!YES!!!!file://cern.ch/dfs/services/cdslib/datasheets/samtec_MTLW.pdf!!_!3 Contacts 2.54mm Pitch Single Row Vertical 0.25 Square Post Header - Insulator 1.52mm!SAMTEC!CON3P!CON3P!CON3P-MTLW-103-07-L-S-250!CON3P!MTLW-103-07-L-S-250!!!NO!Preferred!!!
S!J5!MTLW-103-07-L-S-250!!YES!!!!file://cern.ch/dfs/services/cdslib/datasheets/samtec_MTLW.pdf!!_!3 Contacts 2.54mm Pitch Single Row Vertical 0.25 Square Post Header - Insulator 1.52mm!SAMTEC!CON3P!CON3P!CON3P-MTLW-103-07-L-S-250!CON3P!MTLW-103-07-L-S-250!!!NO!Preferred!!!
S!J6!MTLW-103-07-L-S-250!!YES!!!!file://cern.ch/dfs/services/cdslib/datasheets/samtec_MTLW.pdf!!_!3 Contacts 2.54mm Pitch Single Row Vertical 0.25 Square Post Header - Insulator 1.52mm!SAMTEC!CON3P!CON3P!CON3P-MTLW-103-07-L-S-250!CON3P!MTLW-103-07-L-S-250!!!NO!Preferred!!!
S!C35!C0805C106K4PAC!!YES!!!16V!file://cern.ch/dfs/Services/cdslib/datasheets/C0805C106K4PAC.pdf!!0805!SMD X5R Ceramic Capacitor!KEMET!CAPCERSMDCL2_0805!CAPCERSMDCL2!CAPCERSMDCL2_0805-10UF,16V!CAPCERSMDCL2!C0805C106K4PAC!!!YES!Not Preferred!10%!10uF!
S!C43!CC0603_1.5UF_6V3_10%_X5R!!YES!!!6.3V!!!0603!SMD X5R Ceramic Capacitor!GENERIC!CAPCERSMDCL2_0603!CAPCERSMDCL2!CAPCERSMDCL2_0603-1.5UF,6.3V!CAPCERSMDCL2!CC0603_1.5UF_6V3_10%_X5R!!!YES!Preferred!10%!1.5uF!
S!C44!CC0603_1.5UF_6V3_10%_X5R!!YES!!!6.3V!!!0603!SMD X5R Ceramic Capacitor!GENERIC!CAPCERSMDCL2_0603!CAPCERSMDCL2!CAPCERSMDCL2_0603-1.5UF,6.3V!CAPCERSMDCL2!CC0603_1.5UF_6V3_10%_X5R!!!YES!Preferred!10%!1.5uF!
S!C39!CC0603_470NF_6V3_10%_X5R!!YES!!!6.3V!!!0603!SMD X5R Ceramic Capacitor!GENERIC!CAPCERSMDCL2_0603!CAPCERSMDCL2!CAPCERSMDCL2_0603-470NF,6.3V!CAPCERSMDCL2!CC0603_470NF_6V3_10%_X5R!!!YES!Preferred!10%!470nF!
S!C12!CC0805_2.2UF_10V_+80%-20%_Y5V!!!!!10V!!!0805!SMD Y5V Ceramic Capacitor!GENERIC!CAPCERSMDCL2_0805!CAPCERSMDCL2!CAPCERSMDCL2_0805-2.2UF,10V_GEN!CAPCERSMDCL2!CC0805_2.2UF_10V_+80%-20%_Y5V!!!YES!Preferred!+80%-20%!2.2uF!
S!J4!1888247-1!9!YES!!!!file://cern.ch/dfs/Services/cdslib/datasheets/tyco_1888247-1.pdf!!!20 Positions 0.8mm Pitch SMD Right Angle Receptacle Connector for SFP/SFP+ (Up to 16Gb/s)!TYCO!CON20P_SFP!CON20P_SFP!CON20P_SFP-1888247-1!CON20P_SFP!1888247-1!!!YES!Preferred!!!
S!SFP1!74737-004!1!!!!!file://cern.ch/dfs/Services/cdslib/datasheets/molex_74737004.pdf!!SFP_CAGE!SFP One Piece Cage Press Fit Legs Belly-to-Belly Assembly!MOLEX!SFP_CAGE!SFP_CAGE!SFP_CAGE-SP-74737-004!SFP_CAGE!74737-004!!!NO!Preferred!!!
S!TP3!TP_HOLE_0.8mm!!!NO!!!!!_!Stand-Alone 0.8mm Hole for Test Probe!!TP_HOLE!TP!TP_HOLE-0.8MM!TP!TP_HOLE_0.8mm!!!NO!!!!
S!TP4!TP_HOLE_0.8mm!!!NO!!!!!_!Stand-Alone 0.8mm Hole for Test Probe!!TP_HOLE!TP!TP_HOLE-0.8MM!TP!TP_HOLE_0.8mm!!!NO!!!!
S!TP5!TP_HOLE_0.8mm!!!NO!!!!!_!Stand-Alone 0.8mm Hole for Test Probe!!TP_HOLE!TP!TP_HOLE-0.8MM!TP!TP_HOLE_0.8mm!!!NO!!!!
S!TP6!TP_HOLE_0.8mm!!!NO!!!!!_!Stand-Alone 0.8mm Hole for Test Probe!!TP_HOLE!TP!TP_HOLE-0.8MM!TP!TP_HOLE_0.8mm!!!NO!!!!
S!TP7!TP_HOLE_0.8mm!!!NO!!!!!_!Stand-Alone 0.8mm Hole for Test Probe!!TP_HOLE!TP!TP_HOLE-0.8MM!TP!TP_HOLE_0.8mm!!!NO!!!!
S!TP8!TP_HOLE_0.8mm!!!NO!!!!!_!Stand-Alone 0.8mm Hole for Test Probe!!TP_HOLE!TP!TP_HOLE-0.8MM!TP!TP_HOLE_0.8mm!!!NO!!!!
S!TP9!TP_HOLE_0.8mm!!!NO!!!!!_!Stand-Alone 0.8mm Hole for Test Probe!!TP_HOLE!TP!TP_HOLE-0.8MM!TP!TP_HOLE_0.8mm!!!NO!!!!
S!TP10!TP_HOLE_0.8mm!!!NO!!!!!_!Stand-Alone 0.8mm Hole for Test Probe!!TP_HOLE!TP!TP_HOLE-0.8MM!TP!TP_HOLE_0.8mm!!!NO!!!!
S!TP11!TP_HOLE_0.8mm!!!NO!!!!!_!Stand-Alone 0.8mm Hole for Test Probe!!TP_HOLE!TP!TP_HOLE-0.8MM!TP!TP_HOLE_0.8mm!!!NO!!!!
S!TP2!TP_HOLE_0.8mm!!!NO!!!!!_!Stand-Alone 0.8mm Hole for Test Probe!!TP_HOLE!TP!TP_HOLE-0.8MM!TP!TP_HOLE_0.8mm!!!NO!!!!
S!TP1!TP_HOLE_0.8mm!!!NO!!!!!_!Stand-Alone 0.8mm Hole for Test Probe!!TP_HOLE!TP!TP_HOLE-0.8MM!TP!TP_HOLE_0.8mm!!!NO!!!!
S!R13!R0402_4K7_1%_0.063W_200PPM!!!!!!!!0402!SMD Resistor!GENERIC!RSMD0402_1/16W!RSMD0402!RSMD0402_1/16W-4.7K,1%!RSMD0402!R0402_4K7_1%_0.063W_200PPM!0.063W!!YES!Preferred!1%!4.7k!
S!R14!R0402_4K7_1%_0.063W_200PPM!!!!!!!!0402!SMD Resistor!GENERIC!RSMD0402_1/16W!RSMD0402!RSMD0402_1/16W-4.7K,1%!RSMD0402!R0402_4K7_1%_0.063W_200PPM!0.063W!!YES!Preferred!1%!4.7k!
S!R40!R0402_4K7_1%_0.063W_200PPM!!YES!!!!!!0402!SMD Resistor!GENERIC!RSMD0402_1/16W!RSMD0402!RSMD0402_1/16W-4.7K,1%!RSMD0402!R0402_4K7_1%_0.063W_200PPM!0.063W!!YES!Preferred!1%!4.7k!
S!R41!R0402_4K7_1%_0.063W_200PPM!!YES!!!!!!0402!SMD Resistor!GENERIC!RSMD0402_1/16W!RSMD0402!RSMD0402_1/16W-4.7K,1%!RSMD0402!R0402_4K7_1%_0.063W_200PPM!0.063W!!YES!Preferred!1%!4.7k!
S!R42!R0402_4K7_1%_0.063W_200PPM!!YES!!!!!!0402!SMD Resistor!GENERIC!RSMD0402_1/16W!RSMD0402!RSMD0402_1/16W-4.7K,1%!RSMD0402!R0402_4K7_1%_0.063W_200PPM!0.063W!!YES!Preferred!1%!4.7k!
S!R43!R0402_4K7_1%_0.063W_200PPM!!YES!!!!!!0402!SMD Resistor!GENERIC!RSMD0402_1/16W!RSMD0402!RSMD0402_1/16W-4.7K,1%!RSMD0402!R0402_4K7_1%_0.063W_200PPM!0.063W!!YES!Preferred!1%!4.7k!
S!R138!R0402_4K7_1%_0.063W_200PPM!!YES!!!!!!0402!SMD Resistor!GENERIC!RSMD0402_1/16W!RSMD0402!RSMD0402_1/16W-4.7K,1%!RSMD0402!R0402_4K7_1%_0.063W_200PPM!0.063W!!YES!Preferred!1%!4.7k!
S!R242!R0402_4K7_1%_0.063W_200PPM!!YES!!!!!!0402!SMD Resistor!GENERIC!RSMD0402_1/16W!RSMD0402!RSMD0402_1/16W-4.7K,1%!RSMD0402!R0402_4K7_1%_0.063W_200PPM!0.063W!!YES!Preferred!1%!4.7k!
S!R1328!R0402_4K7_1%_0.063W_200PPM!!YES!!!!!!0402!SMD Resistor!GENERIC!RSMD0402_1/16W!RSMD0402!RSMD0402_1/16W-4.7K,1%!RSMD0402!R0402_4K7_1%_0.063W_200PPM!0.063W!!YES!Preferred!1%!4.7k!
S!R22!R0402_4K7_1%_0.063W_200PPM!7!YES!!!!!!0402!SMD Resistor!GENERIC!RSMD0402_1/16W!RSMD0402!RSMD0402_1/16W-4.7K,1%!RSMD0402!R0402_4K7_1%_0.063W_200PPM!0.063W!!YES!Preferred!1%!4.7k!
S!R24!R0402_4K7_1%_0.063W_200PPM!6!YES!!!!!!0402!SMD Resistor!GENERIC!RSMD0402_1/16W!RSMD0402!RSMD0402_1/16W-4.7K,1%!RSMD0402!R0402_4K7_1%_0.063W_200PPM!0.063W!!YES!Preferred!1%!4.7k!
S!R103!R0402_4K7_1%_0.063W_200PPM!!YES!!!!!!0402!SMD Resistor!GENERIC!RSMD0402_1/16W!RSMD0402!RSMD0402_1/16W-4.7K,1%!RSMD0402!R0402_4K7_1%_0.063W_200PPM!0.063W!!YES!Preferred!1%!4.7k!
S!R39!R0402_4K7_1%_0.063W_200PPM!!YES!!!!!!0402!SMD Resistor!GENERIC!RSMD0402_1/16W!RSMD0402!RSMD0402_1/16W-4.7K,1%!RSMD0402!R0402_4K7_1%_0.063W_200PPM!0.063W!!YES!Preferred!1%!4.7k!
S!R140!R0402_4K7_1%_0.063W_200PPM!!YES!!!!!!0402!SMD Resistor!GENERIC!RSMD0402_1/16W!RSMD0402!RSMD0402_1/16W-4.7K,1%!RSMD0402!R0402_4K7_1%_0.063W_200PPM!0.063W!!YES!Preferred!1%!4.7k!
S!R411!R0402_4K7_1%_0.063W_200PPM!!YES!!!!!!0402!SMD Resistor!GENERIC!RSMD0402_1/16W!RSMD0402!RSMD0402_1/16W-4.7K,1%!RSMD0402!R0402_4K7_1%_0.063W_200PPM!0.063W!!YES!Preferred!1%!4.7k!
S!R142!R0402_4K7_1%_0.063W_200PPM!!YES!!!!!!0402!SMD Resistor!GENERIC!RSMD0402_1/16W!RSMD0402!RSMD0402_1/16W-4.7K,1%!RSMD0402!R0402_4K7_1%_0.063W_200PPM!0.063W!!YES!Preferred!1%!4.7k!
S!R143!R0402_4K7_1%_0.063W_200PPM!!YES!!!!!!0402!SMD Resistor!GENERIC!RSMD0402_1/16W!RSMD0402!RSMD0402_1/16W-4.7K,1%!RSMD0402!R0402_4K7_1%_0.063W_200PPM!0.063W!!YES!Preferred!1%!4.7k!
S!R15!R0402_4K7_1%_0.063W_200PPM!!!!!!!!0402!SMD Resistor!GENERIC!RSMD0402_1/16W!RSMD0402!RSMD0402_1/16W-4.7K,1%!RSMD0402!R0402_4K7_1%_0.063W_200PPM!0.063W!!YES!Preferred!1%!4.7k!
S!R16!R0402_4K7_1%_0.063W_200PPM!!!!!!!!0402!SMD Resistor!GENERIC!RSMD0402_1/16W!RSMD0402!RSMD0402_1/16W-4.7K,1%!RSMD0402!R0402_4K7_1%_0.063W_200PPM!0.063W!!YES!Preferred!1%!4.7k!
S!R28!R0402_4K7_1%_0.063W_200PPM!3!YES!!!!!!0402!SMD Resistor!GENERIC!RSMD0402_1/16W!RSMD0402!RSMD0402_1/16W-4.7K,1%!RSMD0402!R0402_4K7_1%_0.063W_200PPM!0.063W!!YES!Preferred!1%!4.7k!
S!R29!R0402_4K7_1%_0.063W_200PPM!2!YES!!!!!!0402!SMD Resistor!GENERIC!RSMD0402_1/16W!RSMD0402!RSMD0402_1/16W-4.7K,1%!RSMD0402!R0402_4K7_1%_0.063W_200PPM!0.063W!!YES!Preferred!1%!4.7k!
S!R23!R0402_4K7_1%_0.063W_200PPM!8!YES!!!!!!0402!SMD Resistor!GENERIC!RSMD0402_1/16W!RSMD0402!RSMD0402_1/16W-4.7K,1%!RSMD0402!R0402_4K7_1%_0.063W_200PPM!0.063W!!YES!Preferred!1%!4.7k!
S!R25!R0402_4K7_1%_0.063W_200PPM!5!YES!!!!!!0402!SMD Resistor!GENERIC!RSMD0402_1/16W!RSMD0402!RSMD0402_1/16W-4.7K,1%!RSMD0402!R0402_4K7_1%_0.063W_200PPM!0.063W!!YES!Preferred!1%!4.7k!
S!IC12!ADN2814ACPZ!!YES!!TRUE!!file://cern.ch/dfs/Services/cdslib/datasheets/adn2814.pdf!!LFCSP-32!Continuous Rate 10Mb/s to 675Mb/s Clock and Data Recovery IC with Integrated Limiting Amp!ANALOG DEVICES!ADN2814_LFCSP!ADN2814!ADN2814ACPZ!ADN2814!ADN2814ACPZ!!!YES!Preferred!!!
S!C1!CC0402_100NF_16V_10%_X7R!!!!!16V!!!0402!SMD X7R Ceramic Capacitor!GENERIC!CAPCERSMDCL2_0402!CAPCERSMDCL2!CAPCERSMDCL2_0402-100NF,16V_GEN!CAPCERSMDCL2!CC0402_100NF_16V_10%_X7R!!!YES!Preferred!10%!100nF!
S!C2!CC0402_100NF_16V_10%_X7R!!!!!16V!!!0402!SMD X7R Ceramic Capacitor!GENERIC!CAPCERSMDCL2_0402!CAPCERSMDCL2!CAPCERSMDCL2_0402-100NF,16V_GEN!CAPCERSMDCL2!CC0402_100NF_16V_10%_X7R!!!YES!Preferred!10%!100nF!
S!C7!CC0402_100NF_16V_10%_X7R!!!!!16V!!!0402!SMD X7R Ceramic Capacitor!GENERIC!CAPCERSMDCL2_0402!CAPCERSMDCL2!CAPCERSMDCL2_0402-100NF,16V_GEN!CAPCERSMDCL2!CC0402_100NF_16V_10%_X7R!!!YES!Preferred!10%!100nF!
S!C19!CC0402_100NF_16V_10%_X7R!!!!!16V!!!0402!SMD X7R Ceramic Capacitor!GENERIC!CAPCERSMDCL2_0402!CAPCERSMDCL2!CAPCERSMDCL2_0402-100NF,16V_GEN!CAPCERSMDCL2!CC0402_100NF_16V_10%_X7R!!!YES!Preferred!10%!100nF!
S!C20!CC0402_100NF_16V_10%_X7R!!!!!16V!!!0402!SMD X7R Ceramic Capacitor!GENERIC!CAPCERSMDCL2_0402!CAPCERSMDCL2!CAPCERSMDCL2_0402-100NF,16V_GEN!CAPCERSMDCL2!CC0402_100NF_16V_10%_X7R!!!YES!Preferred!10%!100nF!
S!C47!CC0402_100NF_16V_10%_X7R!!!!!16V!!!0402!SMD X7R Ceramic Capacitor!GENERIC!CAPCERSMDCL2_0402!CAPCERSMDCL2!CAPCERSMDCL2_0402-100NF,16V_GEN!CAPCERSMDCL2!CC0402_100NF_16V_10%_X7R!!!YES!Preferred!10%!100nF!
S!C48!CC0402_100NF_16V_10%_X7R!!!!!16V!!!0402!SMD X7R Ceramic Capacitor!GENERIC!CAPCERSMDCL2_0402!CAPCERSMDCL2!CAPCERSMDCL2_0402-100NF,16V_GEN!CAPCERSMDCL2!CC0402_100NF_16V_10%_X7R!!!YES!Preferred!10%!100nF!
S!C49!CC0402_100NF_16V_10%_X7R!!!!!16V!!!0402!SMD X7R Ceramic Capacitor!GENERIC!CAPCERSMDCL2_0402!CAPCERSMDCL2!CAPCERSMDCL2_0402-100NF,16V_GEN!CAPCERSMDCL2!CC0402_100NF_16V_10%_X7R!!!YES!Preferred!10%!100nF!
S!C69!CC0402_100NF_16V_10%_X7R!!!!!16V!!!0402!SMD X7R Ceramic Capacitor!GENERIC!CAPCERSMDCL2_0402!CAPCERSMDCL2!CAPCERSMDCL2_0402-100NF,16V_GEN!CAPCERSMDCL2!CC0402_100NF_16V_10%_X7R!!!YES!Preferred!10%!100nF!
S!C9!CC0402_100NF_16V_10%_X7R!!!!!16V!!!0402!SMD X7R Ceramic Capacitor!GENERIC!CAPCERSMDCL2_0402!CAPCERSMDCL2!CAPCERSMDCL2_0402-100NF,16V_GEN!CAPCERSMDCL2!CC0402_100NF_16V_10%_X7R!!!YES!Preferred!10%!100nF!
S!C8!CC0402_100NF_16V_10%_X7R!!!!!16V!!!0402!SMD X7R Ceramic Capacitor!GENERIC!CAPCERSMDCL2_0402!CAPCERSMDCL2!CAPCERSMDCL2_0402-100NF,16V_GEN!CAPCERSMDCL2!CC0402_100NF_16V_10%_X7R!!!YES!Preferred!10%!100nF!
S!C17!CC0402_100NF_16V_10%_X7R!!YES!!!16V!!!0402!SMD X7R Ceramic Capacitor!GENERIC!CAPCERSMDCL2_0402!CAPCERSMDCL2!CAPCERSMDCL2_0402-100NF,16V_GEN!CAPCERSMDCL2!CC0402_100NF_16V_10%_X7R!!!YES!Preferred!10%!100nF!
S!C31!CC0402_100NF_16V_10%_X7R!!!!!16V!!!0402!SMD X7R Ceramic Capacitor!GENERIC!CAPCERSMDCL2_0402!CAPCERSMDCL2!CAPCERSMDCL2_0402-100NF,16V_GEN!CAPCERSMDCL2!CC0402_100NF_16V_10%_X7R!!!YES!Preferred!10%!100nF!
S!C61!CC0402_100NF_16V_10%_X7R!!!!!16V!!!0402!SMD X7R Ceramic Capacitor!GENERIC!CAPCERSMDCL2_0402!CAPCERSMDCL2!CAPCERSMDCL2_0402-100NF,16V_GEN!CAPCERSMDCL2!CC0402_100NF_16V_10%_X7R!!!YES!Preferred!10%!100nF!
S!C71!CC0402_100NF_16V_10%_X7R!!!!!16V!!!0402!SMD X7R Ceramic Capacitor!GENERIC!CAPCERSMDCL2_0402!CAPCERSMDCL2!CAPCERSMDCL2_0402-100NF,16V_GEN!CAPCERSMDCL2!CC0402_100NF_16V_10%_X7R!!!YES!Preferred!10%!100nF!
S!C72!CC0402_100NF_16V_10%_X7R!!!!!16V!!!0402!SMD X7R Ceramic Capacitor!GENERIC!CAPCERSMDCL2_0402!CAPCERSMDCL2!CAPCERSMDCL2_0402-100NF,16V_GEN!CAPCERSMDCL2!CC0402_100NF_16V_10%_X7R!!!YES!Preferred!10%!100nF!
S!C117!CC0402_100NF_16V_10%_X7R!!YES!!!16V!!!0402!SMD X7R Ceramic Capacitor!GENERIC!CAPCERSMDCL2_0402!CAPCERSMDCL2!CAPCERSMDCL2_0402-100NF,16V_GEN!CAPCERSMDCL2!CC0402_100NF_16V_10%_X7R!!!YES!Preferred!10%!100nF!
S!C62!CC0402_100NF_16V_10%_X7R!!!!!16V!!!0402!SMD X7R Ceramic Capacitor!GENERIC!CAPCERSMDCL2_0402!CAPCERSMDCL2!CAPCERSMDCL2_0402-100NF,16V_GEN!CAPCERSMDCL2!CC0402_100NF_16V_10%_X7R!!!YES!Preferred!10%!100nF!
S!C63!CC0402_100NF_16V_10%_X7R!!!!!16V!!!0402!SMD X7R Ceramic Capacitor!GENERIC!CAPCERSMDCL2_0402!CAPCERSMDCL2!CAPCERSMDCL2_0402-100NF,16V_GEN!CAPCERSMDCL2!CC0402_100NF_16V_10%_X7R!!!YES!Preferred!10%!100nF!
S!C32!CC0402_100NF_16V_10%_X7R!!!!!16V!!!0402!SMD X7R Ceramic Capacitor!GENERIC!CAPCERSMDCL2_0402!CAPCERSMDCL2!CAPCERSMDCL2_0402-100NF,16V_GEN!CAPCERSMDCL2!CC0402_100NF_16V_10%_X7R!!!YES!Preferred!10%!100nF!
S!C70!CC0402_100NF_16V_10%_X7R!10!!!!16V!!!0402!SMD X7R Ceramic Capacitor!GENERIC!CAPCERSMDCL2_0402!CAPCERSMDCL2!CAPCERSMDCL2_0402-100NF,16V_GEN!CAPCERSMDCL2!CC0402_100NF_16V_10%_X7R!!!YES!Preferred!10%!100nF!
S!C3!CC0402_100NF_16V_10%_X7R!!YES!!!16V!!!0402!SMD X7R Ceramic Capacitor!GENERIC!CAPCERSMDCL2_0402!CAPCERSMDCL2!CAPCERSMDCL2_0402-100NF,16V_GEN!CAPCERSMDCL2!CC0402_100NF_16V_10%_X7R!!!YES!Preferred!10%!100nF!
S!C5!CC0402_100NF_16V_10%_X7R!!YES!!!16V!!!0402!SMD X7R Ceramic Capacitor!GENERIC!CAPCERSMDCL2_0402!CAPCERSMDCL2!CAPCERSMDCL2_0402-100NF,16V_GEN!CAPCERSMDCL2!CC0402_100NF_16V_10%_X7R!!!YES!Preferred!10%!100nF!
S!C6!CC0402_100NF_16V_10%_X7R!!YES!!!16V!!!0402!SMD X7R Ceramic Capacitor!GENERIC!CAPCERSMDCL2_0402!CAPCERSMDCL2!CAPCERSMDCL2_0402-100NF,16V_GEN!CAPCERSMDCL2!CC0402_100NF_16V_10%_X7R!!!YES!Preferred!10%!100nF!
S!C4!CC0402_100NF_16V_10%_X7R!!YES!!!16V!!!0402!SMD X7R Ceramic Capacitor!GENERIC!CAPCERSMDCL2_0402!CAPCERSMDCL2!CAPCERSMDCL2_0402-100NF,16V_GEN!CAPCERSMDCL2!CC0402_100NF_16V_10%_X7R!!!YES!Preferred!10%!100nF!
S!C11!CC0402_100NF_16V_10%_X7R!!!!!16V!!!0402!SMD X7R Ceramic Capacitor!GENERIC!CAPCERSMDCL2_0402!CAPCERSMDCL2!CAPCERSMDCL2_0402-100NF,16V_GEN!CAPCERSMDCL2!CC0402_100NF_16V_10%_X7R!!!YES!Preferred!10%!100nF!
S!C38!CC0402_100NF_16V_10%_X7R!!YES!!!16V!!!0402!SMD X7R Ceramic Capacitor!GENERIC!CAPCERSMDCL2_0402!CAPCERSMDCL2!CAPCERSMDCL2_0402-100NF,16V_GEN!CAPCERSMDCL2!CC0402_100NF_16V_10%_X7R!!!YES!Preferred!10%!100nF!
S!C42!CC0402_100NF_16V_10%_X7R!!YES!!!16V!!!0402!SMD X7R Ceramic Capacitor!GENERIC!CAPCERSMDCL2_0402!CAPCERSMDCL2!CAPCERSMDCL2_0402-100NF,16V_GEN!CAPCERSMDCL2!CC0402_100NF_16V_10%_X7R!!!YES!Preferred!10%!100nF!
S!C46!CC0402_100NF_16V_10%_X7R!!!!!16V!!!0402!SMD X7R Ceramic Capacitor!GENERIC!CAPCERSMDCL2_0402!CAPCERSMDCL2!CAPCERSMDCL2_0402-100NF,16V_GEN!CAPCERSMDCL2!CC0402_100NF_16V_10%_X7R!!!YES!Preferred!10%!100nF!
S!C45!CC0402_100NF_16V_10%_X7R!!!!!16V!!!0402!SMD X7R Ceramic Capacitor!GENERIC!CAPCERSMDCL2_0402!CAPCERSMDCL2!CAPCERSMDCL2_0402-100NF,16V_GEN!CAPCERSMDCL2!CC0402_100NF_16V_10%_X7R!!!YES!Preferred!10%!100nF!
S!C107!CC0402_100NF_16V_10%_X7R!!YES!!!16V!!!0402!SMD X7R Ceramic Capacitor!GENERIC!CAPCERSMDCL2_0402!CAPCERSMDCL2!CAPCERSMDCL2_0402-100NF,16V_GEN!CAPCERSMDCL2!CC0402_100NF_16V_10%_X7R!!!YES!Preferred!10%!100nF!
S!C13!CC0402_100NF_16V_10%_X7R!!!!!16V!!!0402!SMD X7R Ceramic Capacitor!GENERIC!CAPCERSMDCL2_0402!CAPCERSMDCL2!CAPCERSMDCL2_0402-100NF,16V_GEN!CAPCERSMDCL2!CC0402_100NF_16V_10%_X7R!!!YES!Preferred!10%!100nF!
S!C14!CC0402_100NF_16V_10%_X7R!!!!!16V!!!0402!SMD X7R Ceramic Capacitor!GENERIC!CAPCERSMDCL2_0402!CAPCERSMDCL2!CAPCERSMDCL2_0402-100NF,16V_GEN!CAPCERSMDCL2!CC0402_100NF_16V_10%_X7R!!!YES!Preferred!10%!100nF!
S!C16!CC0402_100NF_16V_10%_X7R!!YES!!!16V!!!0402!SMD X7R Ceramic Capacitor!GENERIC!CAPCERSMDCL2_0402!CAPCERSMDCL2!CAPCERSMDCL2_0402-100NF,16V_GEN!CAPCERSMDCL2!CC0402_100NF_16V_10%_X7R!!!YES!Preferred!10%!100nF!
S!C18!CC0402_100NF_16V_10%_X7R!!YES!!!16V!!!0402!SMD X7R Ceramic Capacitor!GENERIC!CAPCERSMDCL2_0402!CAPCERSMDCL2!CAPCERSMDCL2_0402-100NF,16V_GEN!CAPCERSMDCL2!CC0402_100NF_16V_10%_X7R!!!YES!Preferred!10%!100nF!
S!C15!CC0402_100NF_16V_10%_X7R!!YES!!!16V!!!0402!SMD X7R Ceramic Capacitor!GENERIC!CAPCERSMDCL2_0402!CAPCERSMDCL2!CAPCERSMDCL2_0402-100NF,16V_GEN!CAPCERSMDCL2!CC0402_100NF_16V_10%_X7R!!!YES!Preferred!10%!100nF!
S!C33!CC0402_100NF_16V_10%_X7R!!YES!!!16V!!!0402!SMD X7R Ceramic Capacitor!GENERIC!CAPCERSMDCL2_0402!CAPCERSMDCL2!CAPCERSMDCL2_0402-100NF,16V_GEN!CAPCERSMDCL2!CC0402_100NF_16V_10%_X7R!!!YES!Preferred!10%!100nF!
S!C36!CC0402_100NF_16V_10%_X7R!!YES!!!16V!!!0402!SMD X7R Ceramic Capacitor!GENERIC!CAPCERSMDCL2_0402!CAPCERSMDCL2!CAPCERSMDCL2_0402-100NF,16V_GEN!CAPCERSMDCL2!CC0402_100NF_16V_10%_X7R!!!YES!Preferred!10%!100nF!
S!C40!CC0402_100NF_16V_10%_X7R!!YES!!!16V!!!0402!SMD X7R Ceramic Capacitor!GENERIC!CAPCERSMDCL2_0402!CAPCERSMDCL2!CAPCERSMDCL2_0402-100NF,16V_GEN!CAPCERSMDCL2!CC0402_100NF_16V_10%_X7R!!!YES!Preferred!10%!100nF!
S!C29!CC0402_100NF_16V_10%_X7R!!YES!!!16V!!!0402!SMD X7R Ceramic Capacitor!GENERIC!CAPCERSMDCL2_0402!CAPCERSMDCL2!CAPCERSMDCL2_0402-100NF,16V_GEN!CAPCERSMDCL2!CC0402_100NF_16V_10%_X7R!!!YES!Preferred!10%!100nF!
S!L2!LQH32CN4R7M23!!YES!!!!file://cern.ch/dfs/services/cdslib/datasheets/ind_Murata_lqh32c.pdf!!_!Chip Coils for Choke Wire Wound!MURATA!INDUCTANCE!INDUCTANCE!INDUCTANCE_LQH32C_23-4.7UH!INDUCTANCE!LQH32CN4R7M23!!!!!!4.7uH!
S!L1!LQH32CN4R7M23!!YES!!!!file://cern.ch/dfs/services/cdslib/datasheets/ind_Murata_lqh32c.pdf!!_!Chip Coils for Choke Wire Wound!MURATA!INDUCTANCE!INDUCTANCE!INDUCTANCE_LQH32C_23-4.7UH!INDUCTANCE!LQH32CN4R7M23!!!!!!4.7uH!
S!IC15!PCA9517DGKR!!YES!!!!file://cern.ch/dfs/Services/cdslib/Dtasheets/pca9517.pdf!IC!MSOP!Level-Translating I2C Bus Repeater!TEXAS INSTRUMENTS!PCA9517_MSOP!PCA9517!PCA9517DGKR!PCA9517!PCA9517DGKR!!!YES!preferred!!!
S!R52!R0603_00_JUMPER!!YES!!!!!!0603!0603 Size SMD Jumper!GENERIC!RSMD0603_!RSMD0603!RSMD0603_-00,!RSMD0603!R0603_00_JUMPER!!http://edhcat.cern.ch/edhcat/Browser?command=searchItems&scem=11.24.03.000.5!YES!Preferred!!00!
S!R53!R0603_00_JUMPER!!YES!!!!!!0603!0603 Size SMD Jumper!GENERIC!RSMD0603_!RSMD0603!RSMD0603_-00,!RSMD0603!R0603_00_JUMPER!!http://edhcat.cern.ch/edhcat/Browser?command=searchItems&scem=11.24.03.000.5!YES!Preferred!!00!
S!R54!R0603_00_JUMPER!!YES!!!!!!0603!0603 Size SMD Jumper!GENERIC!RSMD0603_!RSMD0603!RSMD0603_-00,!RSMD0603!R0603_00_JUMPER!!http://edhcat.cern.ch/edhcat/Browser?command=searchItems&scem=11.24.03.000.5!YES!Preferred!!00!
S!R55!R0603_00_JUMPER!!YES!!!!!!0603!0603 Size SMD Jumper!GENERIC!RSMD0603_!RSMD0603!RSMD0603_-00,!RSMD0603!R0603_00_JUMPER!!http://edhcat.cern.ch/edhcat/Browser?command=searchItems&scem=11.24.03.000.5!YES!Preferred!!00!
S!R34!R0603_00_JUMPER!!YES!!!!!!0603!0603 Size SMD Jumper!GENERIC!RSMD0603_!RSMD0603!RSMD0603_-00,!RSMD0603!R0603_00_JUMPER!!http://edhcat.cern.ch/edhcat/Browser?command=searchItems&scem=11.24.03.000.5!YES!Preferred!!00!
S!R12!R0603_00_JUMPER!!YES!!!!!!0603!0603 Size SMD Jumper!GENERIC!RSMD0603_!RSMD0603!RSMD0603_-00,!RSMD0603!R0603_00_JUMPER!!http://edhcat.cern.ch/edhcat/Browser?command=searchItems&scem=11.24.03.000.5!YES!Preferred!!00!
