A!NET_NAME_SORT!NET_NAME!NET_PHYSICAL_TYPE!NET_SPACING_TYPE!ELECTRICAL_CONSTRAINT_SET!NET_DIFFERENTIAL_PAIR!NET_STUB_LENGTH!NET_MAX_VIA_COUNT!NET_MIN_LINE_WIDTH!NET_MAX_PARALLEL!NET_IMPEDANCE_AVERAGE!NO_TEST!NET_IMPEDANCE_MINIMUM!NET_IMPEDANCE_MAXIMUM!
J!P:/cad/designs/uob-hep-pc053a/trunk/design_files/worklib/pc053a_toplevel/physical/pc053a_toplevel_33_ans_16-5_routed.brd!Thu Nov 10 10:17:50 2016!-315.1182!-288.1258!426.2018!384.9302!0.0001!millimeters!PC053A_TOPLEVEL!61.913386 mil!6!OUT OF DATE!
S!UNNAMED_3_CAPCERSMDCL2_I316_A!UNNAMED_3_CAPCERSMDCL2_I316_A!!!!!!!!!69.55 ohms!!69.55 ohms!69.55 ohms!
S!UNNAMED_3_CAPCERSMDCL2_I315_A!UNNAMED_3_CAPCERSMDCL2_I315_A!!!!!!!!!69.55 ohms!!69.55 ohms!69.55 ohms!
S!UNNAMED_5_PCOAX_I321_A!UNNAMED_5_PCOAX_I321_A!!!!!!!!!69.55 ohms!!69.55 ohms!69.55 ohms!
S!UNNAMED_5_PCOAX_I315_A!UNNAMED_5_PCOAX_I315_A!!!!!!!!!69.55 ohms!!69.55 ohms!69.55 ohms!
S!UNNAMED_5_PCOAX_I312_A!UNNAMED_5_PCOAX_I312_A!!!!!!!!!69.55 ohms!!69.55 ohms!69.55 ohms!
S!UNNAMED_5_ADCMP604_I294_!UNNAMED_5_ADCMP604_I294_!!!!!!!!!69.55 ohms!!69.55 ohms!69.55 ohms!
S!UNNAMED_5_ADCMP604_I285_!UNNAMED_5_ADCMP604_I285_!!!!!!!!!69.55 ohms!!69.55 ohms!69.55 ohms!
S!UNNAMED_5_ADCMP604_I256__ 00000001!UNNAMED_5_ADCMP604_I256__1!!!!!!!!!69.55 ohms!!69.55 ohms!69.55 ohms!
S!UNNAMED_5_ADCMP604_I256_!UNNAMED_5_ADCMP604_I256_!!!!!!!!!69.55 ohms!!69.55 ohms!69.55 ohms!
S!UNNAMED_5_74LCX04_I323_Y!UNNAMED_5_74LCX04_I323_Y!!!!!!!!!69.55 ohms!!69.55 ohms!69.55 ohms!
S!UNNAMED_5_74LCX04_I323_A!UNNAMED_5_74LCX04_I323_A!!!!!!!!!69.55 ohms!!69.55 ohms!69.55 ohms!
S!UNNAMED_5_74LCX04_I317_Y!UNNAMED_5_74LCX04_I317_Y!!!!!!!!!69.55 ohms!!69.55 ohms!69.55 ohms!
S!UNNAMED_5_74LCX04_I317_A!UNNAMED_5_74LCX04_I317_A!!!!!!!!!69.55 ohms!!69.55 ohms!69.55 ohms!
S!UNNAMED_5_74LCX04_I304_Y!UNNAMED_5_74LCX04_I304_Y!!!!!!!!!69.55 ohms!!69.55 ohms!69.55 ohms!
S!UNNAMED_4_RSMD0402_I123_A!UNNAMED_4_RSMD0402_I123_A!!!!!!!!!69.55 ohms!!69.55 ohms!69.55 ohms!
S!UNNAMED_11_RSMD0402_I233_B!UNNAMED_11_RSMD0402_I233_B!!!!!!!!!69.55 ohms!!69.55 ohms!69.55 ohms!
S!UNNAMED_11_RSMD0402_I232_B!UNNAMED_11_RSMD0402_I232_B!!!!!!!!!69.55 ohms!!69.55 ohms!69.55 ohms!
S!T_SFP_P!T_SFP_P!!!PDIFF!SFP_DO!!!0.127 MM!!71.02 ohms!!69.55 ohms!71.29 ohms!
S!T_SFP_N!T_SFP_N!!!PDIFF!SFP_DO!!!0.127 MM!!71.07 ohms!!69.55 ohms!71.29 ohms!
S!T_RJ45_D_P!T_RJ45_D_P!!!PDIFF!PAR_DI!!!0.127 MM!!71.23 ohms!!69.55 ohms!71.29 ohms!
S!T_RJ45_D_N!T_RJ45_D_N!!!PDIFF!PAR_DI!!!0.127 MM!!71.23 ohms!!69.55 ohms!71.29 ohms!
S!T_RJ45_CLK_P!T_RJ45_CLK_P!!!PDIFF!PAR_CLKO!!!0.127 MM!!70.97 ohms!!69.55 ohms!71.29 ohms!
S!T_RJ45_CLK_N!T_RJ45_CLK_N!!!PDIFF!PAR_CLKO!!!0.127 MM!!70.96 ohms!!69.55 ohms!71.29 ohms!
S!T_MCX_CLK!T_MCX_CLK!!!!!!!!!71.08 ohms!!69.55 ohms!71.29 ohms!
S!T_FMC_REC_CLK_P!T_FMC_REC_CLK_P!!!PDIFF!FMC_REC_CLK!!!0.127 MM!!71.05 ohms!!69.55 ohms!71.29 ohms!
S!T_FMC_REC_CLK_N!T_FMC_REC_CLK_N!!!PDIFF!FMC_REC_CLK!!!0.127 MM!!71.05 ohms!!69.55 ohms!71.29 ohms!
S!T_FMC_P!T_FMC_P!!!PDIFF!T_FMC!!!0.127 MM!!69.55 ohms!!69.55 ohms!69.55 ohms!
S!T_FMC_N!T_FMC_N!!!PDIFF!T_FMC!!!0.127 MM!!69.55 ohms!!69.55 ohms!69.55 ohms!
S!T_FMC_CLK_P!T_FMC_CLK_P!!!PDIFF!FMC_CLK!!!0.127 MM!!71.14 ohms!!69.55 ohms!71.29 ohms!
S!T_FMC_CLK_N!T_FMC_CLK_N!!!PDIFF!FMC_CLK!!!0.127 MM!!71.17 ohms!!69.55 ohms!71.29 ohms!
S!T_FFD_D_P!T_FFD_D_P!!!PDIFF!FFD_DI!!!0.127 MM!!70.24 ohms!!69.55 ohms!71.29 ohms!
S!T_FFD_D_N!T_FFD_D_N!!!PDIFF!FFD_DI!!!0.127 MM!!70.25 ohms!!69.55 ohms!71.29 ohms!
S!T_FFD_CLK_P!T_FFD_CLK_P!!!PDIFF!FFD_CLK!!!0.127 MM!!70.51 ohms!!69.55 ohms!71.29 ohms!
S!T_FFD_CLK_N!T_FFD_CLK_N!!!PDIFF!FFD_CLK!!!0.127 MM!!70.52 ohms!!69.55 ohms!71.29 ohms!
S!T_CDR_P!T_CDR_P!!!PDIFF!T_CDR!!!0.127 MM!!70.41 ohms!!69.55 ohms!71.29 ohms!
S!T_CDR_N!T_CDR_N!!!PDIFF!T_CDR!!!0.127 MM!!70.39 ohms!!69.55 ohms!71.29 ohms!
S!S_GPIO_IN 00000001!S_GPIO_IN1!!!!!!!!!69.55 ohms!!69.55 ohms!69.55 ohms!
S!S_GPIO_IN 00000000!S_GPIO_IN0!!!!!!!!!69.55 ohms!!69.55 ohms!69.55 ohms!
S!S_CLK_IN!S_CLK_IN!!!!!!!!!69.55 ohms!!69.55 ohms!69.55 ohms!
S!GPIO_IN1_P!GPIO_IN1_P!!!PDIFF!GPIO_IN1!!!0.127 MM!!70.79 ohms!!69.55 ohms!71.29 ohms!
S!GPIO_IN1_N!GPIO_IN1_N!!!PDIFF!GPIO_IN1!!!0.127 MM!!70.89 ohms!!69.55 ohms!71.29 ohms!
S!GPIO_IN0_P!GPIO_IN0_P!!!PDIFF!GPIO_IN0!!!0.127 MM!!70.95 ohms!!69.55 ohms!71.29 ohms!
S!GPIO_IN0_N!GPIO_IN0_N!!!PDIFF!GPIO_IN0!!!0.127 MM!!70.95 ohms!!69.55 ohms!71.29 ohms!
S!F_SFP_P!F_SFP_P!!!PDIFF!SFP_DI!!!0.127 MM!!70.87 ohms!!69.55 ohms!71.29 ohms!
S!F_SFP_N!F_SFP_N!!!PDIFF!SFP_DI!!!0.127 MM!!70.89 ohms!!69.55 ohms!71.29 ohms!
S!F_RJ45_D_P!F_RJ45_D_P!!!PDIFF!PAR_DO!!!0.127 MM!!71.24 ohms!!69.55 ohms!71.29 ohms!
S!F_RJ45_D_N!F_RJ45_D_N!!!PDIFF!PAR_DO!!!0.127 MM!!71.24 ohms!!69.55 ohms!71.29 ohms!
S!F_RJ45_CLK_P!F_RJ45_CLK_P!!!PDIFF!PAR_CLKI!!!0.127 MM!!69.55 ohms!!69.55 ohms!69.55 ohms!
S!F_RJ45_CLK_N!F_RJ45_CLK_N!!!PDIFF!PAR_CLKI!!!0.127 MM!!69.55 ohms!!69.55 ohms!69.55 ohms!
S!F_MCX_CLK_P!F_MCX_CLK_P!!!PDIFF!SERPAR_CLKI!!!0.127 MM!!69.55 ohms!!69.55 ohms!69.55 ohms!
S!F_MCX_CLK_N!F_MCX_CLK_N!!!PDIFF!SERPAR_CLKI!!!0.127 MM!!69.55 ohms!!69.55 ohms!69.55 ohms!
S!F_GPIO_OUT1_P!F_GPIO_OUT1_P!!!PDIFF!F_GPIO_OUT1!!!0.127 MM!!70.74 ohms!!69.55 ohms!71.29 ohms!
S!F_GPIO_OUT1_N!F_GPIO_OUT1_N!!!PDIFF!F_GPIO_OUT1!!!0.127 MM!!70.76 ohms!!69.55 ohms!71.29 ohms!
S!F_GPIO_OUT0_P!F_GPIO_OUT0_P!!!PDIFF!F_GPIO_OUT0!!!0.127 MM!!70.73 ohms!!69.55 ohms!71.29 ohms!
S!F_GPIO_OUT0_N!F_GPIO_OUT0_N!!!PDIFF!F_GPIO_OUT0!!!0.127 MM!!70.71 ohms!!69.55 ohms!71.29 ohms!
S!F_FMC_CLK_P!F_FMC_CLK_P!!!PDIFF!F_FMC_CLK!!!0.127 MM!!71.10 ohms!!69.55 ohms!71.29 ohms!
S!F_FMC_CLK_N!F_FMC_CLK_N!!!PDIFF!F_FMC_CLK!!!0.127 MM!!71.10 ohms!!69.55 ohms!71.29 ohms!
S!F_CDR_D_P!F_CDR_D_P!!!PDIFF!F_CDR_D!!!0.127 MM!!69.55 ohms!!69.55 ohms!69.55 ohms!
S!F_CDR_D_N!F_CDR_D_N!!!PDIFF!F_CDR_D!!!0.127 MM!!69.55 ohms!!69.55 ohms!69.55 ohms!
S!VCC!VCC!!!!!!!0.3 MM!!64.93 ohms!!64.93 ohms!64.93 ohms!
S!UNNAMED_3_NBSG53A_I298_VTD!UNNAMED_3_NBSG53A_I298_VTD!!!!!!!!!69.55 ohms!!69.55 ohms!69.55 ohms!
S!UNNAMED_3_NBSG53A_I298_VTCLK!UNNAMED_3_NBSG53A_I298_VTCLK!!!!!!!!!69.55 ohms!!69.55 ohms!69.55 ohms!
S!UNNAMED_3_NBSG53A_I298_SEL!UNNAMED_3_NBSG53A_I298_SEL!!!!!!!!!69.55 ohms!!69.55 ohms!69.55 ohms!
S!UNNAMED_3_NBSG53A_I298_R!UNNAMED_3_NBSG53A_I298_R!!!!!!!!!69.55 ohms!!69.55 ohms!69.55 ohms!
S!UNNAMED_3_NBSG53A_I298_OLS!UNNAMED_3_NBSG53A_I298_OLS!!!!!!!!!69.55 ohms!!69.55 ohms!69.55 ohms!
S!FPGA_CLK_RST!FPGA_CLK_RST!!!!!!!!!69.55 ohms!!69.55 ohms!69.55 ohms!
S!FPGA_CDR_LOS!FPGA_CDR_LOS!!!!!!!!!70.65 ohms!!69.55 ohms!71.29 ohms!
S!FPGA_CDR_LOL!FPGA_CDR_LOL!!!!!!!!!70.21 ohms!!69.55 ohms!71.29 ohms!
S!CLK_RST!CLK_RST!!!!!!!!!70.85 ohms!!69.55 ohms!71.29 ohms!
S!SFP_LOS!SFP_LOS!!!!!!!!!70.63 ohms!!69.55 ohms!71.29 ohms!
S!FPGA_SFP_LOS!FPGA_SFP_LOS!!!!!!!!!70.75 ohms!!69.55 ohms!71.29 ohms!
S!UNNAMED_4_CAPCERSMDCL2_I120_A!UNNAMED_4_CAPCERSMDCL2_I120_A!!!!!!!!!69.55 ohms!!69.55 ohms!69.55 ohms!
S!UNNAMED_4_CAPCERSMDCL2_I119_A!UNNAMED_4_CAPCERSMDCL2_I119_A!!!!!!!!!69.55 ohms!!69.55 ohms!69.55 ohms!
S!CLK_IN2_N!CLK_IN2_N!!!!CLK_IN2!!!!!70.58 ohms!!69.55 ohms!71.29 ohms!
S!CLK_IN2_P!CLK_IN2_P!!!!CLK_IN2!!!!!70.58 ohms!!69.55 ohms!71.29 ohms!
S!CLK_IN1_N!CLK_IN1_N!!!!CLK_IN1!!!!!69.55 ohms!!69.55 ohms!69.55 ohms!
S!CLK_IN1_P!CLK_IN1_P!!!!CLK_IN1!!!!!69.55 ohms!!69.55 ohms!69.55 ohms!
S!CLK_IN0_N!CLK_IN0_N!!!!CLK_IN0!!!!!69.55 ohms!!69.55 ohms!69.55 ohms!
S!CLK_IN0_P!CLK_IN0_P!!!!CLK_IN0!!!!!69.55 ohms!!69.55 ohms!69.55 ohms!
S!SY5860_IN_N!SY5860_IN_N!!!!SY5860_IN!!!!!69.55 ohms!!69.55 ohms!69.55 ohms!
S!SY5860_IN_P!SY5860_IN_P!!!!SY5860_IN!!!!!69.55 ohms!!69.55 ohms!69.55 ohms!
S!UNNAMED_11_ADN2814_I23_DATAOUTP!UNNAMED_11_ADN2814_I23_DATAOUTP!!!!!!!!!69.55 ohms!!69.55 ohms!69.55 ohms!
S!UNNAMED_11_ADN2814_I23_DATAOUTN!UNNAMED_11_ADN2814_I23_DATAOUTN!!!!!!!!!69.55 ohms!!69.55 ohms!69.55 ohms!
S!UNNAMED_2_PCA9306_I276_EN!UNNAMED_2_PCA9306_I276_EN!!!!!!!!!69.55 ohms!!69.55 ohms!69.55 ohms!
S!UNNAMED_11_ADN2814_I23_SADDRS!UNNAMED_11_ADN2814_I23_SADDRS!!!!!!!!!69.55 ohms!!69.55 ohms!69.55 ohms!
S!FMC_LA11_P!FMC_LA11_P!!!PDIFF!FMC_LA11!!!0.127 MM!!70.11 ohms!!69.55 ohms!71.29 ohms!
S!FMC_LA11_N!FMC_LA11_N!!!PDIFF!FMC_LA11!!!0.127 MM!!70.15 ohms!!69.55 ohms!71.29 ohms!
S!CLK_SDA!CLK_SDA!!!!!!!!!70.02 ohms!!69.55 ohms!71.29 ohms!
S!CLK_SCL!CLK_SCL!!!!!!!!!70.00 ohms!!69.55 ohms!71.29 ohms!
S!UNNAMED_4_CAPCERSMDCL2_I90_B!UNNAMED_4_CAPCERSMDCL2_I90_B!!!!!!!!!69.55 ohms!!69.55 ohms!69.55 ohms!
S!UNNAMED_11_LED1_I227_A!UNNAMED_11_LED1_I227_A!!!!!!!!!69.55 ohms!!69.55 ohms!69.55 ohms!
S!UNNAMED_11_LED1_I226_A!UNNAMED_11_LED1_I226_A!!!!!!!!!69.55 ohms!!69.55 ohms!69.55 ohms!
S!UNNAMED_11_LED1_I225_A!UNNAMED_11_LED1_I225_A!!!!!!!!!69.55 ohms!!69.55 ohms!69.55 ohms!
S!UNNAMED_4_SI5344_I110_LOSXAXB!UNNAMED_4_SI5344_I110_LOSXAXB!!!!!!!!!69.55 ohms!!69.55 ohms!69.55 ohms!
S!UNNAMED_4_SI5344_I110_LOL!UNNAMED_4_SI5344_I110_LOL!!!!!!!!!69.55 ohms!!69.55 ohms!69.55 ohms!
S!UNNAMED_4_SI5344_I110_INTR!UNNAMED_4_SI5344_I110_INTR!!!!!!!!!69.55 ohms!!69.55 ohms!69.55 ohms!
S!UNNAMED_4_RSMD0402_I50_A!UNNAMED_4_RSMD0402_I50_A!!!!!!!!!69.55 ohms!!69.55 ohms!69.55 ohms!
S!UNNAMED_4_RSMD0402_I49_A!UNNAMED_4_RSMD0402_I49_A!!!!!!!!!69.55 ohms!!69.55 ohms!69.55 ohms!
S!UNNAMED_4_RSMD0402_I47_A!UNNAMED_4_RSMD0402_I47_A!!!!!!!!!69.55 ohms!!69.55 ohms!69.55 ohms!
S!UNNAMED_4_RSMD0402_I16_A!UNNAMED_4_RSMD0402_I16_A!!!!!!!!!69.55 ohms!!69.55 ohms!69.55 ohms!
S!SFP_TX_FAULT!SFP_TX_FAULT!!!!!!!!!70.60 ohms!!69.55 ohms!71.29 ohms!
S!SFP_TX_DISABLE!SFP_TX_DISABLE!!!!!!!!!70.71 ohms!!69.55 ohms!71.29 ohms!
S!SFP_SDA!SFP_SDA!!!!!!!!!70.33 ohms!!69.55 ohms!71.29 ohms!
S!SFP_SCL!SFP_SCL!!!!!!!!!70.35 ohms!!69.55 ohms!71.29 ohms!
S!REC_CLK_P!REC_CLK_P!!!PDIFF!REC_CLK!!!0.127 MM!!70.96 ohms!!69.55 ohms!71.29 ohms!
S!REC_CLK_N!REC_CLK_N!!!PDIFF!REC_CLK!!!0.127 MM!!70.86 ohms!!69.55 ohms!71.29 ohms!
S!OSC_CLK_P!OSC_CLK_P!!!PDIFF!OSC_CLK!!!0.127 MM!!69.55 ohms!!69.55 ohms!69.55 ohms!
S!OSC_CLK_N!OSC_CLK_N!!!PDIFF!OSC_CLK!!!0.127 MM!!69.55 ohms!!69.55 ohms!69.55 ohms!
S!IN_SEL 00000001!IN_SEL1!!!!!!!!!69.55 ohms!!69.55 ohms!69.55 ohms!
S!IN_SEL 00000000!IN_SEL0!!!!!!!!!69.55 ohms!!69.55 ohms!69.55 ohms!
S!FPGA_SFP_TX_FLT!FPGA_SFP_TX_FLT!!!!!!!!!70.80 ohms!!69.55 ohms!71.29 ohms!
S!FPGA_SFP_TX_DIS!FPGA_SFP_TX_DIS!!!!!!!!!70.64 ohms!!69.55 ohms!71.29 ohms!
S!FMC_DI_P!FMC_DI_P!!!PDIFF!FMC_DI!!!0.127 MM!!69.55 ohms!!69.55 ohms!69.55 ohms!
S!FMC_DI_N!FMC_DI_N!!!PDIFF!FMC_DI!!!0.127 MM!!69.55 ohms!!69.55 ohms!69.55 ohms!
S!F_CDR_CLK_P!F_CDR_CLK_P!!!PDIFF!F_CDR_CLK!!!0.127 MM!!69.55 ohms!!69.55 ohms!69.55 ohms!
S!F_CDR_CLK_N!F_CDR_CLK_N!!!PDIFF!F_CDR_CLK!!!0.127 MM!!69.55 ohms!!69.55 ohms!69.55 ohms!
S!P1V 00000008!P1V8!!!!!!!0.3 MM!!7.96 ohms!!6.36 ohms!64.93 ohms!
S!FMC_LA07_P!FMC_LA07_P!!!PDIFF!FMC_LA07!!!0.127 MM!!70.43 ohms!!69.55 ohms!71.29 ohms!
S!FMC_LA07_N!FMC_LA07_N!!!PDIFF!FMC_LA07!!!0.127 MM!!70.42 ohms!!69.55 ohms!71.29 ohms!
S!CDR_LOS!CDR_LOS!!!!!!!!!70.70 ohms!!69.55 ohms!71.29 ohms!
S!CDR_LOL!CDR_LOL!!!!!!!!!70.87 ohms!!69.55 ohms!71.29 ohms!
S!UNNAMED_2_PCA9517_I162_EN!UNNAMED_2_PCA9517_I162_EN!!!!!!!!!69.55 ohms!!69.55 ohms!69.55 ohms!
S!UNNAMED_11_CON20PSFP_I175_VEER!UNNAMED_11_CON20PSFP_I175_VEER!!!!!!!!!69.55 ohms!!69.55 ohms!69.55 ohms!
S!UNNAMED_11_CON20PSFP_I175_VCCT!UNNAMED_11_CON20PSFP_I175_VCCT!!!!!!!!!69.55 ohms!!69.55 ohms!69.55 ohms!
S!UNNAMED_11_CON20PSFP_I175_VCCR!UNNAMED_11_CON20PSFP_I175_VCCR!!!!!!!!!69.55 ohms!!69.55 ohms!69.55 ohms!
S!UNNAMED_11_CON20PSFP_I175_RATES!UNNAMED_11_CON20PSFP_I175_RATES!!!!!!!!!69.55 ohms!!69.55 ohms!69.55 ohms!
S!UNNAMED_11_CON20PSFP_I175_MODDE!UNNAMED_11_CON20PSFP_I175_MODDE!!!!!!!!!69.55 ohms!!69.55 ohms!69.55 ohms!
S!CVCC!CVCC!!!!!!!0.3 MM!!4.81 ohms!!3.84 ohms!64.93 ohms!
S!UNNAMED_2_CON400P40ABCDEFGHJK_I!UNNAMED_2_CON400P40ABCDEFGHJK_I!!!!!!!!!69.55 ohms!!69.55 ohms!69.55 ohms!
S!UNNAMED_11_ADN2814_I23_VREF!UNNAMED_11_ADN2814_I23_VREF!!!!!!!!!69.55 ohms!!69.55 ohms!69.55 ohms!
S!UNNAMED_11_ADN2814_I23_THRADJ!UNNAMED_11_ADN2814_I23_THRADJ!!!!!!!!!69.55 ohms!!69.55 ohms!69.55 ohms!
S!UNNAMED_11_ADN2814_I23_SQUELCH!UNNAMED_11_ADN2814_I23_SQUELCH!!!!!!!!!69.55 ohms!!69.55 ohms!69.55 ohms!
S!UNNAMED_11_ADN2814_I23_CF 00000002!UNNAMED_11_ADN2814_I23_CF2!!!!!!!!!69.55 ohms!!69.55 ohms!69.55 ohms!
S!UNNAMED_11_ADN2814_I23_CF 00000001!UNNAMED_11_ADN2814_I23_CF1!!!!!!!!!69.55 ohms!!69.55 ohms!69.55 ohms!
S!IN_P!IN_P!!!PDIFF!IN!!!0.127 MM!!69.55 ohms!!69.55 ohms!69.55 ohms!
S!IN_N!IN_N!!!PDIFF!IN!!!0.127 MM!!69.55 ohms!!69.55 ohms!69.55 ohms!
S!FMC_SDA!FMC_SDA!!!!!!!!!71.14 ohms!!69.55 ohms!71.29 ohms!
S!FMC_SCL!FMC_SCL!!!!!!!!!71.11 ohms!!69.55 ohms!71.29 ohms!
S!FMC_GA 00000001!FMC_GA1!!!!!!!!!69.55 ohms!!69.55 ohms!69.55 ohms!
S!FMC_GA 00000000!FMC_GA0!!!!!!!!!69.55 ohms!!69.55 ohms!69.55 ohms!
S!CTRLVCC!CTRLVCC!!!!!!!0.3 MM!!64.93 ohms!!64.93 ohms!64.93 ohms!
S!GND!GND!!!!!!!0.3 MM!!4.13 ohms!!2.18 ohms!83.95 ohms!
S!P12V!P12V!!!!!!!0.3 MM!!55.73 ohms!!50.58 ohms!64.93 ohms!
S!P3V 00000003!P3V3!!!!!!!0.3 MM!!2.49 ohms!!1.97 ohms!83.95 ohms!
