TITLE: Bill of Materials
DATE: 09/01/2016
DESIGN: pc053a_toplevel
TEMPLATE: /projects/HEP_Instrumentation/cad/tools/cadence_templates/spreadsheet-format.bom
CALLOUT: 

Part Name,Ref Des,Qty,PART_NUMBER,PART_DESCRIPTION,OL_COMMENTS,KL_COMMENTS,PL_COMMENTS,Do Not Fit
24AA025E48T-I/SN,IC3,1,24AA025E48T-I/SN,?,?,?,?,?
74LCX04MTC,IC7,1,74LCX04MTC,?,?,?,?,?
ADN2814ACPZ,IC12,1,ADN2814ACPZ,?,?,?,?,?
"CAPACITOR_POLY2.54-10NF,50V","C60,C62",2,10.35.06.300.7,?,?,?,?,?
"CAPCERSMDCL2_0402-1.0NF,50V_GEN","C30,C34,C37,C41",4,CC0402_1NF_50V_10%_X7R,?,?,?,?,?
"CAPCERSMDCL2_0402-100NF,16V_GEN","C1,C2,C3,C4,C5,C6,C7,C8,C9,C11,C13,C14,C15,C16,C17,C18,C22,C23,C25,C26,C27,C28,C29,C31,C32,C33,C36,C38,C40,C42,C45,C46,C51,C52,C53,C54,C55,C56,C57,C58,C59,C63,C64,C65,C66,C107,C117",47,CC0402_100NF_16V_10%_X7R,?,?,?,?,?
"CAPCERSMDCL2_0402-100NF_X7R,16V","C10,C12,C19,C20,C21,C47,C48,C49,C50",9,CC0402_100NF_16V_10%_X7R,?,?,?,?,?
"CAPCERSMDCL2_0603-1.5UF,6.3V","C43,C44",2,CC0603_1.5UF_6V3_10%_X5R,?,?,?,?,?
"CAPCERSMDCL2_0603-10UF_X5R,6.3V",C61,1,CC0603_10UF_6V3_5%_X5R,?,?,?,?,?
"CAPCERSMDCL2_0603-470NF,6.3V",C39,1,CC0603_470NF_6V3_10%_X5R,?,?,?,?,?
"CAPCERSMDCL2_0805-10UF,16V",C35,1,C0805C106K4PAC,?,?,?,?,?
"CAPCERSMDCL2_0805-2.2UF,10V_GEN",C24,1,CC0805_2.2UF_10V_+80%-20%_Y5V,?,?,?,?,?
CON20P_SFP-1888247-1,J4,1,1888247-1,?,?,?,?,?
CON3P-MTLW-103-07-L-S-250,"J2,J3,J5,J6,J8",5,MTLW-103-07-L-S-250,?,?,?,?,TRUE
CON400P_40ABCDEFGHJK-SEAM-40-03.5-S-10-2-A-K-TR,P1,1,SEAM-40-03.5-S-10-2-A-K-TR,?,?,?,?,?
DSC1123CI5-40.0000,QZ1,1,DSC1123CI5-40.0000,?,?,?,?,?
INDUCTANCE_LQH32C_23-4.7UH,"L1,L2",2,LQH32CN4R7M23,?,?,?,?,?
LGL29K-G2J1-24,"LD1,LD2,LD3",3,LGL29K-G2J1-24,?,?,?,?,?
NBSG53AMNG,IC9,1,NBSG53AMNG,?,?,?,?,?
PCA9306DCU,IC1,1,PCA9306DCU,?,?,?,?,?
PCA9517DGKR,IC15,1,PCA9517DGKR,?,?,?,?,?
PCOAX-U.FL-R-SMT-1(10),"PX1,PX2",2,U.FL-R-SMT-1(10),?,?,?,?,?
RJ45_DUAL_JGL_0001NL,J1,1,?,?,?,?,?,?
"RSMD0402_1/16W-100,1%","R36,R38,R45,R47",4,R0402_100R_1%_0.063W_200PPM,?,?,?,?,?
"RSMD0402_1/16W-100K,1%","R8,R9",2,R0402_100K_1%_0.063W_200PPM,?,?,?,?,?
"RSMD0402_1/16W-150,1%","R61,R62",2,R0402_150R_1%_0.063W_200PPM,?,?,?,?,?
"RSMD0402_1/16W-1K,1%","R46,R52,R53,R54,R55",5,R0402_1K_1%_0.063W_100PPM,?,?,?,?,?
"RSMD0402_1/16W-200K,1%",R1,1,R0402_200K_1%_0.063W_200PPM,?,?,?,?,?
"RSMD0402_1/16W-2K,1%","R56,R59,R60,R64",4,R0402_2K_1%_0.063W_100PPM,?,?,?,?,?
"RSMD0402_1/16W-4.7K,1%","R2,R3,R4,R5,R6,R7,R10,R11,R13,R14,R15,R16,R17,R18,R19,R20,R21,R22,R23,R24,R25,R26,R28,R29,R39,R40,R41,R42,R43,R48,R49,R50,R51,R103,R138,R140,R142,R143,R242,R411,R1328",41,R0402_4K7_1%_0.063W_200PPM,?,?,?,?,?
"RSMD0402_1/16W-56,1%","R27,R35,R37,R44",4,R0402_56R_1%_0.063W_200PPM,?,?,?,?,?
"RSMD0402_1/16W-750,1%","R57,R58,R63",3,R0402_750R_1%_0.063W_200PPM,?,?,?,?,?
"RSMD0603_-00,","R12,R34",2,R0603_00_JUMPER,?,?,?,?,?
"RSMD0603_1/10W-100,1%","R30,R31,R32,R33",4,R0603_100R_1%_0.1W_100PPM,?,?,?,?,?
SFP_CAGE-SP-74737-004,SFP1,1,74737-004,?,?,?,?,?
SI5344B-B-GM,IC8,1,Si5344B-B-GM,?,?,?,?,?
SN65LVDT125DBT,IC4,1,SN65LVDT125DBT,?,?,?,?,?
SN74AVC2T45DCU,"IC2,IC16",2,SN74AVC2T45DCU,?,?,?,?,?
SN74AVC4T245PW,IC5,1,SN74AVC4T245PW,?,?,?,?,?
SN74AVC8T245PW,IC6,1,SN74AVC8T245PW,?,?,?,?,?
SY58608UMG,IC10,1,SY58608UMG,?,?,?,?,?
TPS799185DDCTG4,REG1,1,TPS799185DDCTG4,?,?,?,?,?
TP_HOLE-0.8MM,"TP1,TP2,TP3,TP4,TP5,TP6,TP7,TP8,TP9,TP10,TP11",11,TP_HOLE_0.8mm,?,?,?,?,?
TOTAL, ,182, , , , , , 
