TITLE: Bill of Materials
DATE: 09/01/2016
DESIGN: pc053a_toplevel
TEMPLATE: /projects/HEP_Instrumentation/cad/tools/cadence_templates/spreadsheet-format_1per_line.bom
CALLOUT: 

Part Name,Ref Des,Qty,PART_NUMBER,PART_DESCRIPTION,OL_COMMENTS,KL_COMMENTS,PL_COMMENTS,Do Not Fit
24AA025E48T-I/SN,IC3,1,24AA025E48T-I/SN,?,?,?,?,?
74LCX04MTC,IC7,1,74LCX04MTC,?,?,?,?,?
ADN2814ACPZ,IC12,1,ADN2814ACPZ,?,?,?,?,?
"CAPACITOR_POLY2.54-10NF,50V",C62,1,10.35.06.300.7,?,?,?,?,?
"CAPACITOR_POLY2.54-10NF,50V",C60,1,10.35.06.300.7,?,?,?,?,?
"CAPCERSMDCL2_0402-1.0NF,50V_GEN",C41,1,CC0402_1NF_50V_10%_X7R,?,?,?,?,?
"CAPCERSMDCL2_0402-1.0NF,50V_GEN",C37,1,CC0402_1NF_50V_10%_X7R,?,?,?,?,?
"CAPCERSMDCL2_0402-1.0NF,50V_GEN",C34,1,CC0402_1NF_50V_10%_X7R,?,?,?,?,?
"CAPCERSMDCL2_0402-1.0NF,50V_GEN",C30,1,CC0402_1NF_50V_10%_X7R,?,?,?,?,?
"CAPCERSMDCL2_0402-100NF,16V_GEN",C66,1,CC0402_100NF_16V_10%_X7R,?,?,?,?,?
"CAPCERSMDCL2_0402-100NF,16V_GEN",C65,1,CC0402_100NF_16V_10%_X7R,?,?,?,?,?
"CAPCERSMDCL2_0402-100NF,16V_GEN",C64,1,CC0402_100NF_16V_10%_X7R,?,?,?,?,?
"CAPCERSMDCL2_0402-100NF,16V_GEN",C63,1,CC0402_100NF_16V_10%_X7R,?,?,?,?,?
"CAPCERSMDCL2_0402-100NF,16V_GEN",C59,1,CC0402_100NF_16V_10%_X7R,?,?,?,?,?
"CAPCERSMDCL2_0402-100NF,16V_GEN",C58,1,CC0402_100NF_16V_10%_X7R,?,?,?,?,?
"CAPCERSMDCL2_0402-100NF,16V_GEN",C42,1,CC0402_100NF_16V_10%_X7R,?,?,?,?,?
"CAPCERSMDCL2_0402-100NF,16V_GEN",C40,1,CC0402_100NF_16V_10%_X7R,?,?,?,?,?
"CAPCERSMDCL2_0402-100NF,16V_GEN",C38,1,CC0402_100NF_16V_10%_X7R,?,?,?,?,?
"CAPCERSMDCL2_0402-100NF,16V_GEN",C36,1,CC0402_100NF_16V_10%_X7R,?,?,?,?,?
"CAPCERSMDCL2_0402-100NF,16V_GEN",C33,1,CC0402_100NF_16V_10%_X7R,?,?,?,?,?
"CAPCERSMDCL2_0402-100NF,16V_GEN",C32,1,CC0402_100NF_16V_10%_X7R,?,?,?,?,?
"CAPCERSMDCL2_0402-100NF,16V_GEN",C31,1,CC0402_100NF_16V_10%_X7R,?,?,?,?,?
"CAPCERSMDCL2_0402-100NF,16V_GEN",C29,1,CC0402_100NF_16V_10%_X7R,?,?,?,?,?
"CAPCERSMDCL2_0402-100NF,16V_GEN",C15,1,CC0402_100NF_16V_10%_X7R,?,?,?,?,?
"CAPCERSMDCL2_0402-100NF,16V_GEN",C117,1,CC0402_100NF_16V_10%_X7R,?,?,?,?,?
"CAPCERSMDCL2_0402-100NF,16V_GEN",C107,1,CC0402_100NF_16V_10%_X7R,?,?,?,?,?
"CAPCERSMDCL2_0402-100NF,16V_GEN",C18,1,CC0402_100NF_16V_10%_X7R,?,?,?,?,?
"CAPCERSMDCL2_0402-100NF,16V_GEN",C17,1,CC0402_100NF_16V_10%_X7R,?,?,?,?,?
"CAPCERSMDCL2_0402-100NF,16V_GEN",C16,1,CC0402_100NF_16V_10%_X7R,?,?,?,?,?
"CAPCERSMDCL2_0402-100NF,16V_GEN",C14,1,CC0402_100NF_16V_10%_X7R,?,?,?,?,?
"CAPCERSMDCL2_0402-100NF,16V_GEN",C13,1,CC0402_100NF_16V_10%_X7R,?,?,?,?,?
"CAPCERSMDCL2_0402-100NF,16V_GEN",C57,1,CC0402_100NF_16V_10%_X7R,?,?,?,?,?
"CAPCERSMDCL2_0402-100NF,16V_GEN",C56,1,CC0402_100NF_16V_10%_X7R,?,?,?,?,?
"CAPCERSMDCL2_0402-100NF,16V_GEN",C55,1,CC0402_100NF_16V_10%_X7R,?,?,?,?,?
"CAPCERSMDCL2_0402-100NF,16V_GEN",C54,1,CC0402_100NF_16V_10%_X7R,?,?,?,?,?
"CAPCERSMDCL2_0402-100NF,16V_GEN",C53,1,CC0402_100NF_16V_10%_X7R,?,?,?,?,?
"CAPCERSMDCL2_0402-100NF,16V_GEN",C52,1,CC0402_100NF_16V_10%_X7R,?,?,?,?,?
"CAPCERSMDCL2_0402-100NF,16V_GEN",C51,1,CC0402_100NF_16V_10%_X7R,?,?,?,?,?
"CAPCERSMDCL2_0402-100NF,16V_GEN",C46,1,CC0402_100NF_16V_10%_X7R,?,?,?,?,?
"CAPCERSMDCL2_0402-100NF,16V_GEN",C45,1,CC0402_100NF_16V_10%_X7R,?,?,?,?,?
"CAPCERSMDCL2_0402-100NF,16V_GEN",C28,1,CC0402_100NF_16V_10%_X7R,?,?,?,?,?
"CAPCERSMDCL2_0402-100NF,16V_GEN",C27,1,CC0402_100NF_16V_10%_X7R,?,?,?,?,?
"CAPCERSMDCL2_0402-100NF,16V_GEN",C22,1,CC0402_100NF_16V_10%_X7R,?,?,?,?,?
"CAPCERSMDCL2_0402-100NF,16V_GEN",C9,1,CC0402_100NF_16V_10%_X7R,?,?,?,?,?
"CAPCERSMDCL2_0402-100NF,16V_GEN",C26,1,CC0402_100NF_16V_10%_X7R,?,?,?,?,?
"CAPCERSMDCL2_0402-100NF,16V_GEN",C25,1,CC0402_100NF_16V_10%_X7R,?,?,?,?,?
"CAPCERSMDCL2_0402-100NF,16V_GEN",C23,1,CC0402_100NF_16V_10%_X7R,?,?,?,?,?
"CAPCERSMDCL2_0402-100NF,16V_GEN",C11,1,CC0402_100NF_16V_10%_X7R,?,?,?,?,?
"CAPCERSMDCL2_0402-100NF,16V_GEN",C8,1,CC0402_100NF_16V_10%_X7R,?,?,?,?,?
"CAPCERSMDCL2_0402-100NF,16V_GEN",C7,1,CC0402_100NF_16V_10%_X7R,?,?,?,?,?
"CAPCERSMDCL2_0402-100NF,16V_GEN",C6,1,CC0402_100NF_16V_10%_X7R,?,?,?,?,?
"CAPCERSMDCL2_0402-100NF,16V_GEN",C5,1,CC0402_100NF_16V_10%_X7R,?,?,?,?,?
"CAPCERSMDCL2_0402-100NF,16V_GEN",C4,1,CC0402_100NF_16V_10%_X7R,?,?,?,?,?
"CAPCERSMDCL2_0402-100NF,16V_GEN",C3,1,CC0402_100NF_16V_10%_X7R,?,?,?,?,?
"CAPCERSMDCL2_0402-100NF,16V_GEN",C2,1,CC0402_100NF_16V_10%_X7R,?,?,?,?,?
"CAPCERSMDCL2_0402-100NF,16V_GEN",C1,1,CC0402_100NF_16V_10%_X7R,?,?,?,?,?
"CAPCERSMDCL2_0402-100NF_X7R,16V",C50,1,CC0402_100NF_16V_10%_X7R,?,?,?,?,?
"CAPCERSMDCL2_0402-100NF_X7R,16V",C49,1,CC0402_100NF_16V_10%_X7R,?,?,?,?,?
"CAPCERSMDCL2_0402-100NF_X7R,16V",C48,1,CC0402_100NF_16V_10%_X7R,?,?,?,?,?
"CAPCERSMDCL2_0402-100NF_X7R,16V",C47,1,CC0402_100NF_16V_10%_X7R,?,?,?,?,?
"CAPCERSMDCL2_0402-100NF_X7R,16V",C21,1,CC0402_100NF_16V_10%_X7R,?,?,?,?,?
"CAPCERSMDCL2_0402-100NF_X7R,16V",C20,1,CC0402_100NF_16V_10%_X7R,?,?,?,?,?
"CAPCERSMDCL2_0402-100NF_X7R,16V",C19,1,CC0402_100NF_16V_10%_X7R,?,?,?,?,?
"CAPCERSMDCL2_0402-100NF_X7R,16V",C12,1,CC0402_100NF_16V_10%_X7R,?,?,?,?,?
"CAPCERSMDCL2_0402-100NF_X7R,16V",C10,1,CC0402_100NF_16V_10%_X7R,?,?,?,?,?
"CAPCERSMDCL2_0603-1.5UF,6.3V",C44,1,CC0603_1.5UF_6V3_10%_X5R,?,?,?,?,?
"CAPCERSMDCL2_0603-1.5UF,6.3V",C43,1,CC0603_1.5UF_6V3_10%_X5R,?,?,?,?,?
"CAPCERSMDCL2_0603-10UF_X5R,6.3V",C61,1,CC0603_10UF_6V3_5%_X5R,?,?,?,?,?
"CAPCERSMDCL2_0603-470NF,6.3V",C39,1,CC0603_470NF_6V3_10%_X5R,?,?,?,?,?
"CAPCERSMDCL2_0805-10UF,16V",C35,1,C0805C106K4PAC,?,?,?,?,?
"CAPCERSMDCL2_0805-2.2UF,10V_GEN",C24,1,CC0805_2.2UF_10V_+80%-20%_Y5V,?,?,?,?,?
CON20P_SFP-1888247-1,J4,1,1888247-1,?,?,?,?,?
CON3P-MTLW-103-07-L-S-250,J8,1,MTLW-103-07-L-S-250,?,?,?,?,TRUE
CON3P-MTLW-103-07-L-S-250,J6,1,MTLW-103-07-L-S-250,?,?,?,?,TRUE
CON3P-MTLW-103-07-L-S-250,J5,1,MTLW-103-07-L-S-250,?,?,?,?,TRUE
CON3P-MTLW-103-07-L-S-250,J3,1,MTLW-103-07-L-S-250,?,?,?,?,TRUE
CON3P-MTLW-103-07-L-S-250,J2,1,MTLW-103-07-L-S-250,?,?,?,?,TRUE
CON400P_40ABCDEFGHJK-SEAM-40-03.5-S-10-2-A-K-TR,P1,1,SEAM-40-03.5-S-10-2-A-K-TR,?,?,?,?,?
DSC1123CI5-40.0000,QZ1,1,DSC1123CI5-40.0000,?,?,?,?,?
INDUCTANCE_LQH32C_23-4.7UH,L2,1,LQH32CN4R7M23,?,?,?,?,?
INDUCTANCE_LQH32C_23-4.7UH,L1,1,LQH32CN4R7M23,?,?,?,?,?
LGL29K-G2J1-24,LD3,1,LGL29K-G2J1-24,?,?,?,?,?
LGL29K-G2J1-24,LD2,1,LGL29K-G2J1-24,?,?,?,?,?
LGL29K-G2J1-24,LD1,1,LGL29K-G2J1-24,?,?,?,?,?
NBSG53AMNG,IC9,1,NBSG53AMNG,?,?,?,?,?
PCA9306DCU,IC1,1,PCA9306DCU,?,?,?,?,?
PCA9517DGKR,IC15,1,PCA9517DGKR,?,?,?,?,?
PCOAX-U.FL-R-SMT-1(10),PX2,1,U.FL-R-SMT-1(10),?,?,?,?,?
PCOAX-U.FL-R-SMT-1(10),PX1,1,U.FL-R-SMT-1(10),?,?,?,?,?
RJ45_DUAL_JGL_0001NL,J1,1,?,?,?,?,?,?
"RSMD0402_1/16W-100,1%",R47,1,R0402_100R_1%_0.063W_200PPM,?,?,?,?,?
"RSMD0402_1/16W-100,1%",R45,1,R0402_100R_1%_0.063W_200PPM,?,?,?,?,?
"RSMD0402_1/16W-100,1%",R38,1,R0402_100R_1%_0.063W_200PPM,?,?,?,?,?
"RSMD0402_1/16W-100,1%",R36,1,R0402_100R_1%_0.063W_200PPM,?,?,?,?,?
"RSMD0402_1/16W-100K,1%",R9,1,R0402_100K_1%_0.063W_200PPM,?,?,?,?,?
"RSMD0402_1/16W-100K,1%",R8,1,R0402_100K_1%_0.063W_200PPM,?,?,?,?,?
"RSMD0402_1/16W-150,1%",R62,1,R0402_150R_1%_0.063W_200PPM,?,?,?,?,?
"RSMD0402_1/16W-150,1%",R61,1,R0402_150R_1%_0.063W_200PPM,?,?,?,?,?
"RSMD0402_1/16W-1K,1%",R55,1,R0402_1K_1%_0.063W_100PPM,?,?,?,?,?
"RSMD0402_1/16W-1K,1%",R54,1,R0402_1K_1%_0.063W_100PPM,?,?,?,?,?
"RSMD0402_1/16W-1K,1%",R53,1,R0402_1K_1%_0.063W_100PPM,?,?,?,?,?
"RSMD0402_1/16W-1K,1%",R52,1,R0402_1K_1%_0.063W_100PPM,?,?,?,?,?
"RSMD0402_1/16W-1K,1%",R46,1,R0402_1K_1%_0.063W_100PPM,?,?,?,?,?
"RSMD0402_1/16W-200K,1%",R1,1,R0402_200K_1%_0.063W_200PPM,?,?,?,?,?
"RSMD0402_1/16W-2K,1%",R64,1,R0402_2K_1%_0.063W_100PPM,?,?,?,?,?
"RSMD0402_1/16W-2K,1%",R60,1,R0402_2K_1%_0.063W_100PPM,?,?,?,?,?
"RSMD0402_1/16W-2K,1%",R59,1,R0402_2K_1%_0.063W_100PPM,?,?,?,?,?
"RSMD0402_1/16W-2K,1%",R56,1,R0402_2K_1%_0.063W_100PPM,?,?,?,?,?
"RSMD0402_1/16W-4.7K,1%",R29,1,R0402_4K7_1%_0.063W_200PPM,?,?,?,?,?
"RSMD0402_1/16W-4.7K,1%",R28,1,R0402_4K7_1%_0.063W_200PPM,?,?,?,?,?
"RSMD0402_1/16W-4.7K,1%",R25,1,R0402_4K7_1%_0.063W_200PPM,?,?,?,?,?
"RSMD0402_1/16W-4.7K,1%",R24,1,R0402_4K7_1%_0.063W_200PPM,?,?,?,?,?
"RSMD0402_1/16W-4.7K,1%",R23,1,R0402_4K7_1%_0.063W_200PPM,?,?,?,?,?
"RSMD0402_1/16W-4.7K,1%",R22,1,R0402_4K7_1%_0.063W_200PPM,?,?,?,?,?
"RSMD0402_1/16W-4.7K,1%",R1328,1,R0402_4K7_1%_0.063W_200PPM,?,?,?,?,?
"RSMD0402_1/16W-4.7K,1%",R411,1,R0402_4K7_1%_0.063W_200PPM,?,?,?,?,?
"RSMD0402_1/16W-4.7K,1%",R242,1,R0402_4K7_1%_0.063W_200PPM,?,?,?,?,?
"RSMD0402_1/16W-4.7K,1%",R143,1,R0402_4K7_1%_0.063W_200PPM,?,?,?,?,?
"RSMD0402_1/16W-4.7K,1%",R142,1,R0402_4K7_1%_0.063W_200PPM,?,?,?,?,?
"RSMD0402_1/16W-4.7K,1%",R140,1,R0402_4K7_1%_0.063W_200PPM,?,?,?,?,?
"RSMD0402_1/16W-4.7K,1%",R138,1,R0402_4K7_1%_0.063W_200PPM,?,?,?,?,?
"RSMD0402_1/16W-4.7K,1%",R103,1,R0402_4K7_1%_0.063W_200PPM,?,?,?,?,?
"RSMD0402_1/16W-4.7K,1%",R43,1,R0402_4K7_1%_0.063W_200PPM,?,?,?,?,?
"RSMD0402_1/16W-4.7K,1%",R42,1,R0402_4K7_1%_0.063W_200PPM,?,?,?,?,?
"RSMD0402_1/16W-4.7K,1%",R41,1,R0402_4K7_1%_0.063W_200PPM,?,?,?,?,?
"RSMD0402_1/16W-4.7K,1%",R40,1,R0402_4K7_1%_0.063W_200PPM,?,?,?,?,?
"RSMD0402_1/16W-4.7K,1%",R39,1,R0402_4K7_1%_0.063W_200PPM,?,?,?,?,?
"RSMD0402_1/16W-4.7K,1%",R51,1,R0402_4K7_1%_0.063W_200PPM,?,?,?,?,?
"RSMD0402_1/16W-4.7K,1%",R50,1,R0402_4K7_1%_0.063W_200PPM,?,?,?,?,?
"RSMD0402_1/16W-4.7K,1%",R49,1,R0402_4K7_1%_0.063W_200PPM,?,?,?,?,?
"RSMD0402_1/16W-4.7K,1%",R48,1,R0402_4K7_1%_0.063W_200PPM,?,?,?,?,?
"RSMD0402_1/16W-4.7K,1%",R26,1,R0402_4K7_1%_0.063W_200PPM,?,?,?,?,?
"RSMD0402_1/16W-4.7K,1%",R21,1,R0402_4K7_1%_0.063W_200PPM,?,?,?,?,?
"RSMD0402_1/16W-4.7K,1%",R20,1,R0402_4K7_1%_0.063W_200PPM,?,?,?,?,?
"RSMD0402_1/16W-4.7K,1%",R19,1,R0402_4K7_1%_0.063W_200PPM,?,?,?,?,?
"RSMD0402_1/16W-4.7K,1%",R18,1,R0402_4K7_1%_0.063W_200PPM,?,?,?,?,?
"RSMD0402_1/16W-4.7K,1%",R17,1,R0402_4K7_1%_0.063W_200PPM,?,?,?,?,?
"RSMD0402_1/16W-4.7K,1%",R16,1,R0402_4K7_1%_0.063W_200PPM,?,?,?,?,?
"RSMD0402_1/16W-4.7K,1%",R15,1,R0402_4K7_1%_0.063W_200PPM,?,?,?,?,?
"RSMD0402_1/16W-4.7K,1%",R14,1,R0402_4K7_1%_0.063W_200PPM,?,?,?,?,?
"RSMD0402_1/16W-4.7K,1%",R13,1,R0402_4K7_1%_0.063W_200PPM,?,?,?,?,?
"RSMD0402_1/16W-4.7K,1%",R11,1,R0402_4K7_1%_0.063W_200PPM,?,?,?,?,?
"RSMD0402_1/16W-4.7K,1%",R10,1,R0402_4K7_1%_0.063W_200PPM,?,?,?,?,?
"RSMD0402_1/16W-4.7K,1%",R7,1,R0402_4K7_1%_0.063W_200PPM,?,?,?,?,?
"RSMD0402_1/16W-4.7K,1%",R6,1,R0402_4K7_1%_0.063W_200PPM,?,?,?,?,?
"RSMD0402_1/16W-4.7K,1%",R5,1,R0402_4K7_1%_0.063W_200PPM,?,?,?,?,?
"RSMD0402_1/16W-4.7K,1%",R4,1,R0402_4K7_1%_0.063W_200PPM,?,?,?,?,?
"RSMD0402_1/16W-4.7K,1%",R3,1,R0402_4K7_1%_0.063W_200PPM,?,?,?,?,?
"RSMD0402_1/16W-4.7K,1%",R2,1,R0402_4K7_1%_0.063W_200PPM,?,?,?,?,?
"RSMD0402_1/16W-56,1%",R44,1,R0402_56R_1%_0.063W_200PPM,?,?,?,?,?
"RSMD0402_1/16W-56,1%",R37,1,R0402_56R_1%_0.063W_200PPM,?,?,?,?,?
"RSMD0402_1/16W-56,1%",R35,1,R0402_56R_1%_0.063W_200PPM,?,?,?,?,?
"RSMD0402_1/16W-56,1%",R27,1,R0402_56R_1%_0.063W_200PPM,?,?,?,?,?
"RSMD0402_1/16W-750,1%",R63,1,R0402_750R_1%_0.063W_200PPM,?,?,?,?,?
"RSMD0402_1/16W-750,1%",R58,1,R0402_750R_1%_0.063W_200PPM,?,?,?,?,?
"RSMD0402_1/16W-750,1%",R57,1,R0402_750R_1%_0.063W_200PPM,?,?,?,?,?
"RSMD0603_-00,",R34,1,R0603_00_JUMPER,?,?,?,?,?
"RSMD0603_-00,",R12,1,R0603_00_JUMPER,?,?,?,?,?
"RSMD0603_1/10W-100,1%",R33,1,R0603_100R_1%_0.1W_100PPM,?,?,?,?,?
"RSMD0603_1/10W-100,1%",R32,1,R0603_100R_1%_0.1W_100PPM,?,?,?,?,?
"RSMD0603_1/10W-100,1%",R31,1,R0603_100R_1%_0.1W_100PPM,?,?,?,?,?
"RSMD0603_1/10W-100,1%",R30,1,R0603_100R_1%_0.1W_100PPM,?,?,?,?,?
SFP_CAGE-SP-74737-004,SFP1,1,74737-004,?,?,?,?,?
SI5344B-B-GM,IC8,1,Si5344B-B-GM,?,?,?,?,?
SN65LVDT125DBT,IC4,1,SN65LVDT125DBT,?,?,?,?,?
SN74AVC2T45DCU,IC16,1,SN74AVC2T45DCU,?,?,?,?,?
SN74AVC2T45DCU,IC2,1,SN74AVC2T45DCU,?,?,?,?,?
SN74AVC4T245PW,IC5,1,SN74AVC4T245PW,?,?,?,?,?
SN74AVC8T245PW,IC6,1,SN74AVC8T245PW,?,?,?,?,?
SY58608UMG,IC10,1,SY58608UMG,?,?,?,?,?
TPS799185DDCTG4,REG1,1,TPS799185DDCTG4,?,?,?,?,?
TP_HOLE-0.8MM,TP4,1,TP_HOLE_0.8mm,?,?,?,?,?
TP_HOLE-0.8MM,TP3,1,TP_HOLE_0.8mm,?,?,?,?,?
TP_HOLE-0.8MM,TP2,1,TP_HOLE_0.8mm,?,?,?,?,?
TP_HOLE-0.8MM,TP1,1,TP_HOLE_0.8mm,?,?,?,?,?
TP_HOLE-0.8MM,TP11,1,TP_HOLE_0.8mm,?,?,?,?,?
TP_HOLE-0.8MM,TP10,1,TP_HOLE_0.8mm,?,?,?,?,?
TP_HOLE-0.8MM,TP9,1,TP_HOLE_0.8mm,?,?,?,?,?
TP_HOLE-0.8MM,TP8,1,TP_HOLE_0.8mm,?,?,?,?,?
TP_HOLE-0.8MM,TP7,1,TP_HOLE_0.8mm,?,?,?,?,?
TP_HOLE-0.8MM,TP6,1,TP_HOLE_0.8mm,?,?,?,?,?
TP_HOLE-0.8MM,TP5,1,TP_HOLE_0.8mm,?,?,?,?,?
TOTAL, ,182, , , , , , 
