TITLE:                 Bill of Materials
DATE:                  11/04/2019
DESIGN:                pc053c_toplevel
TEMPLATE:              ./worklib/pc053a_toplevel/bom/myBOM.bom
CALLOUT:               

Part Name         Ref Des                 Qty     Unit       Cost   PART_NUMBE   MANUFACTUR   DESCRIPTIO   MOUNTED     
                                                  Price             R            ER           N                        
===============   ====================   ====   =======   =======   ==========   ==========   ==========   ==========  
24AA025E48T-I/S   IC2                       1         ?         ?   24AA025E48   MICROCHIP    2K I2C       ?           
N                                                                   T-I/SN                    Serial                   
                                                                                              EEPROM                   
                                                                                              with                     
                                                                                              EUI-48                   
                                                                                              Node                     
                                                                                              Identity                 
74LCX04MTC        IC9                       1         ?         ?   74LCX04MTC   FAIRCHILD    Low          ?           
                                                                                 SEMICONDUC   Voltage                  
                                                                                 TOR          Hex                      
                                                                                              Inverter                 
                                                                                              with 5V                  
                                                                                              Tolerant                 
                                                                                              Inputs                   
ADCMP604BKSZ      IC5-IC7                   3         ?         ?   ADCMP604BK   ANALOG       Rail-to-Ra   ?           
                                                                    SZ           DEVICES      il Very                  
                                                                                              Fast 2.5V                
                                                                                              to 5.5V                  
                                                                                              Single-Sup               
                                                                                              ply LVDS                 
                                                                                              Comparator               
ADN2814ACPZ       IC12                      1         ?         ?   ADN2814ACP   ANALOG       Continuous   ?           
                                                                    Z            DEVICES       Rate                    
                                                                                              10Mb/s to                
                                                                                              675Mb/s                  
                                                                                              Clock and                
                                                                                              Data                     
                                                                                              Recovery                 
                                                                                              IC with                  
                                                                                              Integrated               
                                                                                               Limiting                
                                                                                              Amp                      
CAPCERSMDCL2_04   C30,C34,C37,C41           4         ?         ?   CC0402_1NF   GENERIC      SMD X7R      ?           
02-1.0NF,                                                           _50V_10%_X                Ceramic                  
50V_GEN                                                             7R                        Capacitor                
CAPCERSMDCL2_04   C1-C11,C13-C29,          66         ?         ?   CC0402_100   GENERIC      SMD X7R      ?           
02-100NF,         C31-C33,C36,C38,C40,                              NF_16V_10%                Ceramic                  
16V_GEN           C42,C45-C63,C65-C72,                              _X7R                      Capacitor                
                  C74,C75,C107,C117                                                                                    
CAPCERSMDCL2_04   C73                       1         ?         ?   CC0402_UNS   GENERIC      Placeholde   ?           
02-XX,                                                              PEC                       r for                    
                                                                                              Undefined                
                                                                                              Value SMD                
                                                                                              Ceramic                  
                                                                                              Capacitor                
CAPCERSMDCL2_06   C43,C44                   2         ?         ?   CC0603_1.5   GENERIC      SMD X5R      ?           
03-1.5UF,6.3V                                                       UF_6V3_10%                Ceramic                  
                                                                    _X5R                      Capacitor                
CAPCERSMDCL2_06   C64                       1         ?         ?   CC0603_10U   GENERIC      SMD X5R      ?           
03-10UF_X5R,                                                        F_6V3_10%_                Ceramic                  
6.3V                                                                X5R                       Capacitor                
CAPCERSMDCL2_06   C39                       1         ?         ?   CC0603_470   GENERIC      SMD X5R      ?           
03-470NF,6.3V                                                       NF_6V3_10%                Ceramic                  
                                                                    _X5R                      Capacitor                
CAPCERSMDCL2_08   C35                       1         ?         ?   C0805C106K   KEMET        SMD X5R      ?           
05-10UF,16V                                                         4PAC                      Ceramic                  
                                                                                              Capacitor                
CAPCERSMDCL2_08   C12                       1         ?         ?   CC0805_2.2   GENERIC      SMD Y5V      ?           
05-2.2UF,                                                           UF_10V_+80                Ceramic                  
10V_GEN                                                             %-20%_Y5V                 Capacitor                
CON19P-HDMI-19-   J7                        1         ?         ?   HDMI-19-01   SAMTEC       HDMI I/O     ?           
01-X-SM                                                             -X-SM                     Receptacle               
CON20P_SFP-1888   J4                        1         ?         ?   1888247-1    TYCO         20           ?           
247-1                                                                                         Positions                
                                                                                              0.8mm                    
                                                                                              Pitch SMD                
                                                                                              Right                    
                                                                                              Angle                    
                                                                                              Receptacle               
                                                                                               Connector               
                                                                                               for                     
                                                                                              SFP/SFP+                 
                                                                                              (Up to                   
                                                                                              16Gb/s)                  
CON3P-MTLW-103-   J1-J3,J5,J6,J8-J10        8         ?         ?   MTLW-103-0   SAMTEC       3            ?           
07-L-S-250                                                          7-L-S-250                 Contacts                 
                                                                                              2.54mm                   
                                                                                              Pitch                    
                                                                                              Single                   
                                                                                              Row                      
                                                                                              Vertical                 
                                                                                              0.25                     
                                                                                              Square                   
                                                                                              Post                     
                                                                                              Header -                 
                                                                                              Insulator                
                                                                                              1.52mm                   
CON400P_40ABCDE   P1                        1         ?         ?   SEAM-40-03   SAMTEC       400 Pins     ?           
FGHJK-SEAM-40-0                                                     .5-S-10-2-                1.27mm                   
3.5-S-10-2-A-K-                                                     A-K-TR                    Pitch                    
TR                                                                                            6.1mm                    
                                                                                              Height                   
                                                                                              High                     
                                                                                              Speed/High               
                                                                                               Density                 
                                                                                              Open                     
                                                                                              Field -                  
                                                                                              SEAM                     
                                                                                              Series                   
CON4P-MTLW-104-   J11                       1         ?         ?   MTLW-104-0   SAMTEC       4            ?           
07-L-S-250                                                          7-L-S-250                 Contacts                 
                                                                                              2.54mm                   
                                                                                              Pitch                    
                                                                                              Single                   
                                                                                              Row                      
                                                                                              Vertical                 
                                                                                              0.25                     
                                                                                              Square                   
                                                                                              Post                     
                                                                                              Header -                 
                                                                                              Insulator                
                                                                                              1.52mm                   
DS90LV028A_SOIC   IC8                       1         ?         ?   08.DS90LV0   NATIONAL     ?            ?           
                                                                    28ATM        SEMICONDUC                            
                                                                                 TOR                                   
DSC1123CI5-40.0   QZ1                       1         ?         ?   DSC1123CI5   Micrel       3.3V         ?           
000                                                                 -40.0000                  100ppm                   
                                                                                              3.2x2.5mm                
                                                                                              SMD LVDS                 
                                                                                              Oscillator               
                                                                                               -                       
                                                                                              DSC1103                  
                                                                                              Series                   
INDUCTANCE_LQH3   L1,L2                     2         ?         ?   LQH32CN4R7   MURATA       Chip         ?           
2C_23-4.7UH                                                         M23                       Coils for                
                                                                                              Choke                    
                                                                                              Wire Wound               
LGL29K-G2J1-24    LD1-LD3                   3         ?         ?   LGL29K-G2J   OSRAM        1.7 x        ?           
                                                                    1-24                      0.8mm SMD                
                                                                                              Chip Led                 
                                                                                              Green                    
NBSG53AMNG        IC3                       1         ?         ?   NBSG53AMNG   ON           2.5V/3.3V    ?           
                                                                                 SEMICONDUC   SiGe                     
                                                                                 TOR          Selectable               
                                                                                               Different               
                                                                                              ial Clock                
                                                                                              and Data                 
                                                                                              Flip-Flop/               
                                                                                              Clock                    
                                                                                              Divider                  
                                                                                              with                     
                                                                                              Reset and                
                                                                                              OLS                      
PCA9306DCU        IC1                       1         ?         ?   PCA9306DCU   TEXAS        Dual         ?           
                                                                                 INSTRUMENT   Bidirectio               
                                                                                 S            nal I2C                  
                                                                                              Bus and                  
                                                                                              SMBus                    
                                                                                              Voltage-Le               
                                                                                              vel                      
                                                                                              Translator               
PCA9517DGKR       IC15                      1         ?         ?   PCA9517DGK   TEXAS        Level-Tran   ?           
                                                                    R            INSTRUMENT   slating                  
                                                                                 S            I2C Bus                  
                                                                                              Repeater                 
PCOAX-U.FL-R-SM   PX1-PX6                   6         ?         ?   U.FL-R-SMT   HIROSE       Ultra        ?           
T-1(10)                                                             -1(10)                    Small                    
                                                                                              Surface                  
                                                                                              Mount                    
                                                                                              Coaxial                  
                                                                                              Connector                
                                                                                              - U.FL                   
                                                                                              Series                   
RSMD0402_-00,     R58,R59                   2         ?         ?   R0402_00_J   GENERIC      0402 Size    ?           
                                                                    UMPER                     SMD Jumper               
RSMD0402_0.0625   R61                       1         ?         ?   R0402_XX_1   GENERIC      Unspecifie   NO          
W-XX,1%                                                             %_0.063W                  d Value                  
                                                                                              SMD                      
                                                                                              Resistor                 
RSMD0402_1/16W-   R64-R69                   6         ?         ?   R0402_0R_1   GENERIC      SMD          ?           
0R0,1%                                                              %_0.063W_1                Resistor                 
                                                                    00PPM                                              
RSMD0402_1/16W-   R7-R9,R11,R18,R60         6         ?         ?   R0402_100R   GENERIC      SMD          ?           
100,1%                                                              _1%_0.063W                Resistor                 
                                                                    _200PPM                                            
RSMD0402_1/16W-   R5,R6                     2         ?         ?   R0402_150R   GENERIC      SMD          ?           
150,1%                                                              _1%_0.063W                Resistor                 
                                                                    _200PPM                                            
RSMD0402_1/16W-   R10,R17,R19-R21,R44       6         ?         ?   R0402_1K_1   GENERIC      SMD          ?           
1K,1%                                                               %_0.063W_1                Resistor                 
                                                                    00PPM                                              
RSMD0402_1/16W-   R1                        1         ?         ?   R0402_200K   GENERIC      SMD          ?           
200K,1%                                                             _1%_0.063W                Resistor                 
                                                                    _200PPM                                            
RSMD0402_1/16W-   R2-R4,R32,R33,R36,        8         ?         ?   R0402_2K_1   GENERIC      SMD          ?           
2K,1%             R38,R57                                           %_0.063W_1                Resistor                 
                                                                    00PPM                                              
RSMD0402_1/16W-   R35,R37                   2         ?         ?   R0402_3K0_   GENERIC      SMD          ?           
3.0K,1%                                                             1%_0.063W_                Resistor                 
                                                                    200PPM                                             
RSMD0402_1/16W-   R26                       1         ?         ?   R0402_33R_   GENERIC      SMD          ?           
33,1%                                                               1%_0.063W_                Resistor                 
                                                                    200PPM                                             
RSMD0402_1/16W-   R13-R16,R22-R25,R28,     23         ?         ?   R0402_4K7_   GENERIC      SMD          ?           
4.7K,1%           R29,R39-R43,R103,                                 1%_0.063W_                Resistor                 
                  R138,R140,R142,R143,                              200PPM                                             
                  R242,R411,R1328                                                                                      
RSMD0402_1/16W-   R27,R30,R31,R45,R46,      7         ?         ?   R0402_51R_   GENERIC      SMD          ?           
51,1%             R62,R63                                           1%_0.063W_                Resistor                 
                                                                    200PPM                                             
RSMD0402_1/16W-   R50,R51,R56               3         ?         ?   R0402_750R   GENERIC      SMD          ?           
750,1%                                                              _1%_0.063W                Resistor                 
                                                                    _200PPM                                            
RSMD0603_-00,     R12,R34,R52-R55           6         ?         ?   R0603_00_J   GENERIC      0603 Size    ?           
                                                                    UMPER                     SMD Jumper               
RSMD0603_1/10W-   R47-R49                   3         ?         ?   R0603_33R_   GENERIC      SMD          ?           
33,1%                                                               1%_0.1W_10                Resistor                 
                                                                    0PPM                                               
SFP_CAGE-SP-747   SFP1                      1         ?         ?   74737-004    MOLEX        SFP One      ?           
37-004                                                                                        Piece                    
                                                                                              Cage                     
                                                                                              Press Fit                
                                                                                              Legs                     
                                                                                              Belly-to-B               
                                                                                              elly                     
                                                                                              Assembly                 
SI5394A/B-A-GM    IC4                       1         ?         ?   Si5394A/B-   SILICON      350MHz       ?           
                                                                    A-GM         LABS         (Integer+F               
                                                                                              ractional)               
                                                                                              ,                        
                                                                                              10-Channel               
                                                                                              ,                        
                                                                                              Any-Freque               
                                                                                              ncy,                     
                                                                                              Any-Output               
                                                                                               Jitter                  
                                                                                              Attenuator               
                                                                                              /Clock                   
                                                                                              Multiplier               
SN74AVC1T45DCKR   IC14,IC16                 2         ?         ?   SN74AVC1T4   TEXAS        ingle-Bit    ?           
                                                                    5DCKR        INSTRUMENT   Dual-Suppl               
                                                                                 S            y Bus                    
                                                                                              Transceive               
                                                                                              r with                   
                                                                                              Configurab               
                                                                                              le                       
                                                                                              Voltage                  
                                                                                              Translatio               
                                                                                              n and                    
                                                                                              3-State                  
                                                                                              Outputs                  
SN74AVC4T245PW    IC10                      1         ?         ?   SN74AVC4T2   TEXAS        4-Bit        ?           
                                                                    45PW         INSTRUMENT   Dual-Suppl               
                                                                                 S            y Bus                    
                                                                                              Transceive               
                                                                                              r with                   
                                                                                              Configurab               
                                                                                              le                       
                                                                                              Voltage                  
                                                                                              Translatio               
                                                                                              n and                    
                                                                                              3-State                  
                                                                                              Outputs                  
SN74LVC2GU04DCK   IC18                      1         ?         ?   SN74LVC2GU   TEXAS        Dual         ?           
                                                                    04DCK        INSTRUMENT   Inverter                 
                                                                                 S            Gate                     
SY58608UMG        IC13,IC17                 2         ?         ?   SY58608UMG   MICREL       3.2Gbps      ?           
                                                                                              Precision,               
                                                                                               1:2 LVDS                
                                                                                              Fanout                   
                                                                                              Buffer                   
                                                                                              with                     
                                                                                              Internal                 
                                                                                              Terminatio               
                                                                                              n and                    
                                                                                              Fail Safe                
                                                                                              Input                    
TPS799185DDCTG4   REG1                      1         ?         ?   TPS799185D   TEXAS        200mA,       ?           
                                                                    DCTG4        INSTRUMENT   Low                      
                                                                                 S            Quiescent                
                                                                                              Current,                 
                                                                                              Ultra-Low                
                                                                                              Noise,                   
                                                                                              High PSRR                
                                                                                              Low                      
                                                                                              Dropout                  
                                                                                              Linear                   
                                                                                              Regulator                
TP_HOLE-0.8MM     TP9-TP11                  3         ?         ?   TP_HOLE_0.   ?            Stand-Alon   NO          
                                                                    8mm                       e 0.8mm                  
                                                                                              Hole for                 
                                                                                              Test Probe               
TOTAL                                     200               0.000                                                      
===============   ====================   ====   =======   =======   ==========   ==========   ==========   ==========  
